[2025-12-16T09:37:53.775+0000] {local_task_job_runner.py:120} INFO - ::group::Pre task execution logs
[2025-12-16T09:37:53.814+0000] {taskinstance.py:2076} INFO - Dependencies all met for dep_context=non-requeueable deps ti=<TaskInstance: higiene_urbana_lisboa_etl.gold_analytics manual__2025-12-16T09:37:22.190296+00:00 [queued]>
[2025-12-16T09:37:53.825+0000] {taskinstance.py:2076} INFO - Dependencies all met for dep_context=requeueable deps ti=<TaskInstance: higiene_urbana_lisboa_etl.gold_analytics manual__2025-12-16T09:37:22.190296+00:00 [queued]>
[2025-12-16T09:37:53.825+0000] {taskinstance.py:2306} INFO - Starting attempt 1 of 2
[2025-12-16T09:37:53.839+0000] {taskinstance.py:2330} INFO - Executing <Task(BashOperator): gold_analytics> on 2025-12-16 09:37:22.190296+00:00
[2025-12-16T09:37:53.849+0000] {logging_mixin.py:188} WARNING - /home/***/.local/lib/python3.12/site-packages/***/task/task_runner/standard_task_runner.py:61 DeprecationWarning: This process (pid=612) is multi-threaded, use of fork() may lead to deadlocks in the child.
[2025-12-16T09:37:53.850+0000] {standard_task_runner.py:63} INFO - Started process 613 to run task
[2025-12-16T09:37:53.849+0000] {standard_task_runner.py:90} INFO - Running: ['***', 'tasks', 'run', 'higiene_urbana_lisboa_etl', 'gold_analytics', 'manual__2025-12-16T09:37:22.190296+00:00', '--job-id', '118', '--raw', '--subdir', 'DAGS_FOLDER/dag_higiene_lisboa.py', '--cfg-path', '/tmp/tmp7z8izjlb']
[2025-12-16T09:37:53.851+0000] {standard_task_runner.py:91} INFO - Job 118: Subtask gold_analytics
[2025-12-16T09:37:53.870+0000] {logging_mixin.py:188} WARNING - /home/***/.local/lib/python3.12/site-packages/***/settings.py:195 DeprecationWarning: The sql_alchemy_conn option in [core] has been moved to the sql_alchemy_conn option in [database] - the old setting has been used, but please update your config.
[2025-12-16T09:37:53.913+0000] {task_command.py:426} INFO - Running <TaskInstance: higiene_urbana_lisboa_etl.gold_analytics manual__2025-12-16T09:37:22.190296+00:00 [running]> on host 8216b447db0d
[2025-12-16T09:37:54.020+0000] {taskinstance.py:2648} INFO - Exporting env vars: AIRFLOW_CTX_DAG_OWNER='grupo10' AIRFLOW_CTX_DAG_ID='higiene_urbana_lisboa_etl' AIRFLOW_CTX_TASK_ID='gold_analytics' AIRFLOW_CTX_EXECUTION_DATE='2025-12-16T09:37:22.190296+00:00' AIRFLOW_CTX_TRY_NUMBER='1' AIRFLOW_CTX_DAG_RUN_ID='manual__2025-12-16T09:37:22.190296+00:00'
[2025-12-16T09:37:54.021+0000] {taskinstance.py:430} INFO - ::endgroup::
[2025-12-16T09:37:54.036+0000] {subprocess.py:63} INFO - Tmp dir root location: /tmp
[2025-12-16T09:37:54.036+0000] {subprocess.py:75} INFO - Running command: ['/usr/bin/bash', '-c', 'python etl_gold.py']
[2025-12-16T09:37:54.054+0000] {subprocess.py:86} INFO - Output:
[2025-12-16T09:37:55.649+0000] {subprocess.py:93} INFO - --- INICIANDO PROCESSAMENTO CAMADA OURO (DUCKDB) ---
[2025-12-16T09:37:55.650+0000] {subprocess.py:93} INFO - Gerando: Dimensão Calendário...
[2025-12-16T09:37:55.650+0000] {subprocess.py:93} INFO - Agregando: Infraestrutura CML por Freguesia...
[2025-12-16T09:37:55.650+0000] {subprocess.py:93} INFO - Agregando: Ocorrências Diárias...
[2025-12-16T09:37:55.650+0000] {subprocess.py:93} INFO - Agregando: Meteorologia Diária...
[2025-12-16T09:37:55.651+0000] {subprocess.py:93} INFO - Construindo: gold_fact_analise_diaria (O Tabelão Final)...
[2025-12-16T09:37:55.651+0000] {subprocess.py:93} INFO -  -> Tabela 'gold_fact_analise_diaria' criada com sucesso!
[2025-12-16T09:37:55.651+0000] {subprocess.py:93} INFO -  -> Arquivo final exportado para: ../../dados/ouro/tabela_analitica_final.parquet
[2025-12-16T09:37:55.651+0000] {subprocess.py:93} INFO - 
[2025-12-16T09:37:55.651+0000] {subprocess.py:93} INFO - --- AMOSTRA DOS DADOS (TOP 5) ---
[2025-12-16T09:37:55.652+0000] {subprocess.py:93} INFO -   data_referencia  freguesia  num_ecopontos  total_queixas_diarias
[2025-12-16T09:37:55.652+0000] {subprocess.py:93} INFO - 0      2025-06-30      Ajuda              3                     12
[2025-12-16T09:37:55.652+0000] {subprocess.py:93} INFO - 1      2025-06-30  Alcântara              5                     21
[2025-12-16T09:37:55.652+0000] {subprocess.py:93} INFO - 2      2025-06-30   Alvalade              0                     41
[2025-12-16T09:37:55.652+0000] {subprocess.py:93} INFO - 3      2025-06-30    Areeiro              1                     22
[2025-12-16T09:37:55.653+0000] {subprocess.py:93} INFO - 4      2025-06-30    Arroios              7                     51
[2025-12-16T09:37:55.653+0000] {subprocess.py:93} INFO - 
[2025-12-16T09:37:55.653+0000] {subprocess.py:93} INFO - Processamento Gold concluído!
[2025-12-16T09:37:55.761+0000] {subprocess.py:97} INFO - Command exited with return code 0
[2025-12-16T09:37:55.761+0000] {taskinstance.py:441} INFO - ::group::Post task execution logs
[2025-12-16T09:37:55.792+0000] {taskinstance.py:1206} INFO - Marking task as SUCCESS. dag_id=higiene_urbana_lisboa_etl, task_id=gold_analytics, run_id=manual__2025-12-16T09:37:22.190296+00:00, execution_date=20251216T093722, start_date=20251216T093753, end_date=20251216T093755
[2025-12-16T09:37:55.832+0000] {local_task_job_runner.py:240} INFO - Task exited with return code 0
[2025-12-16T09:37:55.850+0000] {taskinstance.py:3498} INFO - 0 downstream tasks scheduled from follow-on schedule check
[2025-12-16T09:37:55.851+0000] {local_task_job_runner.py:222} INFO - ::endgroup::
