[2025-12-14T00:10:06.314+0000] {local_task_job_runner.py:120} INFO - ::group::Pre task execution logs
[2025-12-14T00:10:06.381+0000] {taskinstance.py:2076} INFO - Dependencies all met for dep_context=non-requeueable deps ti=<TaskInstance: higiene_urbana_lisboa_etl.bronze_meteo manual__2025-12-14T00:10:05.283285+00:00 [queued]>
[2025-12-14T00:10:06.399+0000] {taskinstance.py:2076} INFO - Dependencies all met for dep_context=requeueable deps ti=<TaskInstance: higiene_urbana_lisboa_etl.bronze_meteo manual__2025-12-14T00:10:05.283285+00:00 [queued]>
[2025-12-14T00:10:06.400+0000] {taskinstance.py:2306} INFO - Starting attempt 1 of 2
[2025-12-14T00:10:06.426+0000] {taskinstance.py:2330} INFO - Executing <Task(BashOperator): bronze_meteo> on 2025-12-14 00:10:05.283285+00:00
[2025-12-14T00:10:06.458+0000] {logging_mixin.py:188} WARNING - /home/***/.local/lib/python3.12/site-packages/***/task/task_runner/standard_task_runner.py:61 DeprecationWarning: This process (pid=234) is multi-threaded, use of fork() may lead to deadlocks in the child.
[2025-12-14T00:10:06.462+0000] {standard_task_runner.py:63} INFO - Started process 248 to run task
[2025-12-14T00:10:06.461+0000] {standard_task_runner.py:90} INFO - Running: ['***', 'tasks', 'run', 'higiene_urbana_lisboa_etl', 'bronze_meteo', 'manual__2025-12-14T00:10:05.283285+00:00', '--job-id', '3', '--raw', '--subdir', 'DAGS_FOLDER/dag_higiene_lisboa.py', '--cfg-path', '/tmp/tmpha3zx4j1']
[2025-12-14T00:10:06.466+0000] {standard_task_runner.py:91} INFO - Job 3: Subtask bronze_meteo
[2025-12-14T00:10:06.517+0000] {logging_mixin.py:188} WARNING - /home/***/.local/lib/python3.12/site-packages/***/settings.py:195 DeprecationWarning: The sql_alchemy_conn option in [core] has been moved to the sql_alchemy_conn option in [database] - the old setting has been used, but please update your config.
[2025-12-14T00:10:08.025+0000] {task_command.py:426} INFO - Running <TaskInstance: higiene_urbana_lisboa_etl.bronze_meteo manual__2025-12-14T00:10:05.283285+00:00 [running]> on host 0c779bd56b36
[2025-12-14T00:10:08.232+0000] {taskinstance.py:2648} INFO - Exporting env vars: AIRFLOW_CTX_DAG_OWNER='grupo10' AIRFLOW_CTX_DAG_ID='higiene_urbana_lisboa_etl' AIRFLOW_CTX_TASK_ID='bronze_meteo' AIRFLOW_CTX_EXECUTION_DATE='2025-12-14T00:10:05.283285+00:00' AIRFLOW_CTX_TRY_NUMBER='1' AIRFLOW_CTX_DAG_RUN_ID='manual__2025-12-14T00:10:05.283285+00:00'
[2025-12-14T00:10:08.233+0000] {taskinstance.py:430} INFO - ::endgroup::
[2025-12-14T00:10:11.088+0000] {subprocess.py:63} INFO - Tmp dir root location: /tmp
[2025-12-14T00:10:11.089+0000] {subprocess.py:75} INFO - Running command: ['/usr/bin/bash', '-c', 'python open_meteo_clima.py']
[2025-12-14T00:10:17.997+0000] {subprocess.py:86} INFO - Output:
[2025-12-14T00:11:24.420+0000] {subprocess.py:93} INFO - Iniciando extração para 16 concelhos via Nominatim...
[2025-12-14T00:11:24.430+0000] {subprocess.py:93} INFO - 
[2025-12-14T00:11:24.431+0000] {subprocess.py:93} INFO - Localizando: ALENQUER...
[2025-12-14T00:11:24.432+0000] {subprocess.py:93} INFO -    -> Encontrado: 39.0566, -9.0076
[2025-12-14T00:11:24.432+0000] {subprocess.py:93} INFO -    -> 25872 registos meteorológicos baixados.
[2025-12-14T00:11:24.432+0000] {subprocess.py:93} INFO - 
[2025-12-14T00:11:24.433+0000] {subprocess.py:93} INFO - Localizando: AMADORA...
[2025-12-14T00:11:24.433+0000] {subprocess.py:93} INFO -    -> Encontrado: 38.7590, -9.2365
[2025-12-14T00:11:24.433+0000] {subprocess.py:93} INFO -    -> 25872 registos meteorológicos baixados.
[2025-12-14T00:11:24.434+0000] {subprocess.py:93} INFO - 
[2025-12-14T00:11:24.434+0000] {subprocess.py:93} INFO - Localizando: ARRUDA DOS VINHOS...
[2025-12-14T00:11:24.434+0000] {subprocess.py:93} INFO -    -> Encontrado: 38.9830, -9.0776
[2025-12-14T00:11:24.434+0000] {subprocess.py:93} INFO -    -> 25872 registos meteorológicos baixados.
[2025-12-14T00:11:24.434+0000] {subprocess.py:93} INFO - 
[2025-12-14T00:11:24.434+0000] {subprocess.py:93} INFO - Localizando: AZAMBUJA...
[2025-12-14T00:11:24.435+0000] {subprocess.py:93} INFO -    -> Encontrado: 39.0690, -8.8685
[2025-12-14T00:11:24.435+0000] {subprocess.py:93} INFO -    -> 25872 registos meteorológicos baixados.
[2025-12-14T00:11:24.435+0000] {subprocess.py:93} INFO - 
[2025-12-14T00:11:24.435+0000] {subprocess.py:93} INFO - Localizando: CADAVAL...
[2025-12-14T00:11:24.435+0000] {subprocess.py:93} INFO -    -> Encontrado: 39.2429, -9.1027
[2025-12-14T00:11:24.435+0000] {subprocess.py:93} INFO -    -> 25872 registos meteorológicos baixados.
[2025-12-14T00:11:24.435+0000] {subprocess.py:93} INFO - 
[2025-12-14T00:11:24.436+0000] {subprocess.py:93} INFO - Localizando: CASCAIS...
[2025-12-14T00:11:24.436+0000] {subprocess.py:93} INFO -    -> Encontrado: 38.6969, -9.4204
[2025-12-14T00:11:24.436+0000] {subprocess.py:93} INFO -    -> 25872 registos meteorológicos baixados.
[2025-12-14T00:11:24.436+0000] {subprocess.py:93} INFO - 
[2025-12-14T00:11:24.436+0000] {subprocess.py:93} INFO - Localizando: LISBOA...
[2025-12-14T00:11:24.436+0000] {subprocess.py:93} INFO -    -> Encontrado: 38.7078, -9.1366
[2025-12-14T00:11:24.437+0000] {subprocess.py:93} INFO -    -> 25872 registos meteorológicos baixados.
[2025-12-14T00:11:24.437+0000] {subprocess.py:93} INFO - 
[2025-12-14T00:11:24.437+0000] {subprocess.py:93} INFO - Localizando: LOURES...
[2025-12-14T00:11:24.437+0000] {subprocess.py:93} INFO -    -> Encontrado: 38.8309, -9.1685
[2025-12-14T00:11:24.437+0000] {subprocess.py:93} INFO -    -> 25872 registos meteorológicos baixados.
[2025-12-14T00:11:24.437+0000] {subprocess.py:93} INFO - 
[2025-12-14T00:11:24.437+0000] {subprocess.py:93} INFO - Localizando: LOURINHÃ...
[2025-12-14T00:11:24.438+0000] {subprocess.py:93} INFO -    -> Encontrado: 39.2434, -9.3119
[2025-12-14T00:11:24.438+0000] {subprocess.py:93} INFO -    -> 25872 registos meteorológicos baixados.
[2025-12-14T00:11:24.438+0000] {subprocess.py:93} INFO - 
[2025-12-14T00:11:24.438+0000] {subprocess.py:93} INFO - Localizando: MAFRA...
[2025-12-14T00:11:24.438+0000] {subprocess.py:93} INFO -    -> Encontrado: 38.9370, -9.3282
[2025-12-14T00:11:24.438+0000] {subprocess.py:93} INFO -    -> 25872 registos meteorológicos baixados.
[2025-12-14T00:11:24.439+0000] {subprocess.py:93} INFO - 
[2025-12-14T00:11:24.439+0000] {subprocess.py:93} INFO - Localizando: ODIVELAS...
[2025-12-14T00:11:24.439+0000] {subprocess.py:93} INFO -    -> Encontrado: 38.7904, -9.1793
[2025-12-14T00:11:24.439+0000] {subprocess.py:93} INFO - Erro ao baixar meteo para ODIVELAS: 429 Client Error: Too Many Requests for url: https://archive-api.open-meteo.com/v1/archive?latitude=38.7904338&longitude=-9.1792617&start_date=2023-01-01&end_date=2025-12-13&hourly=temperature_2m%2Crelative_humidity_2m%2Crain%2Cwind_speed_10m&timezone=Europe%2FLisbon
[2025-12-14T00:11:24.439+0000] {subprocess.py:93} INFO - 
[2025-12-14T00:11:24.439+0000] {subprocess.py:93} INFO - Localizando: OEIRAS...
[2025-12-14T00:11:24.439+0000] {subprocess.py:93} INFO -    -> Encontrado: 38.6926, -9.3123
[2025-12-14T00:11:24.440+0000] {subprocess.py:93} INFO - Erro ao baixar meteo para OEIRAS: 429 Client Error: Too Many Requests for url: https://archive-api.open-meteo.com/v1/archive?latitude=38.6925777&longitude=-9.3123076&start_date=2023-01-01&end_date=2025-12-13&hourly=temperature_2m%2Crelative_humidity_2m%2Crain%2Cwind_speed_10m&timezone=Europe%2FLisbon
[2025-12-14T00:11:24.440+0000] {subprocess.py:93} INFO - 
[2025-12-14T00:11:24.440+0000] {subprocess.py:93} INFO - Localizando: SINTRA...
[2025-12-14T00:11:24.440+0000] {subprocess.py:93} INFO -    -> Encontrado: 38.8355, -9.3522
[2025-12-14T00:11:24.440+0000] {subprocess.py:93} INFO -    -> 25872 registos meteorológicos baixados.
[2025-12-14T00:11:24.440+0000] {subprocess.py:93} INFO - 
[2025-12-14T00:11:24.440+0000] {subprocess.py:93} INFO - Localizando: SOBRAL DE MONTE AGRAÇO...
[2025-12-14T00:11:24.441+0000] {subprocess.py:93} INFO -    -> Encontrado: 39.0183, -9.1517
[2025-12-14T00:11:24.441+0000] {subprocess.py:93} INFO -    -> 25872 registos meteorológicos baixados.
[2025-12-14T00:11:24.441+0000] {subprocess.py:93} INFO - 
[2025-12-14T00:11:24.441+0000] {subprocess.py:93} INFO - Localizando: TORRES VEDRAS...
[2025-12-14T00:11:24.441+0000] {subprocess.py:93} INFO -    -> Encontrado: 39.0931, -9.2607
[2025-12-14T00:11:24.442+0000] {subprocess.py:93} INFO -    -> 25872 registos meteorológicos baixados.
[2025-12-14T00:11:24.442+0000] {subprocess.py:93} INFO - 
[2025-12-14T00:11:24.442+0000] {subprocess.py:93} INFO - Localizando: VILA FRANCA DE XIRA...
[2025-12-14T00:11:24.442+0000] {subprocess.py:93} INFO -    -> Encontrado: 38.9121, -8.9889
[2025-12-14T00:11:24.442+0000] {subprocess.py:93} INFO -    -> 25872 registos meteorológicos baixados.
[2025-12-14T00:11:24.442+0000] {subprocess.py:93} INFO - 
[2025-12-14T00:11:24.442+0000] {subprocess.py:93} INFO - ==================================================
[2025-12-14T00:11:24.443+0000] {subprocess.py:93} INFO - SUCESSO TOTAL! Arquivo salvo em: ../../dados/bronze/open_meteo_distrito_lisboa.csv
[2025-12-14T00:11:24.443+0000] {subprocess.py:93} INFO - Total de linhas: 362208
[2025-12-14T00:11:24.627+0000] {subprocess.py:97} INFO - Command exited with return code 0
[2025-12-14T00:11:24.627+0000] {taskinstance.py:441} INFO - ::group::Post task execution logs
[2025-12-14T00:11:24.667+0000] {taskinstance.py:1206} INFO - Marking task as SUCCESS. dag_id=higiene_urbana_lisboa_etl, task_id=bronze_meteo, run_id=manual__2025-12-14T00:10:05.283285+00:00, execution_date=20251214T001005, start_date=20251214T001006, end_date=20251214T001124
[2025-12-14T00:11:24.723+0000] {local_task_job_runner.py:240} INFO - Task exited with return code 0
[2025-12-14T00:11:24.757+0000] {taskinstance.py:3498} INFO - 0 downstream tasks scheduled from follow-on schedule check
[2025-12-14T00:11:24.759+0000] {local_task_job_runner.py:222} INFO - ::endgroup::
