[2025-12-16T10:06:58.302+0000] {local_task_job_runner.py:120} INFO - ::group::Pre task execution logs
[2025-12-16T10:06:58.370+0000] {taskinstance.py:2076} INFO - Dependencies all met for dep_context=non-requeueable deps ti=<TaskInstance: higiene_urbana_lisboa_etl.bronze_cml_ecopontos manual__2025-12-16T10:06:56.903217+00:00 [queued]>
[2025-12-16T10:06:58.384+0000] {taskinstance.py:2076} INFO - Dependencies all met for dep_context=requeueable deps ti=<TaskInstance: higiene_urbana_lisboa_etl.bronze_cml_ecopontos manual__2025-12-16T10:06:56.903217+00:00 [queued]>
[2025-12-16T10:06:58.385+0000] {taskinstance.py:2306} INFO - Starting attempt 1 of 2
[2025-12-16T10:06:58.403+0000] {taskinstance.py:2330} INFO - Executing <Task(BashOperator): bronze_cml_ecopontos> on 2025-12-16 10:06:56.903217+00:00
[2025-12-16T10:06:58.427+0000] {logging_mixin.py:188} WARNING - /home/***/.local/lib/python3.12/site-packages/***/task/task_runner/standard_task_runner.py:61 DeprecationWarning: This process (pid=1184) is multi-threaded, use of fork() may lead to deadlocks in the child.
[2025-12-16T10:06:58.428+0000] {standard_task_runner.py:63} INFO - Started process 1189 to run task
[2025-12-16T10:06:58.423+0000] {standard_task_runner.py:90} INFO - Running: ['***', 'tasks', 'run', 'higiene_urbana_lisboa_etl', 'bronze_cml_ecopontos', 'manual__2025-12-16T10:06:56.903217+00:00', '--job-id', '128', '--raw', '--subdir', 'DAGS_FOLDER/dag_higiene_lisboa.py', '--cfg-path', '/tmp/tmpptxyzwzz']
[2025-12-16T10:06:58.429+0000] {standard_task_runner.py:91} INFO - Job 128: Subtask bronze_cml_ecopontos
[2025-12-16T10:06:58.489+0000] {logging_mixin.py:188} WARNING - /home/***/.local/lib/python3.12/site-packages/***/settings.py:195 DeprecationWarning: The sql_alchemy_conn option in [core] has been moved to the sql_alchemy_conn option in [database] - the old setting has been used, but please update your config.
[2025-12-16T10:06:58.535+0000] {task_command.py:426} INFO - Running <TaskInstance: higiene_urbana_lisboa_etl.bronze_cml_ecopontos manual__2025-12-16T10:06:56.903217+00:00 [running]> on host 8216b447db0d
[2025-12-16T10:06:58.646+0000] {taskinstance.py:2648} INFO - Exporting env vars: AIRFLOW_CTX_DAG_OWNER='grupo10' AIRFLOW_CTX_DAG_ID='higiene_urbana_lisboa_etl' AIRFLOW_CTX_TASK_ID='bronze_cml_ecopontos' AIRFLOW_CTX_EXECUTION_DATE='2025-12-16T10:06:56.903217+00:00' AIRFLOW_CTX_TRY_NUMBER='1' AIRFLOW_CTX_DAG_RUN_ID='manual__2025-12-16T10:06:56.903217+00:00'
[2025-12-16T10:06:58.647+0000] {taskinstance.py:430} INFO - ::endgroup::
[2025-12-16T10:06:58.667+0000] {subprocess.py:63} INFO - Tmp dir root location: /tmp
[2025-12-16T10:06:58.667+0000] {subprocess.py:75} INFO - Running command: ['/usr/bin/bash', '-c', 'python camara_municipal_lisboa.py']
[2025-12-16T10:06:58.685+0000] {subprocess.py:86} INFO - Output:
[2025-12-16T10:07:59.886+0000] {subprocess.py:93} INFO - Conectando a: https://services.arcgis.com/1dSrzEWVQn5kHHyK/arcgis/rest/services/Amb_Reciclagem/FeatureServer/2/query ...
[2025-12-16T10:07:59.887+0000] {subprocess.py:93} INFO - Baixando lote: registros 0 a 116...
[2025-12-16T10:07:59.887+0000] {subprocess.py:93} INFO - 
[2025-12-16T10:07:59.888+0000] {subprocess.py:93} INFO - SUCESSO: 116 registros carregados.
[2025-12-16T10:07:59.888+0000] {subprocess.py:93} INFO - Resgatando os dados dos ECOPONTOS
[2025-12-16T10:07:59.888+0000] {subprocess.py:93} INFO - Salvando no MinIO (s3://bronze/ecopontos_cml.csv)...
[2025-12-16T10:07:59.888+0000] {subprocess.py:93} INFO - Upload concluído com sucesso!
[2025-12-16T10:07:59.889+0000] {subprocess.py:93} INFO - Conectando a: https://services.arcgis.com/1dSrzEWVQn5kHHyK/arcgis/rest/services/CircuitosContentores/FeatureServer/0/query ...
[2025-12-16T10:07:59.889+0000] {subprocess.py:93} INFO - Baixando lote: registros 0 a 1000...
[2025-12-16T10:07:59.889+0000] {subprocess.py:93} INFO - Conectando a: https://services.arcgis.com/1dSrzEWVQn5kHHyK/arcgis/rest/services/CircuitosContentores/FeatureServer/0/query ...
[2025-12-16T10:07:59.889+0000] {subprocess.py:93} INFO - Baixando lote: registros 1000 a 2000...
[2025-12-16T10:07:59.889+0000] {subprocess.py:93} INFO - Conectando a: https://services.arcgis.com/1dSrzEWVQn5kHHyK/arcgis/rest/services/CircuitosContentores/FeatureServer/0/query ...
[2025-12-16T10:07:59.889+0000] {subprocess.py:93} INFO - Baixando lote: registros 2000 a 3000...
[2025-12-16T10:07:59.890+0000] {subprocess.py:93} INFO - Conectando a: https://services.arcgis.com/1dSrzEWVQn5kHHyK/arcgis/rest/services/CircuitosContentores/FeatureServer/0/query ...
[2025-12-16T10:07:59.890+0000] {subprocess.py:93} INFO - Baixando lote: registros 3000 a 4000...
[2025-12-16T10:07:59.890+0000] {subprocess.py:93} INFO - Conectando a: https://services.arcgis.com/1dSrzEWVQn5kHHyK/arcgis/rest/services/CircuitosContentores/FeatureServer/0/query ...
[2025-12-16T10:07:59.890+0000] {subprocess.py:93} INFO - Baixando lote: registros 4000 a 5000...
[2025-12-16T10:07:59.890+0000] {subprocess.py:93} INFO - Conectando a: https://services.arcgis.com/1dSrzEWVQn5kHHyK/arcgis/rest/services/CircuitosContentores/FeatureServer/0/query ...
[2025-12-16T10:07:59.890+0000] {subprocess.py:93} INFO - Baixando lote: registros 5000 a 6000...
[2025-12-16T10:07:59.890+0000] {subprocess.py:93} INFO - Conectando a: https://services.arcgis.com/1dSrzEWVQn5kHHyK/arcgis/rest/services/CircuitosContentores/FeatureServer/0/query ...
[2025-12-16T10:07:59.891+0000] {subprocess.py:93} INFO - Baixando lote: registros 6000 a 7000...
[2025-12-16T10:07:59.891+0000] {subprocess.py:93} INFO - Conectando a: https://services.arcgis.com/1dSrzEWVQn5kHHyK/arcgis/rest/services/CircuitosContentores/FeatureServer/0/query ...
[2025-12-16T10:07:59.891+0000] {subprocess.py:93} INFO - Baixando lote: registros 7000 a 8000...
[2025-12-16T10:07:59.891+0000] {subprocess.py:93} INFO - Conectando a: https://services.arcgis.com/1dSrzEWVQn5kHHyK/arcgis/rest/services/CircuitosContentores/FeatureServer/0/query ...
[2025-12-16T10:07:59.891+0000] {subprocess.py:93} INFO - Baixando lote: registros 8000 a 9000...
[2025-12-16T10:07:59.891+0000] {subprocess.py:93} INFO - Conectando a: https://services.arcgis.com/1dSrzEWVQn5kHHyK/arcgis/rest/services/CircuitosContentores/FeatureServer/0/query ...
[2025-12-16T10:07:59.892+0000] {subprocess.py:93} INFO - Baixando lote: registros 9000 a 10000...
[2025-12-16T10:07:59.892+0000] {subprocess.py:93} INFO - Conectando a: https://services.arcgis.com/1dSrzEWVQn5kHHyK/arcgis/rest/services/CircuitosContentores/FeatureServer/0/query ...
[2025-12-16T10:07:59.892+0000] {subprocess.py:93} INFO - Baixando lote: registros 10000 a 11000...
[2025-12-16T10:07:59.892+0000] {subprocess.py:93} INFO - Conectando a: https://services.arcgis.com/1dSrzEWVQn5kHHyK/arcgis/rest/services/CircuitosContentores/FeatureServer/0/query ...
[2025-12-16T10:07:59.892+0000] {subprocess.py:93} INFO - Baixando lote: registros 11000 a 12000...
[2025-12-16T10:07:59.892+0000] {subprocess.py:93} INFO - Conectando a: https://services.arcgis.com/1dSrzEWVQn5kHHyK/arcgis/rest/services/CircuitosContentores/FeatureServer/0/query ...
[2025-12-16T10:07:59.893+0000] {subprocess.py:93} INFO - Baixando lote: registros 12000 a 13000...
[2025-12-16T10:07:59.893+0000] {subprocess.py:93} INFO - Conectando a: https://services.arcgis.com/1dSrzEWVQn5kHHyK/arcgis/rest/services/CircuitosContentores/FeatureServer/0/query ...
[2025-12-16T10:07:59.893+0000] {subprocess.py:93} INFO - Baixando lote: registros 13000 a 14000...
[2025-12-16T10:07:59.893+0000] {subprocess.py:93} INFO - Conectando a: https://services.arcgis.com/1dSrzEWVQn5kHHyK/arcgis/rest/services/CircuitosContentores/FeatureServer/0/query ...
[2025-12-16T10:07:59.893+0000] {subprocess.py:93} INFO - Baixando lote: registros 14000 a 15000...
[2025-12-16T10:07:59.893+0000] {subprocess.py:93} INFO - Conectando a: https://services.arcgis.com/1dSrzEWVQn5kHHyK/arcgis/rest/services/CircuitosContentores/FeatureServer/0/query ...
[2025-12-16T10:07:59.894+0000] {subprocess.py:93} INFO - Baixando lote: registros 15000 a 16000...
[2025-12-16T10:07:59.894+0000] {subprocess.py:93} INFO - Conectando a: https://services.arcgis.com/1dSrzEWVQn5kHHyK/arcgis/rest/services/CircuitosContentores/FeatureServer/0/query ...
[2025-12-16T10:07:59.894+0000] {subprocess.py:93} INFO - Baixando lote: registros 16000 a 17000...
[2025-12-16T10:07:59.894+0000] {subprocess.py:93} INFO - Conectando a: https://services.arcgis.com/1dSrzEWVQn5kHHyK/arcgis/rest/services/CircuitosContentores/FeatureServer/0/query ...
[2025-12-16T10:07:59.894+0000] {subprocess.py:93} INFO - Baixando lote: registros 17000 a 18000...
[2025-12-16T10:07:59.894+0000] {subprocess.py:93} INFO - Conectando a: https://services.arcgis.com/1dSrzEWVQn5kHHyK/arcgis/rest/services/CircuitosContentores/FeatureServer/0/query ...
[2025-12-16T10:07:59.894+0000] {subprocess.py:93} INFO - Baixando lote: registros 18000 a 19000...
[2025-12-16T10:07:59.895+0000] {subprocess.py:93} INFO - Conectando a: https://services.arcgis.com/1dSrzEWVQn5kHHyK/arcgis/rest/services/CircuitosContentores/FeatureServer/0/query ...
[2025-12-16T10:07:59.895+0000] {subprocess.py:93} INFO - Baixando lote: registros 19000 a 20000...
[2025-12-16T10:07:59.895+0000] {subprocess.py:93} INFO - Conectando a: https://services.arcgis.com/1dSrzEWVQn5kHHyK/arcgis/rest/services/CircuitosContentores/FeatureServer/0/query ...
[2025-12-16T10:07:59.895+0000] {subprocess.py:93} INFO - Baixando lote: registros 20000 a 21000...
[2025-12-16T10:07:59.895+0000] {subprocess.py:93} INFO - Conectando a: https://services.arcgis.com/1dSrzEWVQn5kHHyK/arcgis/rest/services/CircuitosContentores/FeatureServer/0/query ...
[2025-12-16T10:07:59.895+0000] {subprocess.py:93} INFO - Baixando lote: registros 21000 a 22000...
[2025-12-16T10:07:59.895+0000] {subprocess.py:93} INFO - Conectando a: https://services.arcgis.com/1dSrzEWVQn5kHHyK/arcgis/rest/services/CircuitosContentores/FeatureServer/0/query ...
[2025-12-16T10:07:59.896+0000] {subprocess.py:93} INFO - Baixando lote: registros 22000 a 23000...
[2025-12-16T10:07:59.896+0000] {subprocess.py:93} INFO - Conectando a: https://services.arcgis.com/1dSrzEWVQn5kHHyK/arcgis/rest/services/CircuitosContentores/FeatureServer/0/query ...
[2025-12-16T10:07:59.896+0000] {subprocess.py:93} INFO - Baixando lote: registros 23000 a 24000...
[2025-12-16T10:07:59.896+0000] {subprocess.py:93} INFO - Conectando a: https://services.arcgis.com/1dSrzEWVQn5kHHyK/arcgis/rest/services/CircuitosContentores/FeatureServer/0/query ...
[2025-12-16T10:07:59.896+0000] {subprocess.py:93} INFO - Baixando lote: registros 24000 a 25000...
[2025-12-16T10:07:59.896+0000] {subprocess.py:93} INFO - Conectando a: https://services.arcgis.com/1dSrzEWVQn5kHHyK/arcgis/rest/services/CircuitosContentores/FeatureServer/0/query ...
[2025-12-16T10:07:59.896+0000] {subprocess.py:93} INFO - Baixando lote: registros 25000 a 26000...
[2025-12-16T10:07:59.897+0000] {subprocess.py:93} INFO - Conectando a: https://services.arcgis.com/1dSrzEWVQn5kHHyK/arcgis/rest/services/CircuitosContentores/FeatureServer/0/query ...
[2025-12-16T10:07:59.897+0000] {subprocess.py:93} INFO - Baixando lote: registros 26000 a 27000...
[2025-12-16T10:07:59.897+0000] {subprocess.py:93} INFO - Conectando a: https://services.arcgis.com/1dSrzEWVQn5kHHyK/arcgis/rest/services/CircuitosContentores/FeatureServer/0/query ...
[2025-12-16T10:07:59.897+0000] {subprocess.py:93} INFO - Baixando lote: registros 27000 a 28000...
[2025-12-16T10:07:59.897+0000] {subprocess.py:93} INFO - Conectando a: https://services.arcgis.com/1dSrzEWVQn5kHHyK/arcgis/rest/services/CircuitosContentores/FeatureServer/0/query ...
[2025-12-16T10:07:59.897+0000] {subprocess.py:93} INFO - Baixando lote: registros 28000 a 29000...
[2025-12-16T10:07:59.897+0000] {subprocess.py:93} INFO - Conectando a: https://services.arcgis.com/1dSrzEWVQn5kHHyK/arcgis/rest/services/CircuitosContentores/FeatureServer/0/query ...
[2025-12-16T10:07:59.898+0000] {subprocess.py:93} INFO - Baixando lote: registros 29000 a 30000...
[2025-12-16T10:07:59.898+0000] {subprocess.py:93} INFO - Conectando a: https://services.arcgis.com/1dSrzEWVQn5kHHyK/arcgis/rest/services/CircuitosContentores/FeatureServer/0/query ...
[2025-12-16T10:07:59.898+0000] {subprocess.py:93} INFO - Baixando lote: registros 30000 a 31000...
[2025-12-16T10:07:59.898+0000] {subprocess.py:93} INFO - Conectando a: https://services.arcgis.com/1dSrzEWVQn5kHHyK/arcgis/rest/services/CircuitosContentores/FeatureServer/0/query ...
[2025-12-16T10:07:59.898+0000] {subprocess.py:93} INFO - Baixando lote: registros 31000 a 32000...
[2025-12-16T10:07:59.898+0000] {subprocess.py:93} INFO - Conectando a: https://services.arcgis.com/1dSrzEWVQn5kHHyK/arcgis/rest/services/CircuitosContentores/FeatureServer/0/query ...
[2025-12-16T10:07:59.899+0000] {subprocess.py:93} INFO - Baixando lote: registros 32000 a 33000...
[2025-12-16T10:07:59.899+0000] {subprocess.py:93} INFO - Conectando a: https://services.arcgis.com/1dSrzEWVQn5kHHyK/arcgis/rest/services/CircuitosContentores/FeatureServer/0/query ...
[2025-12-16T10:07:59.899+0000] {subprocess.py:93} INFO - Baixando lote: registros 33000 a 34000...
[2025-12-16T10:07:59.899+0000] {subprocess.py:93} INFO - Conectando a: https://services.arcgis.com/1dSrzEWVQn5kHHyK/arcgis/rest/services/CircuitosContentores/FeatureServer/0/query ...
[2025-12-16T10:07:59.899+0000] {subprocess.py:93} INFO - Baixando lote: registros 34000 a 35000...
[2025-12-16T10:07:59.899+0000] {subprocess.py:93} INFO - Conectando a: https://services.arcgis.com/1dSrzEWVQn5kHHyK/arcgis/rest/services/CircuitosContentores/FeatureServer/0/query ...
[2025-12-16T10:07:59.899+0000] {subprocess.py:93} INFO - Baixando lote: registros 35000 a 36000...
[2025-12-16T10:07:59.900+0000] {subprocess.py:93} INFO - Conectando a: https://services.arcgis.com/1dSrzEWVQn5kHHyK/arcgis/rest/services/CircuitosContentores/FeatureServer/0/query ...
[2025-12-16T10:07:59.900+0000] {subprocess.py:93} INFO - Baixando lote: registros 36000 a 37000...
[2025-12-16T10:07:59.900+0000] {subprocess.py:93} INFO - Conectando a: https://services.arcgis.com/1dSrzEWVQn5kHHyK/arcgis/rest/services/CircuitosContentores/FeatureServer/0/query ...
[2025-12-16T10:07:59.900+0000] {subprocess.py:93} INFO - Baixando lote: registros 37000 a 38000...
[2025-12-16T10:07:59.900+0000] {subprocess.py:93} INFO - Conectando a: https://services.arcgis.com/1dSrzEWVQn5kHHyK/arcgis/rest/services/CircuitosContentores/FeatureServer/0/query ...
[2025-12-16T10:07:59.900+0000] {subprocess.py:93} INFO - Baixando lote: registros 38000 a 39000...
[2025-12-16T10:07:59.900+0000] {subprocess.py:93} INFO - Conectando a: https://services.arcgis.com/1dSrzEWVQn5kHHyK/arcgis/rest/services/CircuitosContentores/FeatureServer/0/query ...
[2025-12-16T10:07:59.901+0000] {subprocess.py:93} INFO - Baixando lote: registros 39000 a 40000...
[2025-12-16T10:07:59.901+0000] {subprocess.py:93} INFO - Conectando a: https://services.arcgis.com/1dSrzEWVQn5kHHyK/arcgis/rest/services/CircuitosContentores/FeatureServer/0/query ...
[2025-12-16T10:07:59.901+0000] {subprocess.py:93} INFO - Baixando lote: registros 40000 a 41000...
[2025-12-16T10:07:59.901+0000] {subprocess.py:93} INFO - Conectando a: https://services.arcgis.com/1dSrzEWVQn5kHHyK/arcgis/rest/services/CircuitosContentores/FeatureServer/0/query ...
[2025-12-16T10:07:59.901+0000] {subprocess.py:93} INFO - Baixando lote: registros 41000 a 42000...
[2025-12-16T10:07:59.901+0000] {subprocess.py:93} INFO - Conectando a: https://services.arcgis.com/1dSrzEWVQn5kHHyK/arcgis/rest/services/CircuitosContentores/FeatureServer/0/query ...
[2025-12-16T10:07:59.901+0000] {subprocess.py:93} INFO - Baixando lote: registros 42000 a 43000...
[2025-12-16T10:07:59.901+0000] {subprocess.py:93} INFO - Conectando a: https://services.arcgis.com/1dSrzEWVQn5kHHyK/arcgis/rest/services/CircuitosContentores/FeatureServer/0/query ...
[2025-12-16T10:07:59.902+0000] {subprocess.py:93} INFO - Baixando lote: registros 43000 a 44000...
[2025-12-16T10:07:59.902+0000] {subprocess.py:93} INFO - Conectando a: https://services.arcgis.com/1dSrzEWVQn5kHHyK/arcgis/rest/services/CircuitosContentores/FeatureServer/0/query ...
[2025-12-16T10:07:59.902+0000] {subprocess.py:93} INFO - Baixando lote: registros 44000 a 45000...
[2025-12-16T10:07:59.902+0000] {subprocess.py:93} INFO - Conectando a: https://services.arcgis.com/1dSrzEWVQn5kHHyK/arcgis/rest/services/CircuitosContentores/FeatureServer/0/query ...
[2025-12-16T10:07:59.902+0000] {subprocess.py:93} INFO - Baixando lote: registros 45000 a 46000...
[2025-12-16T10:07:59.902+0000] {subprocess.py:93} INFO - Conectando a: https://services.arcgis.com/1dSrzEWVQn5kHHyK/arcgis/rest/services/CircuitosContentores/FeatureServer/0/query ...
[2025-12-16T10:08:24.720+0000] {subprocess.py:93} INFO - Baixando lote: registros 46000 a 47000...
[2025-12-16T10:08:24.721+0000] {subprocess.py:93} INFO - Conectando a: https://services.arcgis.com/1dSrzEWVQn5kHHyK/arcgis/rest/services/CircuitosContentores/FeatureServer/0/query ...
[2025-12-16T10:08:24.721+0000] {subprocess.py:93} INFO - Baixando lote: registros 47000 a 48000...
[2025-12-16T10:08:24.722+0000] {subprocess.py:93} INFO - Conectando a: https://services.arcgis.com/1dSrzEWVQn5kHHyK/arcgis/rest/services/CircuitosContentores/FeatureServer/0/query ...
[2025-12-16T10:08:24.722+0000] {subprocess.py:93} INFO - Baixando lote: registros 48000 a 49000...
[2025-12-16T10:08:24.722+0000] {subprocess.py:93} INFO - Conectando a: https://services.arcgis.com/1dSrzEWVQn5kHHyK/arcgis/rest/services/CircuitosContentores/FeatureServer/0/query ...
[2025-12-16T10:08:24.723+0000] {subprocess.py:93} INFO - Baixando lote: registros 49000 a 50000...
[2025-12-16T10:08:24.723+0000] {subprocess.py:93} INFO - Conectando a: https://services.arcgis.com/1dSrzEWVQn5kHHyK/arcgis/rest/services/CircuitosContentores/FeatureServer/0/query ...
[2025-12-16T10:08:24.723+0000] {subprocess.py:93} INFO - Baixando lote: registros 50000 a 51000...
[2025-12-16T10:08:24.723+0000] {subprocess.py:93} INFO - Conectando a: https://services.arcgis.com/1dSrzEWVQn5kHHyK/arcgis/rest/services/CircuitosContentores/FeatureServer/0/query ...
[2025-12-16T10:08:24.724+0000] {subprocess.py:93} INFO - Baixando lote: registros 51000 a 52000...
[2025-12-16T10:08:24.724+0000] {subprocess.py:93} INFO - Conectando a: https://services.arcgis.com/1dSrzEWVQn5kHHyK/arcgis/rest/services/CircuitosContentores/FeatureServer/0/query ...
[2025-12-16T10:08:24.724+0000] {subprocess.py:93} INFO - Baixando lote: registros 52000 a 53000...
[2025-12-16T10:08:24.724+0000] {subprocess.py:93} INFO - Conectando a: https://services.arcgis.com/1dSrzEWVQn5kHHyK/arcgis/rest/services/CircuitosContentores/FeatureServer/0/query ...
[2025-12-16T10:08:24.724+0000] {subprocess.py:93} INFO - Baixando lote: registros 53000 a 54000...
[2025-12-16T10:08:24.724+0000] {subprocess.py:93} INFO - Conectando a: https://services.arcgis.com/1dSrzEWVQn5kHHyK/arcgis/rest/services/CircuitosContentores/FeatureServer/0/query ...
[2025-12-16T10:08:24.724+0000] {subprocess.py:93} INFO - Baixando lote: registros 54000 a 55000...
[2025-12-16T10:08:24.725+0000] {subprocess.py:93} INFO - Conectando a: https://services.arcgis.com/1dSrzEWVQn5kHHyK/arcgis/rest/services/CircuitosContentores/FeatureServer/0/query ...
[2025-12-16T10:08:24.725+0000] {subprocess.py:93} INFO - Baixando lote: registros 55000 a 56000...
[2025-12-16T10:08:24.725+0000] {subprocess.py:93} INFO - Conectando a: https://services.arcgis.com/1dSrzEWVQn5kHHyK/arcgis/rest/services/CircuitosContentores/FeatureServer/0/query ...
[2025-12-16T10:08:24.725+0000] {subprocess.py:93} INFO - Baixando lote: registros 56000 a 57000...
[2025-12-16T10:08:24.725+0000] {subprocess.py:93} INFO - Conectando a: https://services.arcgis.com/1dSrzEWVQn5kHHyK/arcgis/rest/services/CircuitosContentores/FeatureServer/0/query ...
[2025-12-16T10:08:24.725+0000] {subprocess.py:93} INFO - Baixando lote: registros 57000 a 58000...
[2025-12-16T10:08:24.725+0000] {subprocess.py:93} INFO - Conectando a: https://services.arcgis.com/1dSrzEWVQn5kHHyK/arcgis/rest/services/CircuitosContentores/FeatureServer/0/query ...
[2025-12-16T10:08:24.726+0000] {subprocess.py:93} INFO - Baixando lote: registros 58000 a 59000...
[2025-12-16T10:08:24.726+0000] {subprocess.py:93} INFO - Conectando a: https://services.arcgis.com/1dSrzEWVQn5kHHyK/arcgis/rest/services/CircuitosContentores/FeatureServer/0/query ...
[2025-12-16T10:08:24.726+0000] {subprocess.py:93} INFO - Baixando lote: registros 59000 a 60000...
[2025-12-16T10:08:24.726+0000] {subprocess.py:93} INFO - Conectando a: https://services.arcgis.com/1dSrzEWVQn5kHHyK/arcgis/rest/services/CircuitosContentores/FeatureServer/0/query ...
[2025-12-16T10:08:24.726+0000] {subprocess.py:93} INFO - Baixando lote: registros 60000 a 61000...
[2025-12-16T10:08:24.726+0000] {subprocess.py:93} INFO - Conectando a: https://services.arcgis.com/1dSrzEWVQn5kHHyK/arcgis/rest/services/CircuitosContentores/FeatureServer/0/query ...
[2025-12-16T10:08:24.726+0000] {subprocess.py:93} INFO - Baixando lote: registros 61000 a 62000...
[2025-12-16T10:08:24.727+0000] {subprocess.py:93} INFO - Conectando a: https://services.arcgis.com/1dSrzEWVQn5kHHyK/arcgis/rest/services/CircuitosContentores/FeatureServer/0/query ...
[2025-12-16T10:08:24.727+0000] {subprocess.py:93} INFO - Baixando lote: registros 62000 a 63000...
[2025-12-16T10:08:24.727+0000] {subprocess.py:93} INFO - Conectando a: https://services.arcgis.com/1dSrzEWVQn5kHHyK/arcgis/rest/services/CircuitosContentores/FeatureServer/0/query ...
[2025-12-16T10:08:24.727+0000] {subprocess.py:93} INFO - Baixando lote: registros 63000 a 63055...
[2025-12-16T10:08:24.727+0000] {subprocess.py:93} INFO - 
[2025-12-16T10:08:24.727+0000] {subprocess.py:93} INFO - SUCESSO: 63055 registros carregados.
[2025-12-16T10:08:24.727+0000] {subprocess.py:93} INFO - Resgatando os dados dos CIRTUICOS
[2025-12-16T10:08:24.728+0000] {subprocess.py:93} INFO - Salvando no MinIO (s3://bronze/circuitos_recolha.csv)...
[2025-12-16T10:08:24.728+0000] {subprocess.py:93} INFO - Upload concluído com sucesso!
[2025-12-16T10:08:25.287+0000] {subprocess.py:97} INFO - Command exited with return code 0
[2025-12-16T10:08:25.288+0000] {taskinstance.py:441} INFO - ::group::Post task execution logs
[2025-12-16T10:08:25.327+0000] {taskinstance.py:1206} INFO - Marking task as SUCCESS. dag_id=higiene_urbana_lisboa_etl, task_id=bronze_cml_ecopontos, run_id=manual__2025-12-16T10:06:56.903217+00:00, execution_date=20251216T100656, start_date=20251216T100658, end_date=20251216T100825
[2025-12-16T10:08:25.384+0000] {local_task_job_runner.py:240} INFO - Task exited with return code 0
[2025-12-16T10:08:25.420+0000] {taskinstance.py:3498} INFO - 2 downstream tasks scheduled from follow-on schedule check
[2025-12-16T10:08:25.422+0000] {local_task_job_runner.py:222} INFO - ::endgroup::
