[2025-12-14T00:20:01.708+0000] {local_task_job_runner.py:120} INFO - ::group::Pre task execution logs
[2025-12-14T00:20:01.773+0000] {taskinstance.py:2076} INFO - Dependencies all met for dep_context=non-requeueable deps ti=<TaskInstance: higiene_urbana_lisboa_etl.bronze_geoapi manual__2025-12-14T00:20:01.350195+00:00 [queued]>
[2025-12-14T00:20:01.786+0000] {taskinstance.py:2076} INFO - Dependencies all met for dep_context=requeueable deps ti=<TaskInstance: higiene_urbana_lisboa_etl.bronze_geoapi manual__2025-12-14T00:20:01.350195+00:00 [queued]>
[2025-12-14T00:20:01.787+0000] {taskinstance.py:2306} INFO - Starting attempt 1 of 2
[2025-12-14T00:20:01.806+0000] {taskinstance.py:2330} INFO - Executing <Task(BashOperator): bronze_geoapi> on 2025-12-14 00:20:01.350195+00:00
[2025-12-14T00:20:01.826+0000] {logging_mixin.py:188} WARNING - /home/***/.local/lib/python3.12/site-packages/***/task/task_runner/standard_task_runner.py:61 DeprecationWarning: This process (pid=568) is multi-threaded, use of fork() may lead to deadlocks in the child.
[2025-12-14T00:20:01.828+0000] {standard_task_runner.py:63} INFO - Started process 571 to run task
[2025-12-14T00:20:01.827+0000] {standard_task_runner.py:90} INFO - Running: ['***', 'tasks', 'run', 'higiene_urbana_lisboa_etl', 'bronze_geoapi', 'manual__2025-12-14T00:20:01.350195+00:00', '--job-id', '22', '--raw', '--subdir', 'DAGS_FOLDER/dag_higiene_lisboa.py', '--cfg-path', '/tmp/tmpo3xuyyd5']
[2025-12-14T00:20:01.831+0000] {standard_task_runner.py:91} INFO - Job 22: Subtask bronze_geoapi
[2025-12-14T00:20:01.858+0000] {logging_mixin.py:188} WARNING - /home/***/.local/lib/python3.12/site-packages/***/settings.py:195 DeprecationWarning: The sql_alchemy_conn option in [core] has been moved to the sql_alchemy_conn option in [database] - the old setting has been used, but please update your config.
[2025-12-14T00:20:01.930+0000] {task_command.py:426} INFO - Running <TaskInstance: higiene_urbana_lisboa_etl.bronze_geoapi manual__2025-12-14T00:20:01.350195+00:00 [running]> on host 0c779bd56b36
[2025-12-14T00:20:02.095+0000] {taskinstance.py:2648} INFO - Exporting env vars: AIRFLOW_CTX_DAG_OWNER='grupo10' AIRFLOW_CTX_DAG_ID='higiene_urbana_lisboa_etl' AIRFLOW_CTX_TASK_ID='bronze_geoapi' AIRFLOW_CTX_EXECUTION_DATE='2025-12-14T00:20:01.350195+00:00' AIRFLOW_CTX_TRY_NUMBER='1' AIRFLOW_CTX_DAG_RUN_ID='manual__2025-12-14T00:20:01.350195+00:00'
[2025-12-14T00:20:02.096+0000] {taskinstance.py:430} INFO - ::endgroup::
[2025-12-14T00:20:02.117+0000] {subprocess.py:63} INFO - Tmp dir root location: /tmp
[2025-12-14T00:20:02.118+0000] {subprocess.py:75} INFO - Running command: ['/usr/bin/bash', '-c', 'python geoapi_freguesias.py']
[2025-12-14T00:20:02.144+0000] {subprocess.py:86} INFO - Output:
[2025-12-14T00:20:45.379+0000] {subprocess.py:93} INFO - --- FASE 1: Buscando municípios do Distrito de Lisboa ---
[2025-12-14T00:20:45.380+0000] {subprocess.py:93} INFO - URL: https://geoapi.pt/distrito/lisboa/municipios?json=1
[2025-12-14T00:20:45.381+0000] {subprocess.py:93} INFO - Erro crítico: 429 Client Error: Too Many Requests for url: https://geoapi.pt/distrito/lisboa/municipios?json=1
[2025-12-14T00:20:45.555+0000] {subprocess.py:97} INFO - Command exited with return code 0
[2025-12-14T00:20:45.556+0000] {taskinstance.py:441} INFO - ::group::Post task execution logs
[2025-12-14T00:20:45.596+0000] {taskinstance.py:1206} INFO - Marking task as SUCCESS. dag_id=higiene_urbana_lisboa_etl, task_id=bronze_geoapi, run_id=manual__2025-12-14T00:20:01.350195+00:00, execution_date=20251214T002001, start_date=20251214T002001, end_date=20251214T002045
[2025-12-14T00:20:45.647+0000] {local_task_job_runner.py:240} INFO - Task exited with return code 0
[2025-12-14T00:20:45.680+0000] {taskinstance.py:3498} INFO - 0 downstream tasks scheduled from follow-on schedule check
[2025-12-14T00:20:45.681+0000] {local_task_job_runner.py:222} INFO - ::endgroup::
