[2025-12-15T10:00:45.317+0000] {local_task_job_runner.py:120} INFO - ::group::Pre task execution logs
[2025-12-15T10:00:45.396+0000] {taskinstance.py:2076} INFO - Dependencies all met for dep_context=non-requeueable deps ti=<TaskInstance: higiene_urbana_lisboa_etl.bronze_geoapi manual__2025-12-15T10:00:44.114720+00:00 [queued]>
[2025-12-15T10:00:45.410+0000] {taskinstance.py:2076} INFO - Dependencies all met for dep_context=requeueable deps ti=<TaskInstance: higiene_urbana_lisboa_etl.bronze_geoapi manual__2025-12-15T10:00:44.114720+00:00 [queued]>
[2025-12-15T10:00:45.411+0000] {taskinstance.py:2306} INFO - Starting attempt 1 of 2
[2025-12-15T10:00:45.450+0000] {taskinstance.py:2330} INFO - Executing <Task(BashOperator): bronze_geoapi> on 2025-12-15 10:00:44.114720+00:00
[2025-12-15T10:00:45.485+0000] {logging_mixin.py:188} WARNING - /home/***/.local/lib/python3.12/site-packages/***/task/task_runner/standard_task_runner.py:61 DeprecationWarning: This process (pid=362) is multi-threaded, use of fork() may lead to deadlocks in the child.
[2025-12-15T10:00:45.487+0000] {standard_task_runner.py:63} INFO - Started process 371 to run task
[2025-12-15T10:00:45.486+0000] {standard_task_runner.py:90} INFO - Running: ['***', 'tasks', 'run', 'higiene_urbana_lisboa_etl', 'bronze_geoapi', 'manual__2025-12-15T10:00:44.114720+00:00', '--job-id', '51', '--raw', '--subdir', 'DAGS_FOLDER/dag_higiene_lisboa.py', '--cfg-path', '/tmp/tmp34p2kzmb']
[2025-12-15T10:00:45.490+0000] {standard_task_runner.py:91} INFO - Job 51: Subtask bronze_geoapi
[2025-12-15T10:00:45.531+0000] {logging_mixin.py:188} WARNING - /home/***/.local/lib/python3.12/site-packages/***/settings.py:195 DeprecationWarning: The sql_alchemy_conn option in [core] has been moved to the sql_alchemy_conn option in [database] - the old setting has been used, but please update your config.
[2025-12-15T10:00:45.628+0000] {task_command.py:426} INFO - Running <TaskInstance: higiene_urbana_lisboa_etl.bronze_geoapi manual__2025-12-15T10:00:44.114720+00:00 [running]> on host 72bd56846f67
[2025-12-15T10:00:45.852+0000] {taskinstance.py:2648} INFO - Exporting env vars: AIRFLOW_CTX_DAG_OWNER='grupo10' AIRFLOW_CTX_DAG_ID='higiene_urbana_lisboa_etl' AIRFLOW_CTX_TASK_ID='bronze_geoapi' AIRFLOW_CTX_EXECUTION_DATE='2025-12-15T10:00:44.114720+00:00' AIRFLOW_CTX_TRY_NUMBER='1' AIRFLOW_CTX_DAG_RUN_ID='manual__2025-12-15T10:00:44.114720+00:00'
[2025-12-15T10:00:45.853+0000] {taskinstance.py:430} INFO - ::endgroup::
[2025-12-15T10:00:45.880+0000] {subprocess.py:63} INFO - Tmp dir root location: /tmp
[2025-12-15T10:00:45.881+0000] {subprocess.py:75} INFO - Running command: ['/usr/bin/bash', '-c', 'python geoapi_freguesias.py']
[2025-12-15T10:00:45.901+0000] {subprocess.py:86} INFO - Output:
[2025-12-15T10:01:49.533+0000] {subprocess.py:93} INFO - Salvando no MinIO (s3://bronze/geoapi_distrito_lisboa.csv)...
[2025-12-15T10:01:49.534+0000] {subprocess.py:93} INFO - ERRO ao salvar no MinIO: Could not connect to the endpoint URL: "http://host.docker.internal:9000/bronze"
[2025-12-15T10:01:49.534+0000] {subprocess.py:93} INFO - Dica: Verifique se o bucket 'bronze' foi criado no painel do MinIO (localhost:9001).
[2025-12-15T10:01:49.833+0000] {subprocess.py:97} INFO - Command exited with return code 0
[2025-12-15T10:01:49.834+0000] {taskinstance.py:441} INFO - ::group::Post task execution logs
[2025-12-15T10:01:49.876+0000] {taskinstance.py:1206} INFO - Marking task as SUCCESS. dag_id=higiene_urbana_lisboa_etl, task_id=bronze_geoapi, run_id=manual__2025-12-15T10:00:44.114720+00:00, execution_date=20251215T100044, start_date=20251215T100045, end_date=20251215T100149
[2025-12-15T10:01:49.936+0000] {local_task_job_runner.py:240} INFO - Task exited with return code 0
[2025-12-15T10:01:49.956+0000] {taskinstance.py:3498} INFO - 0 downstream tasks scheduled from follow-on schedule check
[2025-12-15T10:01:49.957+0000] {local_task_job_runner.py:222} INFO - ::endgroup::
