[2025-12-15T09:59:20.187+0000] {local_task_job_runner.py:120} INFO - ::group::Pre task execution logs
[2025-12-15T09:59:20.230+0000] {taskinstance.py:2076} INFO - Dependencies all met for dep_context=non-requeueable deps ti=<TaskInstance: higiene_urbana_lisboa_etl.bronze_cml_ecopontos scheduled__2025-12-14T00:00:00+00:00 [queued]>
[2025-12-15T09:59:20.242+0000] {taskinstance.py:2076} INFO - Dependencies all met for dep_context=requeueable deps ti=<TaskInstance: higiene_urbana_lisboa_etl.bronze_cml_ecopontos scheduled__2025-12-14T00:00:00+00:00 [queued]>
[2025-12-15T09:59:20.242+0000] {taskinstance.py:2306} INFO - Starting attempt 1 of 2
[2025-12-15T09:59:20.264+0000] {taskinstance.py:2330} INFO - Executing <Task(BashOperator): bronze_cml_ecopontos> on 2025-12-14 00:00:00+00:00
[2025-12-15T09:59:20.283+0000] {logging_mixin.py:188} WARNING - /home/***/.local/lib/python3.12/site-packages/***/task/task_runner/standard_task_runner.py:61 DeprecationWarning: This process (pid=185) is multi-threaded, use of fork() may lead to deadlocks in the child.
[2025-12-15T09:59:20.285+0000] {standard_task_runner.py:63} INFO - Started process 192 to run task
[2025-12-15T09:59:20.283+0000] {standard_task_runner.py:90} INFO - Running: ['***', 'tasks', 'run', 'higiene_urbana_lisboa_etl', 'bronze_cml_ecopontos', 'scheduled__2025-12-14T00:00:00+00:00', '--job-id', '50', '--raw', '--subdir', 'DAGS_FOLDER/dag_higiene_lisboa.py', '--cfg-path', '/tmp/tmptqu4oj9o']
[2025-12-15T09:59:20.287+0000] {standard_task_runner.py:91} INFO - Job 50: Subtask bronze_cml_ecopontos
[2025-12-15T09:59:20.312+0000] {logging_mixin.py:188} WARNING - /home/***/.local/lib/python3.12/site-packages/***/settings.py:195 DeprecationWarning: The sql_alchemy_conn option in [core] has been moved to the sql_alchemy_conn option in [database] - the old setting has been used, but please update your config.
[2025-12-15T09:59:20.384+0000] {task_command.py:426} INFO - Running <TaskInstance: higiene_urbana_lisboa_etl.bronze_cml_ecopontos scheduled__2025-12-14T00:00:00+00:00 [running]> on host 72bd56846f67
[2025-12-15T09:59:20.523+0000] {taskinstance.py:2648} INFO - Exporting env vars: AIRFLOW_CTX_DAG_OWNER='grupo10' AIRFLOW_CTX_DAG_ID='higiene_urbana_lisboa_etl' AIRFLOW_CTX_TASK_ID='bronze_cml_ecopontos' AIRFLOW_CTX_EXECUTION_DATE='2025-12-14T00:00:00+00:00' AIRFLOW_CTX_TRY_NUMBER='1' AIRFLOW_CTX_DAG_RUN_ID='scheduled__2025-12-14T00:00:00+00:00'
[2025-12-15T09:59:20.525+0000] {taskinstance.py:430} INFO - ::endgroup::
[2025-12-15T09:59:20.547+0000] {subprocess.py:63} INFO - Tmp dir root location: /tmp
[2025-12-15T09:59:20.548+0000] {subprocess.py:75} INFO - Running command: ['/usr/bin/bash', '-c', 'python camara_municipal_lisboa.py']
[2025-12-15T09:59:20.566+0000] {subprocess.py:86} INFO - Output:
[2025-12-15T09:59:37.297+0000] {subprocess.py:93} INFO - Resgatando os dados dos ECOPONTOS
[2025-12-15T09:59:38.069+0000] {subprocess.py:93} INFO - Arquivo salvo em: ../../dados/bronze/ecopontos_cml.csv
[2025-12-15T09:59:38.070+0000] {subprocess.py:93} INFO - Resgatando os dados dos CIRTUICOS
[2025-12-15T09:59:38.070+0000] {subprocess.py:93} INFO - Arquivo salvo em: ../../dados/bronze/circuitos_recolha.csv
[2025-12-15T09:59:38.071+0000] {subprocess.py:97} INFO - Command exited with return code 0
[2025-12-15T09:59:38.072+0000] {taskinstance.py:441} INFO - ::group::Post task execution logs
[2025-12-15T09:59:38.111+0000] {taskinstance.py:1206} INFO - Marking task as SUCCESS. dag_id=higiene_urbana_lisboa_etl, task_id=bronze_cml_ecopontos, run_id=scheduled__2025-12-14T00:00:00+00:00, execution_date=20251214T000000, start_date=20251215T095920, end_date=20251215T095938
[2025-12-15T09:59:38.166+0000] {local_task_job_runner.py:240} INFO - Task exited with return code 0
[2025-12-15T09:59:38.188+0000] {taskinstance.py:3498} INFO - 0 downstream tasks scheduled from follow-on schedule check
[2025-12-15T09:59:38.190+0000] {local_task_job_runner.py:222} INFO - ::endgroup::
