[2025-12-15T10:12:33.950+0000] {local_task_job_runner.py:120} INFO - ::group::Pre task execution logs
[2025-12-15T10:12:34.043+0000] {taskinstance.py:2076} INFO - Dependencies all met for dep_context=non-requeueable deps ti=<TaskInstance: higiene_urbana_lisboa_etl.bronze_osm manual__2025-12-15T10:12:32.457997+00:00 [queued]>
[2025-12-15T10:12:34.056+0000] {taskinstance.py:2076} INFO - Dependencies all met for dep_context=requeueable deps ti=<TaskInstance: higiene_urbana_lisboa_etl.bronze_osm manual__2025-12-15T10:12:32.457997+00:00 [queued]>
[2025-12-15T10:12:34.056+0000] {taskinstance.py:2306} INFO - Starting attempt 1 of 2
[2025-12-15T10:12:34.082+0000] {taskinstance.py:2330} INFO - Executing <Task(BashOperator): bronze_osm> on 2025-12-15 10:12:32.457997+00:00
[2025-12-15T10:12:34.105+0000] {logging_mixin.py:188} WARNING - /home/***/.local/lib/python3.12/site-packages/***/task/task_runner/standard_task_runner.py:61 DeprecationWarning: This process (pid=212) is multi-threaded, use of fork() may lead to deadlocks in the child.
[2025-12-15T10:12:34.108+0000] {standard_task_runner.py:63} INFO - Started process 222 to run task
[2025-12-15T10:12:34.121+0000] {standard_task_runner.py:90} INFO - Running: ['***', 'tasks', 'run', 'higiene_urbana_lisboa_etl', 'bronze_osm', 'manual__2025-12-15T10:12:32.457997+00:00', '--job-id', '72', '--raw', '--subdir', 'DAGS_FOLDER/dag_higiene_lisboa.py', '--cfg-path', '/tmp/tmpogwjbfp8']
[2025-12-15T10:12:34.128+0000] {standard_task_runner.py:91} INFO - Job 72: Subtask bronze_osm
[2025-12-15T10:12:34.172+0000] {logging_mixin.py:188} WARNING - /home/***/.local/lib/python3.12/site-packages/***/settings.py:195 DeprecationWarning: The sql_alchemy_conn option in [core] has been moved to the sql_alchemy_conn option in [database] - the old setting has been used, but please update your config.
[2025-12-15T10:12:34.303+0000] {task_command.py:426} INFO - Running <TaskInstance: higiene_urbana_lisboa_etl.bronze_osm manual__2025-12-15T10:12:32.457997+00:00 [running]> on host 161dbb551f8a
[2025-12-15T10:12:34.547+0000] {taskinstance.py:2648} INFO - Exporting env vars: AIRFLOW_CTX_DAG_OWNER='grupo10' AIRFLOW_CTX_DAG_ID='higiene_urbana_lisboa_etl' AIRFLOW_CTX_TASK_ID='bronze_osm' AIRFLOW_CTX_EXECUTION_DATE='2025-12-15T10:12:32.457997+00:00' AIRFLOW_CTX_TRY_NUMBER='1' AIRFLOW_CTX_DAG_RUN_ID='manual__2025-12-15T10:12:32.457997+00:00'
[2025-12-15T10:12:34.550+0000] {taskinstance.py:430} INFO - ::endgroup::
[2025-12-15T10:12:34.591+0000] {subprocess.py:63} INFO - Tmp dir root location: /tmp
[2025-12-15T10:12:34.591+0000] {subprocess.py:75} INFO - Running command: ['/usr/bin/bash', '-c', 'python open_street_map.py']
[2025-12-15T10:12:34.619+0000] {subprocess.py:86} INFO - Output:
[2025-12-15T10:12:36.645+0000] {subprocess.py:93} INFO - Arquivo salvo em: ../../dados/bronze/osm_ecopontos.csv
[2025-12-15T10:12:36.844+0000] {subprocess.py:97} INFO - Command exited with return code 0
[2025-12-15T10:12:36.847+0000] {taskinstance.py:441} INFO - ::group::Post task execution logs
[2025-12-15T10:12:36.902+0000] {taskinstance.py:1206} INFO - Marking task as SUCCESS. dag_id=higiene_urbana_lisboa_etl, task_id=bronze_osm, run_id=manual__2025-12-15T10:12:32.457997+00:00, execution_date=20251215T101232, start_date=20251215T101234, end_date=20251215T101236
[2025-12-15T10:12:36.943+0000] {local_task_job_runner.py:240} INFO - Task exited with return code 0
[2025-12-15T10:12:36.965+0000] {taskinstance.py:3498} INFO - 0 downstream tasks scheduled from follow-on schedule check
[2025-12-15T10:12:36.967+0000] {local_task_job_runner.py:222} INFO - ::endgroup::
