[2025-12-16T09:35:31.143+0000] {processor.py:161} INFO - Started process (PID=171) to work on /opt/airflow/dags/dag_higiene_lisboa.py
[2025-12-16T09:35:31.144+0000] {processor.py:830} INFO - Processing file /opt/airflow/dags/dag_higiene_lisboa.py for tasks to queue
[2025-12-16T09:35:31.145+0000] {logging_mixin.py:188} INFO - [2025-12-16T09:35:31.145+0000] {dagbag.py:545} INFO - Filling up the DagBag from /opt/airflow/dags/dag_higiene_lisboa.py
[2025-12-16T09:35:31.156+0000] {processor.py:840} INFO - DAG(s) 'higiene_urbana_lisboa_etl' retrieved from /opt/airflow/dags/dag_higiene_lisboa.py
[2025-12-16T09:35:31.179+0000] {logging_mixin.py:188} INFO - [2025-12-16T09:35:31.178+0000] {dag.py:3096} INFO - Sync 1 DAGs
[2025-12-16T09:35:31.197+0000] {logging_mixin.py:188} INFO - [2025-12-16T09:35:31.197+0000] {dag.py:3954} INFO - Setting next_dagrun for higiene_urbana_lisboa_etl to 2025-12-16 00:00:00+00:00, run_after=2025-12-17 00:00:00+00:00
[2025-12-16T09:35:31.215+0000] {processor.py:183} INFO - Processing /opt/airflow/dags/dag_higiene_lisboa.py took 0.076 seconds
[2025-12-16T09:36:01.320+0000] {processor.py:161} INFO - Started process (PID=409) to work on /opt/airflow/dags/dag_higiene_lisboa.py
[2025-12-16T09:36:01.327+0000] {processor.py:830} INFO - Processing file /opt/airflow/dags/dag_higiene_lisboa.py for tasks to queue
[2025-12-16T09:36:01.330+0000] {logging_mixin.py:188} INFO - [2025-12-16T09:36:01.330+0000] {dagbag.py:545} INFO - Filling up the DagBag from /opt/airflow/dags/dag_higiene_lisboa.py
[2025-12-16T09:36:01.344+0000] {processor.py:840} INFO - DAG(s) 'higiene_urbana_lisboa_etl' retrieved from /opt/airflow/dags/dag_higiene_lisboa.py
[2025-12-16T09:36:01.527+0000] {logging_mixin.py:188} INFO - [2025-12-16T09:36:01.527+0000] {dag.py:3096} INFO - Sync 1 DAGs
[2025-12-16T09:36:01.553+0000] {logging_mixin.py:188} INFO - [2025-12-16T09:36:01.553+0000] {dag.py:3954} INFO - Setting next_dagrun for higiene_urbana_lisboa_etl to 2025-12-16 00:00:00+00:00, run_after=2025-12-17 00:00:00+00:00
[2025-12-16T09:36:01.577+0000] {processor.py:183} INFO - Processing /opt/airflow/dags/dag_higiene_lisboa.py took 0.264 seconds
[2025-12-16T09:36:31.744+0000] {processor.py:161} INFO - Started process (PID=414) to work on /opt/airflow/dags/dag_higiene_lisboa.py
[2025-12-16T09:36:31.745+0000] {processor.py:830} INFO - Processing file /opt/airflow/dags/dag_higiene_lisboa.py for tasks to queue
[2025-12-16T09:36:31.747+0000] {logging_mixin.py:188} INFO - [2025-12-16T09:36:31.747+0000] {dagbag.py:545} INFO - Filling up the DagBag from /opt/airflow/dags/dag_higiene_lisboa.py
[2025-12-16T09:36:31.762+0000] {processor.py:840} INFO - DAG(s) 'higiene_urbana_lisboa_etl' retrieved from /opt/airflow/dags/dag_higiene_lisboa.py
[2025-12-16T09:36:31.802+0000] {logging_mixin.py:188} INFO - [2025-12-16T09:36:31.801+0000] {dag.py:3096} INFO - Sync 1 DAGs
[2025-12-16T09:36:31.833+0000] {logging_mixin.py:188} INFO - [2025-12-16T09:36:31.833+0000] {dag.py:3954} INFO - Setting next_dagrun for higiene_urbana_lisboa_etl to 2025-12-16 00:00:00+00:00, run_after=2025-12-17 00:00:00+00:00
[2025-12-16T09:36:31.861+0000] {processor.py:183} INFO - Processing /opt/airflow/dags/dag_higiene_lisboa.py took 0.124 seconds
[2025-12-16T09:37:01.901+0000] {processor.py:161} INFO - Started process (PID=419) to work on /opt/airflow/dags/dag_higiene_lisboa.py
[2025-12-16T09:37:01.902+0000] {processor.py:830} INFO - Processing file /opt/airflow/dags/dag_higiene_lisboa.py for tasks to queue
[2025-12-16T09:37:01.904+0000] {logging_mixin.py:188} INFO - [2025-12-16T09:37:01.903+0000] {dagbag.py:545} INFO - Filling up the DagBag from /opt/airflow/dags/dag_higiene_lisboa.py
[2025-12-16T09:37:01.922+0000] {processor.py:840} INFO - DAG(s) 'higiene_urbana_lisboa_etl' retrieved from /opt/airflow/dags/dag_higiene_lisboa.py
[2025-12-16T09:37:01.959+0000] {logging_mixin.py:188} INFO - [2025-12-16T09:37:01.959+0000] {dag.py:3096} INFO - Sync 1 DAGs
[2025-12-16T09:37:01.988+0000] {logging_mixin.py:188} INFO - [2025-12-16T09:37:01.988+0000] {dag.py:3954} INFO - Setting next_dagrun for higiene_urbana_lisboa_etl to 2025-12-16 00:00:00+00:00, run_after=2025-12-17 00:00:00+00:00
[2025-12-16T09:37:02.012+0000] {processor.py:183} INFO - Processing /opt/airflow/dags/dag_higiene_lisboa.py took 0.118 seconds
[2025-12-16T09:37:32.164+0000] {processor.py:161} INFO - Started process (PID=546) to work on /opt/airflow/dags/dag_higiene_lisboa.py
[2025-12-16T09:37:32.165+0000] {processor.py:830} INFO - Processing file /opt/airflow/dags/dag_higiene_lisboa.py for tasks to queue
[2025-12-16T09:37:32.166+0000] {logging_mixin.py:188} INFO - [2025-12-16T09:37:32.166+0000] {dagbag.py:545} INFO - Filling up the DagBag from /opt/airflow/dags/dag_higiene_lisboa.py
[2025-12-16T09:37:32.180+0000] {processor.py:840} INFO - DAG(s) 'higiene_urbana_lisboa_etl' retrieved from /opt/airflow/dags/dag_higiene_lisboa.py
[2025-12-16T09:37:32.214+0000] {logging_mixin.py:188} INFO - [2025-12-16T09:37:32.214+0000] {dag.py:3096} INFO - Sync 1 DAGs
[2025-12-16T09:37:32.240+0000] {logging_mixin.py:188} INFO - [2025-12-16T09:37:32.240+0000] {dag.py:3954} INFO - Setting next_dagrun for higiene_urbana_lisboa_etl to 2025-12-16 00:00:00+00:00, run_after=2025-12-17 00:00:00+00:00
[2025-12-16T09:37:32.262+0000] {processor.py:183} INFO - Processing /opt/airflow/dags/dag_higiene_lisboa.py took 0.105 seconds
[2025-12-16T09:38:02.327+0000] {processor.py:161} INFO - Started process (PID=661) to work on /opt/airflow/dags/dag_higiene_lisboa.py
[2025-12-16T09:38:02.339+0000] {processor.py:830} INFO - Processing file /opt/airflow/dags/dag_higiene_lisboa.py for tasks to queue
[2025-12-16T09:38:02.342+0000] {logging_mixin.py:188} INFO - [2025-12-16T09:38:02.342+0000] {dagbag.py:545} INFO - Filling up the DagBag from /opt/airflow/dags/dag_higiene_lisboa.py
[2025-12-16T09:38:02.357+0000] {processor.py:840} INFO - DAG(s) 'higiene_urbana_lisboa_etl' retrieved from /opt/airflow/dags/dag_higiene_lisboa.py
[2025-12-16T09:38:02.396+0000] {logging_mixin.py:188} INFO - [2025-12-16T09:38:02.396+0000] {dag.py:3096} INFO - Sync 1 DAGs
[2025-12-16T09:38:02.426+0000] {logging_mixin.py:188} INFO - [2025-12-16T09:38:02.426+0000] {dag.py:3954} INFO - Setting next_dagrun for higiene_urbana_lisboa_etl to 2025-12-16 00:00:00+00:00, run_after=2025-12-17 00:00:00+00:00
[2025-12-16T09:38:02.457+0000] {processor.py:183} INFO - Processing /opt/airflow/dags/dag_higiene_lisboa.py took 0.137 seconds
[2025-12-16T09:38:32.574+0000] {processor.py:161} INFO - Started process (PID=666) to work on /opt/airflow/dags/dag_higiene_lisboa.py
[2025-12-16T09:38:32.575+0000] {processor.py:830} INFO - Processing file /opt/airflow/dags/dag_higiene_lisboa.py for tasks to queue
[2025-12-16T09:38:32.577+0000] {logging_mixin.py:188} INFO - [2025-12-16T09:38:32.576+0000] {dagbag.py:545} INFO - Filling up the DagBag from /opt/airflow/dags/dag_higiene_lisboa.py
[2025-12-16T09:38:32.592+0000] {processor.py:840} INFO - DAG(s) 'higiene_urbana_lisboa_etl' retrieved from /opt/airflow/dags/dag_higiene_lisboa.py
[2025-12-16T09:38:32.628+0000] {logging_mixin.py:188} INFO - [2025-12-16T09:38:32.628+0000] {dag.py:3096} INFO - Sync 1 DAGs
[2025-12-16T09:38:32.659+0000] {logging_mixin.py:188} INFO - [2025-12-16T09:38:32.659+0000] {dag.py:3954} INFO - Setting next_dagrun for higiene_urbana_lisboa_etl to 2025-12-16 00:00:00+00:00, run_after=2025-12-17 00:00:00+00:00
[2025-12-16T09:38:32.683+0000] {processor.py:183} INFO - Processing /opt/airflow/dags/dag_higiene_lisboa.py took 0.116 seconds
[2025-12-16T09:39:02.777+0000] {processor.py:161} INFO - Started process (PID=671) to work on /opt/airflow/dags/dag_higiene_lisboa.py
[2025-12-16T09:39:02.784+0000] {processor.py:830} INFO - Processing file /opt/airflow/dags/dag_higiene_lisboa.py for tasks to queue
[2025-12-16T09:39:02.786+0000] {logging_mixin.py:188} INFO - [2025-12-16T09:39:02.786+0000] {dagbag.py:545} INFO - Filling up the DagBag from /opt/airflow/dags/dag_higiene_lisboa.py
[2025-12-16T09:39:02.801+0000] {processor.py:840} INFO - DAG(s) 'higiene_urbana_lisboa_etl' retrieved from /opt/airflow/dags/dag_higiene_lisboa.py
[2025-12-16T09:39:02.838+0000] {logging_mixin.py:188} INFO - [2025-12-16T09:39:02.838+0000] {dag.py:3096} INFO - Sync 1 DAGs
[2025-12-16T09:39:02.869+0000] {logging_mixin.py:188} INFO - [2025-12-16T09:39:02.868+0000] {dag.py:3954} INFO - Setting next_dagrun for higiene_urbana_lisboa_etl to 2025-12-16 00:00:00+00:00, run_after=2025-12-17 00:00:00+00:00
[2025-12-16T09:39:02.898+0000] {processor.py:183} INFO - Processing /opt/airflow/dags/dag_higiene_lisboa.py took 0.128 seconds
[2025-12-16T09:39:33.002+0000] {processor.py:161} INFO - Started process (PID=676) to work on /opt/airflow/dags/dag_higiene_lisboa.py
[2025-12-16T09:39:33.008+0000] {processor.py:830} INFO - Processing file /opt/airflow/dags/dag_higiene_lisboa.py for tasks to queue
[2025-12-16T09:39:33.011+0000] {logging_mixin.py:188} INFO - [2025-12-16T09:39:33.011+0000] {dagbag.py:545} INFO - Filling up the DagBag from /opt/airflow/dags/dag_higiene_lisboa.py
[2025-12-16T09:39:33.026+0000] {processor.py:840} INFO - DAG(s) 'higiene_urbana_lisboa_etl' retrieved from /opt/airflow/dags/dag_higiene_lisboa.py
[2025-12-16T09:39:33.062+0000] {logging_mixin.py:188} INFO - [2025-12-16T09:39:33.061+0000] {dag.py:3096} INFO - Sync 1 DAGs
[2025-12-16T09:39:33.090+0000] {logging_mixin.py:188} INFO - [2025-12-16T09:39:33.089+0000] {dag.py:3954} INFO - Setting next_dagrun for higiene_urbana_lisboa_etl to 2025-12-16 00:00:00+00:00, run_after=2025-12-17 00:00:00+00:00
[2025-12-16T09:39:33.115+0000] {processor.py:183} INFO - Processing /opt/airflow/dags/dag_higiene_lisboa.py took 0.121 seconds
[2025-12-16T09:40:03.218+0000] {processor.py:161} INFO - Started process (PID=681) to work on /opt/airflow/dags/dag_higiene_lisboa.py
[2025-12-16T09:40:03.225+0000] {processor.py:830} INFO - Processing file /opt/airflow/dags/dag_higiene_lisboa.py for tasks to queue
[2025-12-16T09:40:03.227+0000] {logging_mixin.py:188} INFO - [2025-12-16T09:40:03.227+0000] {dagbag.py:545} INFO - Filling up the DagBag from /opt/airflow/dags/dag_higiene_lisboa.py
[2025-12-16T09:40:03.242+0000] {processor.py:840} INFO - DAG(s) 'higiene_urbana_lisboa_etl' retrieved from /opt/airflow/dags/dag_higiene_lisboa.py
[2025-12-16T09:40:03.279+0000] {logging_mixin.py:188} INFO - [2025-12-16T09:40:03.279+0000] {dag.py:3096} INFO - Sync 1 DAGs
[2025-12-16T09:40:03.308+0000] {logging_mixin.py:188} INFO - [2025-12-16T09:40:03.308+0000] {dag.py:3954} INFO - Setting next_dagrun for higiene_urbana_lisboa_etl to 2025-12-16 00:00:00+00:00, run_after=2025-12-17 00:00:00+00:00
[2025-12-16T09:40:03.332+0000] {processor.py:183} INFO - Processing /opt/airflow/dags/dag_higiene_lisboa.py took 0.121 seconds
[2025-12-16T09:40:33.460+0000] {processor.py:161} INFO - Started process (PID=686) to work on /opt/airflow/dags/dag_higiene_lisboa.py
[2025-12-16T09:40:33.467+0000] {processor.py:830} INFO - Processing file /opt/airflow/dags/dag_higiene_lisboa.py for tasks to queue
[2025-12-16T09:40:33.471+0000] {logging_mixin.py:188} INFO - [2025-12-16T09:40:33.470+0000] {dagbag.py:545} INFO - Filling up the DagBag from /opt/airflow/dags/dag_higiene_lisboa.py
[2025-12-16T09:40:33.486+0000] {processor.py:840} INFO - DAG(s) 'higiene_urbana_lisboa_etl' retrieved from /opt/airflow/dags/dag_higiene_lisboa.py
[2025-12-16T09:40:33.522+0000] {logging_mixin.py:188} INFO - [2025-12-16T09:40:33.522+0000] {dag.py:3096} INFO - Sync 1 DAGs
[2025-12-16T09:40:33.552+0000] {logging_mixin.py:188} INFO - [2025-12-16T09:40:33.552+0000] {dag.py:3954} INFO - Setting next_dagrun for higiene_urbana_lisboa_etl to 2025-12-16 00:00:00+00:00, run_after=2025-12-17 00:00:00+00:00
[2025-12-16T09:40:33.580+0000] {processor.py:183} INFO - Processing /opt/airflow/dags/dag_higiene_lisboa.py took 0.127 seconds
[2025-12-16T09:41:03.635+0000] {processor.py:161} INFO - Started process (PID=813) to work on /opt/airflow/dags/dag_higiene_lisboa.py
[2025-12-16T09:41:03.641+0000] {processor.py:830} INFO - Processing file /opt/airflow/dags/dag_higiene_lisboa.py for tasks to queue
[2025-12-16T09:41:03.644+0000] {logging_mixin.py:188} INFO - [2025-12-16T09:41:03.644+0000] {dagbag.py:545} INFO - Filling up the DagBag from /opt/airflow/dags/dag_higiene_lisboa.py
[2025-12-16T09:41:03.658+0000] {processor.py:840} INFO - DAG(s) 'higiene_urbana_lisboa_etl' retrieved from /opt/airflow/dags/dag_higiene_lisboa.py
[2025-12-16T09:41:03.695+0000] {logging_mixin.py:188} INFO - [2025-12-16T09:41:03.695+0000] {dag.py:3096} INFO - Sync 1 DAGs
[2025-12-16T09:41:03.723+0000] {logging_mixin.py:188} INFO - [2025-12-16T09:41:03.723+0000] {dag.py:3954} INFO - Setting next_dagrun for higiene_urbana_lisboa_etl to 2025-12-16 00:00:00+00:00, run_after=2025-12-17 00:00:00+00:00
[2025-12-16T09:41:03.745+0000] {processor.py:183} INFO - Processing /opt/airflow/dags/dag_higiene_lisboa.py took 0.117 seconds
[2025-12-16T09:41:33.892+0000] {processor.py:161} INFO - Started process (PID=928) to work on /opt/airflow/dags/dag_higiene_lisboa.py
[2025-12-16T09:41:33.892+0000] {processor.py:830} INFO - Processing file /opt/airflow/dags/dag_higiene_lisboa.py for tasks to queue
[2025-12-16T09:41:33.894+0000] {logging_mixin.py:188} INFO - [2025-12-16T09:41:33.894+0000] {dagbag.py:545} INFO - Filling up the DagBag from /opt/airflow/dags/dag_higiene_lisboa.py
[2025-12-16T09:41:33.910+0000] {processor.py:840} INFO - DAG(s) 'higiene_urbana_lisboa_etl' retrieved from /opt/airflow/dags/dag_higiene_lisboa.py
[2025-12-16T09:41:33.947+0000] {logging_mixin.py:188} INFO - [2025-12-16T09:41:33.947+0000] {dag.py:3096} INFO - Sync 1 DAGs
[2025-12-16T09:41:33.978+0000] {logging_mixin.py:188} INFO - [2025-12-16T09:41:33.978+0000] {dag.py:3954} INFO - Setting next_dagrun for higiene_urbana_lisboa_etl to 2025-12-16 00:00:00+00:00, run_after=2025-12-17 00:00:00+00:00
[2025-12-16T09:41:34.005+0000] {processor.py:183} INFO - Processing /opt/airflow/dags/dag_higiene_lisboa.py took 0.120 seconds
[2025-12-16T09:42:04.060+0000] {processor.py:161} INFO - Started process (PID=933) to work on /opt/airflow/dags/dag_higiene_lisboa.py
[2025-12-16T09:42:04.067+0000] {processor.py:830} INFO - Processing file /opt/airflow/dags/dag_higiene_lisboa.py for tasks to queue
[2025-12-16T09:42:04.069+0000] {logging_mixin.py:188} INFO - [2025-12-16T09:42:04.069+0000] {dagbag.py:545} INFO - Filling up the DagBag from /opt/airflow/dags/dag_higiene_lisboa.py
[2025-12-16T09:42:04.085+0000] {processor.py:840} INFO - DAG(s) 'higiene_urbana_lisboa_etl' retrieved from /opt/airflow/dags/dag_higiene_lisboa.py
[2025-12-16T09:42:04.123+0000] {logging_mixin.py:188} INFO - [2025-12-16T09:42:04.123+0000] {dag.py:3096} INFO - Sync 1 DAGs
[2025-12-16T09:42:04.153+0000] {logging_mixin.py:188} INFO - [2025-12-16T09:42:04.153+0000] {dag.py:3954} INFO - Setting next_dagrun for higiene_urbana_lisboa_etl to 2025-12-16 00:00:00+00:00, run_after=2025-12-17 00:00:00+00:00
[2025-12-16T09:42:04.181+0000] {processor.py:183} INFO - Processing /opt/airflow/dags/dag_higiene_lisboa.py took 0.127 seconds
[2025-12-16T09:42:34.331+0000] {processor.py:161} INFO - Started process (PID=938) to work on /opt/airflow/dags/dag_higiene_lisboa.py
[2025-12-16T09:42:34.337+0000] {processor.py:830} INFO - Processing file /opt/airflow/dags/dag_higiene_lisboa.py for tasks to queue
[2025-12-16T09:42:34.340+0000] {logging_mixin.py:188} INFO - [2025-12-16T09:42:34.340+0000] {dagbag.py:545} INFO - Filling up the DagBag from /opt/airflow/dags/dag_higiene_lisboa.py
[2025-12-16T09:42:34.356+0000] {processor.py:840} INFO - DAG(s) 'higiene_urbana_lisboa_etl' retrieved from /opt/airflow/dags/dag_higiene_lisboa.py
[2025-12-16T09:42:34.392+0000] {logging_mixin.py:188} INFO - [2025-12-16T09:42:34.392+0000] {dag.py:3096} INFO - Sync 1 DAGs
[2025-12-16T09:42:34.423+0000] {logging_mixin.py:188} INFO - [2025-12-16T09:42:34.422+0000] {dag.py:3954} INFO - Setting next_dagrun for higiene_urbana_lisboa_etl to 2025-12-16 00:00:00+00:00, run_after=2025-12-17 00:00:00+00:00
[2025-12-16T09:42:34.450+0000] {processor.py:183} INFO - Processing /opt/airflow/dags/dag_higiene_lisboa.py took 0.126 seconds
[2025-12-16T09:43:04.495+0000] {processor.py:161} INFO - Started process (PID=943) to work on /opt/airflow/dags/dag_higiene_lisboa.py
[2025-12-16T09:43:04.502+0000] {processor.py:830} INFO - Processing file /opt/airflow/dags/dag_higiene_lisboa.py for tasks to queue
[2025-12-16T09:43:04.504+0000] {logging_mixin.py:188} INFO - [2025-12-16T09:43:04.504+0000] {dagbag.py:545} INFO - Filling up the DagBag from /opt/airflow/dags/dag_higiene_lisboa.py
[2025-12-16T09:43:04.519+0000] {processor.py:840} INFO - DAG(s) 'higiene_urbana_lisboa_etl' retrieved from /opt/airflow/dags/dag_higiene_lisboa.py
[2025-12-16T09:43:04.556+0000] {logging_mixin.py:188} INFO - [2025-12-16T09:43:04.555+0000] {dag.py:3096} INFO - Sync 1 DAGs
[2025-12-16T09:43:04.586+0000] {logging_mixin.py:188} INFO - [2025-12-16T09:43:04.586+0000] {dag.py:3954} INFO - Setting next_dagrun for higiene_urbana_lisboa_etl to 2025-12-16 00:00:00+00:00, run_after=2025-12-17 00:00:00+00:00
[2025-12-16T09:43:04.614+0000] {processor.py:183} INFO - Processing /opt/airflow/dags/dag_higiene_lisboa.py took 0.126 seconds
[2025-12-16T09:43:34.764+0000] {processor.py:161} INFO - Started process (PID=948) to work on /opt/airflow/dags/dag_higiene_lisboa.py
[2025-12-16T09:43:34.771+0000] {processor.py:830} INFO - Processing file /opt/airflow/dags/dag_higiene_lisboa.py for tasks to queue
[2025-12-16T09:43:34.773+0000] {logging_mixin.py:188} INFO - [2025-12-16T09:43:34.773+0000] {dagbag.py:545} INFO - Filling up the DagBag from /opt/airflow/dags/dag_higiene_lisboa.py
[2025-12-16T09:43:34.789+0000] {processor.py:840} INFO - DAG(s) 'higiene_urbana_lisboa_etl' retrieved from /opt/airflow/dags/dag_higiene_lisboa.py
[2025-12-16T09:43:34.828+0000] {logging_mixin.py:188} INFO - [2025-12-16T09:43:34.828+0000] {dag.py:3096} INFO - Sync 1 DAGs
[2025-12-16T09:43:34.862+0000] {logging_mixin.py:188} INFO - [2025-12-16T09:43:34.862+0000] {dag.py:3954} INFO - Setting next_dagrun for higiene_urbana_lisboa_etl to 2025-12-16 00:00:00+00:00, run_after=2025-12-17 00:00:00+00:00
[2025-12-16T09:43:34.894+0000] {processor.py:183} INFO - Processing /opt/airflow/dags/dag_higiene_lisboa.py took 0.136 seconds
[2025-12-16T09:44:05.059+0000] {processor.py:161} INFO - Started process (PID=953) to work on /opt/airflow/dags/dag_higiene_lisboa.py
[2025-12-16T09:44:05.065+0000] {processor.py:830} INFO - Processing file /opt/airflow/dags/dag_higiene_lisboa.py for tasks to queue
[2025-12-16T09:44:05.068+0000] {logging_mixin.py:188} INFO - [2025-12-16T09:44:05.067+0000] {dagbag.py:545} INFO - Filling up the DagBag from /opt/airflow/dags/dag_higiene_lisboa.py
[2025-12-16T09:44:05.082+0000] {processor.py:840} INFO - DAG(s) 'higiene_urbana_lisboa_etl' retrieved from /opt/airflow/dags/dag_higiene_lisboa.py
[2025-12-16T09:44:05.115+0000] {logging_mixin.py:188} INFO - [2025-12-16T09:44:05.114+0000] {dag.py:3096} INFO - Sync 1 DAGs
[2025-12-16T09:44:05.143+0000] {logging_mixin.py:188} INFO - [2025-12-16T09:44:05.142+0000] {dag.py:3954} INFO - Setting next_dagrun for higiene_urbana_lisboa_etl to 2025-12-16 00:00:00+00:00, run_after=2025-12-17 00:00:00+00:00
[2025-12-16T09:44:05.165+0000] {processor.py:183} INFO - Processing /opt/airflow/dags/dag_higiene_lisboa.py took 0.113 seconds
[2025-12-16T09:44:35.217+0000] {processor.py:161} INFO - Started process (PID=958) to work on /opt/airflow/dags/dag_higiene_lisboa.py
[2025-12-16T09:44:35.223+0000] {processor.py:830} INFO - Processing file /opt/airflow/dags/dag_higiene_lisboa.py for tasks to queue
[2025-12-16T09:44:35.226+0000] {logging_mixin.py:188} INFO - [2025-12-16T09:44:35.226+0000] {dagbag.py:545} INFO - Filling up the DagBag from /opt/airflow/dags/dag_higiene_lisboa.py
[2025-12-16T09:44:35.242+0000] {processor.py:840} INFO - DAG(s) 'higiene_urbana_lisboa_etl' retrieved from /opt/airflow/dags/dag_higiene_lisboa.py
[2025-12-16T09:44:35.280+0000] {logging_mixin.py:188} INFO - [2025-12-16T09:44:35.280+0000] {dag.py:3096} INFO - Sync 1 DAGs
[2025-12-16T09:44:35.309+0000] {logging_mixin.py:188} INFO - [2025-12-16T09:44:35.309+0000] {dag.py:3954} INFO - Setting next_dagrun for higiene_urbana_lisboa_etl to 2025-12-16 00:00:00+00:00, run_after=2025-12-17 00:00:00+00:00
[2025-12-16T09:44:35.334+0000] {processor.py:183} INFO - Processing /opt/airflow/dags/dag_higiene_lisboa.py took 0.125 seconds
[2025-12-16T09:45:05.472+0000] {processor.py:161} INFO - Started process (PID=963) to work on /opt/airflow/dags/dag_higiene_lisboa.py
[2025-12-16T09:45:05.479+0000] {processor.py:830} INFO - Processing file /opt/airflow/dags/dag_higiene_lisboa.py for tasks to queue
[2025-12-16T09:45:05.482+0000] {logging_mixin.py:188} INFO - [2025-12-16T09:45:05.481+0000] {dagbag.py:545} INFO - Filling up the DagBag from /opt/airflow/dags/dag_higiene_lisboa.py
[2025-12-16T09:45:05.497+0000] {processor.py:840} INFO - DAG(s) 'higiene_urbana_lisboa_etl' retrieved from /opt/airflow/dags/dag_higiene_lisboa.py
[2025-12-16T09:45:05.535+0000] {logging_mixin.py:188} INFO - [2025-12-16T09:45:05.534+0000] {dag.py:3096} INFO - Sync 1 DAGs
[2025-12-16T09:45:05.566+0000] {logging_mixin.py:188} INFO - [2025-12-16T09:45:05.565+0000] {dag.py:3954} INFO - Setting next_dagrun for higiene_urbana_lisboa_etl to 2025-12-16 00:00:00+00:00, run_after=2025-12-17 00:00:00+00:00
[2025-12-16T09:45:05.597+0000] {processor.py:183} INFO - Processing /opt/airflow/dags/dag_higiene_lisboa.py took 0.132 seconds
[2025-12-16T09:45:35.643+0000] {processor.py:161} INFO - Started process (PID=968) to work on /opt/airflow/dags/dag_higiene_lisboa.py
[2025-12-16T09:45:35.649+0000] {processor.py:830} INFO - Processing file /opt/airflow/dags/dag_higiene_lisboa.py for tasks to queue
[2025-12-16T09:45:35.651+0000] {logging_mixin.py:188} INFO - [2025-12-16T09:45:35.651+0000] {dagbag.py:545} INFO - Filling up the DagBag from /opt/airflow/dags/dag_higiene_lisboa.py
[2025-12-16T09:45:35.666+0000] {processor.py:840} INFO - DAG(s) 'higiene_urbana_lisboa_etl' retrieved from /opt/airflow/dags/dag_higiene_lisboa.py
[2025-12-16T09:45:35.698+0000] {logging_mixin.py:188} INFO - [2025-12-16T09:45:35.698+0000] {dag.py:3096} INFO - Sync 1 DAGs
[2025-12-16T09:45:35.726+0000] {logging_mixin.py:188} INFO - [2025-12-16T09:45:35.725+0000] {dag.py:3954} INFO - Setting next_dagrun for higiene_urbana_lisboa_etl to 2025-12-16 00:00:00+00:00, run_after=2025-12-17 00:00:00+00:00
[2025-12-16T09:45:35.751+0000] {processor.py:183} INFO - Processing /opt/airflow/dags/dag_higiene_lisboa.py took 0.115 seconds
[2025-12-16T09:46:05.895+0000] {processor.py:161} INFO - Started process (PID=973) to work on /opt/airflow/dags/dag_higiene_lisboa.py
[2025-12-16T09:46:05.902+0000] {processor.py:830} INFO - Processing file /opt/airflow/dags/dag_higiene_lisboa.py for tasks to queue
[2025-12-16T09:46:05.904+0000] {logging_mixin.py:188} INFO - [2025-12-16T09:46:05.904+0000] {dagbag.py:545} INFO - Filling up the DagBag from /opt/airflow/dags/dag_higiene_lisboa.py
[2025-12-16T09:46:05.921+0000] {processor.py:840} INFO - DAG(s) 'higiene_urbana_lisboa_etl' retrieved from /opt/airflow/dags/dag_higiene_lisboa.py
[2025-12-16T09:46:05.957+0000] {logging_mixin.py:188} INFO - [2025-12-16T09:46:05.957+0000] {dag.py:3096} INFO - Sync 1 DAGs
[2025-12-16T09:46:05.988+0000] {logging_mixin.py:188} INFO - [2025-12-16T09:46:05.988+0000] {dag.py:3954} INFO - Setting next_dagrun for higiene_urbana_lisboa_etl to 2025-12-16 00:00:00+00:00, run_after=2025-12-17 00:00:00+00:00
[2025-12-16T09:46:06.012+0000] {processor.py:183} INFO - Processing /opt/airflow/dags/dag_higiene_lisboa.py took 0.124 seconds
[2025-12-16T09:46:36.074+0000] {processor.py:161} INFO - Started process (PID=978) to work on /opt/airflow/dags/dag_higiene_lisboa.py
[2025-12-16T09:46:36.081+0000] {processor.py:830} INFO - Processing file /opt/airflow/dags/dag_higiene_lisboa.py for tasks to queue
[2025-12-16T09:46:36.084+0000] {logging_mixin.py:188} INFO - [2025-12-16T09:46:36.083+0000] {dagbag.py:545} INFO - Filling up the DagBag from /opt/airflow/dags/dag_higiene_lisboa.py
[2025-12-16T09:46:36.102+0000] {processor.py:840} INFO - DAG(s) 'higiene_urbana_lisboa_etl' retrieved from /opt/airflow/dags/dag_higiene_lisboa.py
[2025-12-16T09:46:36.140+0000] {logging_mixin.py:188} INFO - [2025-12-16T09:46:36.140+0000] {dag.py:3096} INFO - Sync 1 DAGs
[2025-12-16T09:46:36.172+0000] {logging_mixin.py:188} INFO - [2025-12-16T09:46:36.172+0000] {dag.py:3954} INFO - Setting next_dagrun for higiene_urbana_lisboa_etl to 2025-12-16 00:00:00+00:00, run_after=2025-12-17 00:00:00+00:00
[2025-12-16T09:46:36.197+0000] {processor.py:183} INFO - Processing /opt/airflow/dags/dag_higiene_lisboa.py took 0.130 seconds
[2025-12-16T09:47:06.309+0000] {processor.py:161} INFO - Started process (PID=983) to work on /opt/airflow/dags/dag_higiene_lisboa.py
[2025-12-16T09:47:06.315+0000] {processor.py:830} INFO - Processing file /opt/airflow/dags/dag_higiene_lisboa.py for tasks to queue
[2025-12-16T09:47:06.317+0000] {logging_mixin.py:188} INFO - [2025-12-16T09:47:06.317+0000] {dagbag.py:545} INFO - Filling up the DagBag from /opt/airflow/dags/dag_higiene_lisboa.py
[2025-12-16T09:47:06.332+0000] {processor.py:840} INFO - DAG(s) 'higiene_urbana_lisboa_etl' retrieved from /opt/airflow/dags/dag_higiene_lisboa.py
[2025-12-16T09:47:06.369+0000] {logging_mixin.py:188} INFO - [2025-12-16T09:47:06.369+0000] {dag.py:3096} INFO - Sync 1 DAGs
[2025-12-16T09:47:06.403+0000] {logging_mixin.py:188} INFO - [2025-12-16T09:47:06.403+0000] {dag.py:3954} INFO - Setting next_dagrun for higiene_urbana_lisboa_etl to 2025-12-16 00:00:00+00:00, run_after=2025-12-17 00:00:00+00:00
[2025-12-16T09:47:06.431+0000] {processor.py:183} INFO - Processing /opt/airflow/dags/dag_higiene_lisboa.py took 0.128 seconds
[2025-12-16T09:47:36.503+0000] {processor.py:161} INFO - Started process (PID=988) to work on /opt/airflow/dags/dag_higiene_lisboa.py
[2025-12-16T09:47:36.509+0000] {processor.py:830} INFO - Processing file /opt/airflow/dags/dag_higiene_lisboa.py for tasks to queue
[2025-12-16T09:47:36.512+0000] {logging_mixin.py:188} INFO - [2025-12-16T09:47:36.512+0000] {dagbag.py:545} INFO - Filling up the DagBag from /opt/airflow/dags/dag_higiene_lisboa.py
[2025-12-16T09:47:36.528+0000] {processor.py:840} INFO - DAG(s) 'higiene_urbana_lisboa_etl' retrieved from /opt/airflow/dags/dag_higiene_lisboa.py
[2025-12-16T09:47:36.566+0000] {logging_mixin.py:188} INFO - [2025-12-16T09:47:36.566+0000] {dag.py:3096} INFO - Sync 1 DAGs
[2025-12-16T09:47:36.600+0000] {logging_mixin.py:188} INFO - [2025-12-16T09:47:36.600+0000] {dag.py:3954} INFO - Setting next_dagrun for higiene_urbana_lisboa_etl to 2025-12-16 00:00:00+00:00, run_after=2025-12-17 00:00:00+00:00
[2025-12-16T09:47:36.626+0000] {processor.py:183} INFO - Processing /opt/airflow/dags/dag_higiene_lisboa.py took 0.130 seconds
[2025-12-16T09:48:06.744+0000] {processor.py:161} INFO - Started process (PID=993) to work on /opt/airflow/dags/dag_higiene_lisboa.py
[2025-12-16T09:48:06.848+0000] {processor.py:830} INFO - Processing file /opt/airflow/dags/dag_higiene_lisboa.py for tasks to queue
[2025-12-16T09:48:06.850+0000] {logging_mixin.py:188} INFO - [2025-12-16T09:48:06.850+0000] {dagbag.py:545} INFO - Filling up the DagBag from /opt/airflow/dags/dag_higiene_lisboa.py
[2025-12-16T09:48:06.867+0000] {processor.py:840} INFO - DAG(s) 'higiene_urbana_lisboa_etl' retrieved from /opt/airflow/dags/dag_higiene_lisboa.py
[2025-12-16T09:48:06.906+0000] {logging_mixin.py:188} INFO - [2025-12-16T09:48:06.906+0000] {dag.py:3096} INFO - Sync 1 DAGs
[2025-12-16T09:48:06.939+0000] {logging_mixin.py:188} INFO - [2025-12-16T09:48:06.939+0000] {dag.py:3954} INFO - Setting next_dagrun for higiene_urbana_lisboa_etl to 2025-12-16 00:00:00+00:00, run_after=2025-12-17 00:00:00+00:00
[2025-12-16T09:48:06.969+0000] {processor.py:183} INFO - Processing /opt/airflow/dags/dag_higiene_lisboa.py took 0.233 seconds
[2025-12-16T09:48:37.139+0000] {processor.py:161} INFO - Started process (PID=998) to work on /opt/airflow/dags/dag_higiene_lisboa.py
[2025-12-16T09:48:37.146+0000] {processor.py:830} INFO - Processing file /opt/airflow/dags/dag_higiene_lisboa.py for tasks to queue
[2025-12-16T09:48:37.148+0000] {logging_mixin.py:188} INFO - [2025-12-16T09:48:37.148+0000] {dagbag.py:545} INFO - Filling up the DagBag from /opt/airflow/dags/dag_higiene_lisboa.py
[2025-12-16T09:48:37.164+0000] {processor.py:840} INFO - DAG(s) 'higiene_urbana_lisboa_etl' retrieved from /opt/airflow/dags/dag_higiene_lisboa.py
[2025-12-16T09:48:37.202+0000] {logging_mixin.py:188} INFO - [2025-12-16T09:48:37.202+0000] {dag.py:3096} INFO - Sync 1 DAGs
[2025-12-16T09:48:37.236+0000] {logging_mixin.py:188} INFO - [2025-12-16T09:48:37.236+0000] {dag.py:3954} INFO - Setting next_dagrun for higiene_urbana_lisboa_etl to 2025-12-16 00:00:00+00:00, run_after=2025-12-17 00:00:00+00:00
[2025-12-16T09:48:37.261+0000] {processor.py:183} INFO - Processing /opt/airflow/dags/dag_higiene_lisboa.py took 0.130 seconds
[2025-12-16T09:49:07.428+0000] {processor.py:161} INFO - Started process (PID=1003) to work on /opt/airflow/dags/dag_higiene_lisboa.py
[2025-12-16T09:49:07.435+0000] {processor.py:830} INFO - Processing file /opt/airflow/dags/dag_higiene_lisboa.py for tasks to queue
[2025-12-16T09:49:07.438+0000] {logging_mixin.py:188} INFO - [2025-12-16T09:49:07.438+0000] {dagbag.py:545} INFO - Filling up the DagBag from /opt/airflow/dags/dag_higiene_lisboa.py
[2025-12-16T09:49:07.455+0000] {processor.py:840} INFO - DAG(s) 'higiene_urbana_lisboa_etl' retrieved from /opt/airflow/dags/dag_higiene_lisboa.py
[2025-12-16T09:49:07.498+0000] {logging_mixin.py:188} INFO - [2025-12-16T09:49:07.497+0000] {dag.py:3096} INFO - Sync 1 DAGs
[2025-12-16T09:49:07.532+0000] {logging_mixin.py:188} INFO - [2025-12-16T09:49:07.532+0000] {dag.py:3954} INFO - Setting next_dagrun for higiene_urbana_lisboa_etl to 2025-12-16 00:00:00+00:00, run_after=2025-12-17 00:00:00+00:00
[2025-12-16T09:49:07.564+0000] {processor.py:183} INFO - Processing /opt/airflow/dags/dag_higiene_lisboa.py took 0.143 seconds
[2025-12-16T09:49:37.729+0000] {processor.py:161} INFO - Started process (PID=1008) to work on /opt/airflow/dags/dag_higiene_lisboa.py
[2025-12-16T09:49:37.736+0000] {processor.py:830} INFO - Processing file /opt/airflow/dags/dag_higiene_lisboa.py for tasks to queue
[2025-12-16T09:49:37.739+0000] {logging_mixin.py:188} INFO - [2025-12-16T09:49:37.738+0000] {dagbag.py:545} INFO - Filling up the DagBag from /opt/airflow/dags/dag_higiene_lisboa.py
[2025-12-16T09:49:37.757+0000] {processor.py:840} INFO - DAG(s) 'higiene_urbana_lisboa_etl' retrieved from /opt/airflow/dags/dag_higiene_lisboa.py
[2025-12-16T09:49:37.795+0000] {logging_mixin.py:188} INFO - [2025-12-16T09:49:37.794+0000] {dag.py:3096} INFO - Sync 1 DAGs
[2025-12-16T09:49:37.824+0000] {logging_mixin.py:188} INFO - [2025-12-16T09:49:37.823+0000] {dag.py:3954} INFO - Setting next_dagrun for higiene_urbana_lisboa_etl to 2025-12-16 00:00:00+00:00, run_after=2025-12-17 00:00:00+00:00
[2025-12-16T09:49:37.847+0000] {processor.py:183} INFO - Processing /opt/airflow/dags/dag_higiene_lisboa.py took 0.126 seconds
[2025-12-16T09:50:08.017+0000] {processor.py:161} INFO - Started process (PID=1013) to work on /opt/airflow/dags/dag_higiene_lisboa.py
[2025-12-16T09:50:08.019+0000] {processor.py:830} INFO - Processing file /opt/airflow/dags/dag_higiene_lisboa.py for tasks to queue
[2025-12-16T09:50:08.021+0000] {logging_mixin.py:188} INFO - [2025-12-16T09:50:08.020+0000] {dagbag.py:545} INFO - Filling up the DagBag from /opt/airflow/dags/dag_higiene_lisboa.py
[2025-12-16T09:50:08.039+0000] {processor.py:840} INFO - DAG(s) 'higiene_urbana_lisboa_etl' retrieved from /opt/airflow/dags/dag_higiene_lisboa.py
[2025-12-16T09:50:08.075+0000] {logging_mixin.py:188} INFO - [2025-12-16T09:50:08.075+0000] {dag.py:3096} INFO - Sync 1 DAGs
[2025-12-16T09:50:08.105+0000] {logging_mixin.py:188} INFO - [2025-12-16T09:50:08.105+0000] {dag.py:3954} INFO - Setting next_dagrun for higiene_urbana_lisboa_etl to 2025-12-16 00:00:00+00:00, run_after=2025-12-17 00:00:00+00:00
[2025-12-16T09:50:08.134+0000] {processor.py:183} INFO - Processing /opt/airflow/dags/dag_higiene_lisboa.py took 0.124 seconds
[2025-12-16T09:50:38.180+0000] {processor.py:161} INFO - Started process (PID=1018) to work on /opt/airflow/dags/dag_higiene_lisboa.py
[2025-12-16T09:50:38.181+0000] {processor.py:830} INFO - Processing file /opt/airflow/dags/dag_higiene_lisboa.py for tasks to queue
[2025-12-16T09:50:38.184+0000] {logging_mixin.py:188} INFO - [2025-12-16T09:50:38.183+0000] {dagbag.py:545} INFO - Filling up the DagBag from /opt/airflow/dags/dag_higiene_lisboa.py
[2025-12-16T09:50:38.199+0000] {processor.py:840} INFO - DAG(s) 'higiene_urbana_lisboa_etl' retrieved from /opt/airflow/dags/dag_higiene_lisboa.py
[2025-12-16T09:50:38.236+0000] {logging_mixin.py:188} INFO - [2025-12-16T09:50:38.236+0000] {dag.py:3096} INFO - Sync 1 DAGs
[2025-12-16T09:50:38.269+0000] {logging_mixin.py:188} INFO - [2025-12-16T09:50:38.269+0000] {dag.py:3954} INFO - Setting next_dagrun for higiene_urbana_lisboa_etl to 2025-12-16 00:00:00+00:00, run_after=2025-12-17 00:00:00+00:00
[2025-12-16T09:50:38.296+0000] {processor.py:183} INFO - Processing /opt/airflow/dags/dag_higiene_lisboa.py took 0.123 seconds
[2025-12-16T09:51:08.454+0000] {processor.py:161} INFO - Started process (PID=1023) to work on /opt/airflow/dags/dag_higiene_lisboa.py
[2025-12-16T09:51:08.456+0000] {processor.py:830} INFO - Processing file /opt/airflow/dags/dag_higiene_lisboa.py for tasks to queue
[2025-12-16T09:51:08.458+0000] {logging_mixin.py:188} INFO - [2025-12-16T09:51:08.458+0000] {dagbag.py:545} INFO - Filling up the DagBag from /opt/airflow/dags/dag_higiene_lisboa.py
[2025-12-16T09:51:08.474+0000] {processor.py:840} INFO - DAG(s) 'higiene_urbana_lisboa_etl' retrieved from /opt/airflow/dags/dag_higiene_lisboa.py
[2025-12-16T09:51:08.512+0000] {logging_mixin.py:188} INFO - [2025-12-16T09:51:08.511+0000] {dag.py:3096} INFO - Sync 1 DAGs
[2025-12-16T09:51:08.542+0000] {logging_mixin.py:188} INFO - [2025-12-16T09:51:08.542+0000] {dag.py:3954} INFO - Setting next_dagrun for higiene_urbana_lisboa_etl to 2025-12-16 00:00:00+00:00, run_after=2025-12-17 00:00:00+00:00
[2025-12-16T09:51:08.570+0000] {processor.py:183} INFO - Processing /opt/airflow/dags/dag_higiene_lisboa.py took 0.123 seconds
[2025-12-16T09:51:38.627+0000] {processor.py:161} INFO - Started process (PID=1028) to work on /opt/airflow/dags/dag_higiene_lisboa.py
[2025-12-16T09:51:38.633+0000] {processor.py:830} INFO - Processing file /opt/airflow/dags/dag_higiene_lisboa.py for tasks to queue
[2025-12-16T09:51:38.636+0000] {logging_mixin.py:188} INFO - [2025-12-16T09:51:38.636+0000] {dagbag.py:545} INFO - Filling up the DagBag from /opt/airflow/dags/dag_higiene_lisboa.py
[2025-12-16T09:51:38.652+0000] {processor.py:840} INFO - DAG(s) 'higiene_urbana_lisboa_etl' retrieved from /opt/airflow/dags/dag_higiene_lisboa.py
[2025-12-16T09:51:38.690+0000] {logging_mixin.py:188} INFO - [2025-12-16T09:51:38.690+0000] {dag.py:3096} INFO - Sync 1 DAGs
[2025-12-16T09:51:38.721+0000] {logging_mixin.py:188} INFO - [2025-12-16T09:51:38.721+0000] {dag.py:3954} INFO - Setting next_dagrun for higiene_urbana_lisboa_etl to 2025-12-16 00:00:00+00:00, run_after=2025-12-17 00:00:00+00:00
[2025-12-16T09:51:38.748+0000] {processor.py:183} INFO - Processing /opt/airflow/dags/dag_higiene_lisboa.py took 0.128 seconds
[2025-12-16T09:52:08.885+0000] {processor.py:161} INFO - Started process (PID=1033) to work on /opt/airflow/dags/dag_higiene_lisboa.py
[2025-12-16T09:52:08.892+0000] {processor.py:830} INFO - Processing file /opt/airflow/dags/dag_higiene_lisboa.py for tasks to queue
[2025-12-16T09:52:08.895+0000] {logging_mixin.py:188} INFO - [2025-12-16T09:52:08.894+0000] {dagbag.py:545} INFO - Filling up the DagBag from /opt/airflow/dags/dag_higiene_lisboa.py
[2025-12-16T09:52:08.911+0000] {processor.py:840} INFO - DAG(s) 'higiene_urbana_lisboa_etl' retrieved from /opt/airflow/dags/dag_higiene_lisboa.py
[2025-12-16T09:52:08.950+0000] {logging_mixin.py:188} INFO - [2025-12-16T09:52:08.949+0000] {dag.py:3096} INFO - Sync 1 DAGs
[2025-12-16T09:52:08.982+0000] {logging_mixin.py:188} INFO - [2025-12-16T09:52:08.981+0000] {dag.py:3954} INFO - Setting next_dagrun for higiene_urbana_lisboa_etl to 2025-12-16 00:00:00+00:00, run_after=2025-12-17 00:00:00+00:00
[2025-12-16T09:52:09.009+0000] {processor.py:183} INFO - Processing /opt/airflow/dags/dag_higiene_lisboa.py took 0.131 seconds
[2025-12-16T09:52:39.058+0000] {processor.py:161} INFO - Started process (PID=1038) to work on /opt/airflow/dags/dag_higiene_lisboa.py
[2025-12-16T09:52:39.065+0000] {processor.py:830} INFO - Processing file /opt/airflow/dags/dag_higiene_lisboa.py for tasks to queue
[2025-12-16T09:52:39.068+0000] {logging_mixin.py:188} INFO - [2025-12-16T09:52:39.068+0000] {dagbag.py:545} INFO - Filling up the DagBag from /opt/airflow/dags/dag_higiene_lisboa.py
[2025-12-16T09:52:39.085+0000] {processor.py:840} INFO - DAG(s) 'higiene_urbana_lisboa_etl' retrieved from /opt/airflow/dags/dag_higiene_lisboa.py
[2025-12-16T09:52:39.119+0000] {logging_mixin.py:188} INFO - [2025-12-16T09:52:39.119+0000] {dag.py:3096} INFO - Sync 1 DAGs
[2025-12-16T09:52:39.147+0000] {logging_mixin.py:188} INFO - [2025-12-16T09:52:39.146+0000] {dag.py:3954} INFO - Setting next_dagrun for higiene_urbana_lisboa_etl to 2025-12-16 00:00:00+00:00, run_after=2025-12-17 00:00:00+00:00
[2025-12-16T09:52:39.173+0000] {processor.py:183} INFO - Processing /opt/airflow/dags/dag_higiene_lisboa.py took 0.121 seconds
[2025-12-16T09:53:09.324+0000] {processor.py:161} INFO - Started process (PID=1043) to work on /opt/airflow/dags/dag_higiene_lisboa.py
[2025-12-16T09:53:09.331+0000] {processor.py:830} INFO - Processing file /opt/airflow/dags/dag_higiene_lisboa.py for tasks to queue
[2025-12-16T09:53:09.333+0000] {logging_mixin.py:188} INFO - [2025-12-16T09:53:09.333+0000] {dagbag.py:545} INFO - Filling up the DagBag from /opt/airflow/dags/dag_higiene_lisboa.py
[2025-12-16T09:53:09.349+0000] {processor.py:840} INFO - DAG(s) 'higiene_urbana_lisboa_etl' retrieved from /opt/airflow/dags/dag_higiene_lisboa.py
[2025-12-16T09:53:09.385+0000] {logging_mixin.py:188} INFO - [2025-12-16T09:53:09.385+0000] {dag.py:3096} INFO - Sync 1 DAGs
[2025-12-16T09:53:09.415+0000] {logging_mixin.py:188} INFO - [2025-12-16T09:53:09.414+0000] {dag.py:3954} INFO - Setting next_dagrun for higiene_urbana_lisboa_etl to 2025-12-16 00:00:00+00:00, run_after=2025-12-17 00:00:00+00:00
[2025-12-16T09:53:09.444+0000] {processor.py:183} INFO - Processing /opt/airflow/dags/dag_higiene_lisboa.py took 0.127 seconds
[2025-12-16T09:53:39.493+0000] {processor.py:161} INFO - Started process (PID=1048) to work on /opt/airflow/dags/dag_higiene_lisboa.py
[2025-12-16T09:53:39.500+0000] {processor.py:830} INFO - Processing file /opt/airflow/dags/dag_higiene_lisboa.py for tasks to queue
[2025-12-16T09:53:39.502+0000] {logging_mixin.py:188} INFO - [2025-12-16T09:53:39.502+0000] {dagbag.py:545} INFO - Filling up the DagBag from /opt/airflow/dags/dag_higiene_lisboa.py
[2025-12-16T09:53:39.518+0000] {processor.py:840} INFO - DAG(s) 'higiene_urbana_lisboa_etl' retrieved from /opt/airflow/dags/dag_higiene_lisboa.py
[2025-12-16T09:53:39.557+0000] {logging_mixin.py:188} INFO - [2025-12-16T09:53:39.557+0000] {dag.py:3096} INFO - Sync 1 DAGs
[2025-12-16T09:53:39.589+0000] {logging_mixin.py:188} INFO - [2025-12-16T09:53:39.589+0000] {dag.py:3954} INFO - Setting next_dagrun for higiene_urbana_lisboa_etl to 2025-12-16 00:00:00+00:00, run_after=2025-12-17 00:00:00+00:00
[2025-12-16T09:53:39.617+0000] {processor.py:183} INFO - Processing /opt/airflow/dags/dag_higiene_lisboa.py took 0.131 seconds
[2025-12-16T09:54:09.755+0000] {processor.py:161} INFO - Started process (PID=1053) to work on /opt/airflow/dags/dag_higiene_lisboa.py
[2025-12-16T09:54:09.761+0000] {processor.py:830} INFO - Processing file /opt/airflow/dags/dag_higiene_lisboa.py for tasks to queue
[2025-12-16T09:54:09.763+0000] {logging_mixin.py:188} INFO - [2025-12-16T09:54:09.762+0000] {dagbag.py:545} INFO - Filling up the DagBag from /opt/airflow/dags/dag_higiene_lisboa.py
[2025-12-16T09:54:09.776+0000] {processor.py:840} INFO - DAG(s) 'higiene_urbana_lisboa_etl' retrieved from /opt/airflow/dags/dag_higiene_lisboa.py
[2025-12-16T09:54:09.808+0000] {logging_mixin.py:188} INFO - [2025-12-16T09:54:09.808+0000] {dag.py:3096} INFO - Sync 1 DAGs
[2025-12-16T09:54:09.837+0000] {logging_mixin.py:188} INFO - [2025-12-16T09:54:09.836+0000] {dag.py:3954} INFO - Setting next_dagrun for higiene_urbana_lisboa_etl to 2025-12-16 00:00:00+00:00, run_after=2025-12-17 00:00:00+00:00
[2025-12-16T09:54:09.859+0000] {processor.py:183} INFO - Processing /opt/airflow/dags/dag_higiene_lisboa.py took 0.110 seconds
[2025-12-16T09:54:39.922+0000] {processor.py:161} INFO - Started process (PID=1058) to work on /opt/airflow/dags/dag_higiene_lisboa.py
[2025-12-16T09:54:39.929+0000] {processor.py:830} INFO - Processing file /opt/airflow/dags/dag_higiene_lisboa.py for tasks to queue
[2025-12-16T09:54:39.931+0000] {logging_mixin.py:188} INFO - [2025-12-16T09:54:39.931+0000] {dagbag.py:545} INFO - Filling up the DagBag from /opt/airflow/dags/dag_higiene_lisboa.py
[2025-12-16T09:54:39.947+0000] {processor.py:840} INFO - DAG(s) 'higiene_urbana_lisboa_etl' retrieved from /opt/airflow/dags/dag_higiene_lisboa.py
[2025-12-16T09:54:39.985+0000] {logging_mixin.py:188} INFO - [2025-12-16T09:54:39.985+0000] {dag.py:3096} INFO - Sync 1 DAGs
[2025-12-16T09:54:40.016+0000] {logging_mixin.py:188} INFO - [2025-12-16T09:54:40.016+0000] {dag.py:3954} INFO - Setting next_dagrun for higiene_urbana_lisboa_etl to 2025-12-16 00:00:00+00:00, run_after=2025-12-17 00:00:00+00:00
[2025-12-16T09:54:40.044+0000] {processor.py:183} INFO - Processing /opt/airflow/dags/dag_higiene_lisboa.py took 0.129 seconds
[2025-12-16T09:55:10.161+0000] {processor.py:161} INFO - Started process (PID=1063) to work on /opt/airflow/dags/dag_higiene_lisboa.py
[2025-12-16T09:55:10.168+0000] {processor.py:830} INFO - Processing file /opt/airflow/dags/dag_higiene_lisboa.py for tasks to queue
[2025-12-16T09:55:10.171+0000] {logging_mixin.py:188} INFO - [2025-12-16T09:55:10.170+0000] {dagbag.py:545} INFO - Filling up the DagBag from /opt/airflow/dags/dag_higiene_lisboa.py
[2025-12-16T09:55:10.186+0000] {processor.py:840} INFO - DAG(s) 'higiene_urbana_lisboa_etl' retrieved from /opt/airflow/dags/dag_higiene_lisboa.py
[2025-12-16T09:55:10.223+0000] {logging_mixin.py:188} INFO - [2025-12-16T09:55:10.222+0000] {dag.py:3096} INFO - Sync 1 DAGs
[2025-12-16T09:55:10.255+0000] {logging_mixin.py:188} INFO - [2025-12-16T09:55:10.255+0000] {dag.py:3954} INFO - Setting next_dagrun for higiene_urbana_lisboa_etl to 2025-12-16 00:00:00+00:00, run_after=2025-12-17 00:00:00+00:00
[2025-12-16T09:55:10.282+0000] {processor.py:183} INFO - Processing /opt/airflow/dags/dag_higiene_lisboa.py took 0.128 seconds
[2025-12-16T09:55:40.374+0000] {processor.py:161} INFO - Started process (PID=1068) to work on /opt/airflow/dags/dag_higiene_lisboa.py
[2025-12-16T09:55:40.395+0000] {processor.py:830} INFO - Processing file /opt/airflow/dags/dag_higiene_lisboa.py for tasks to queue
[2025-12-16T09:55:40.398+0000] {logging_mixin.py:188} INFO - [2025-12-16T09:55:40.397+0000] {dagbag.py:545} INFO - Filling up the DagBag from /opt/airflow/dags/dag_higiene_lisboa.py
[2025-12-16T09:55:40.413+0000] {processor.py:840} INFO - DAG(s) 'higiene_urbana_lisboa_etl' retrieved from /opt/airflow/dags/dag_higiene_lisboa.py
[2025-12-16T09:55:40.451+0000] {logging_mixin.py:188} INFO - [2025-12-16T09:55:40.450+0000] {dag.py:3096} INFO - Sync 1 DAGs
[2025-12-16T09:55:40.479+0000] {logging_mixin.py:188} INFO - [2025-12-16T09:55:40.478+0000] {dag.py:3954} INFO - Setting next_dagrun for higiene_urbana_lisboa_etl to 2025-12-16 00:00:00+00:00, run_after=2025-12-17 00:00:00+00:00
[2025-12-16T09:55:40.504+0000] {processor.py:183} INFO - Processing /opt/airflow/dags/dag_higiene_lisboa.py took 0.137 seconds
[2025-12-16T09:56:10.601+0000] {processor.py:161} INFO - Started process (PID=1073) to work on /opt/airflow/dags/dag_higiene_lisboa.py
[2025-12-16T09:56:10.608+0000] {processor.py:830} INFO - Processing file /opt/airflow/dags/dag_higiene_lisboa.py for tasks to queue
[2025-12-16T09:56:10.611+0000] {logging_mixin.py:188} INFO - [2025-12-16T09:56:10.611+0000] {dagbag.py:545} INFO - Filling up the DagBag from /opt/airflow/dags/dag_higiene_lisboa.py
[2025-12-16T09:56:10.626+0000] {processor.py:840} INFO - DAG(s) 'higiene_urbana_lisboa_etl' retrieved from /opt/airflow/dags/dag_higiene_lisboa.py
[2025-12-16T09:56:10.665+0000] {logging_mixin.py:188} INFO - [2025-12-16T09:56:10.664+0000] {dag.py:3096} INFO - Sync 1 DAGs
[2025-12-16T09:56:10.697+0000] {logging_mixin.py:188} INFO - [2025-12-16T09:56:10.696+0000] {dag.py:3954} INFO - Setting next_dagrun for higiene_urbana_lisboa_etl to 2025-12-16 00:00:00+00:00, run_after=2025-12-17 00:00:00+00:00
[2025-12-16T09:56:10.725+0000] {processor.py:183} INFO - Processing /opt/airflow/dags/dag_higiene_lisboa.py took 0.130 seconds
[2025-12-16T09:56:40.823+0000] {processor.py:161} INFO - Started process (PID=1078) to work on /opt/airflow/dags/dag_higiene_lisboa.py
[2025-12-16T09:56:40.830+0000] {processor.py:830} INFO - Processing file /opt/airflow/dags/dag_higiene_lisboa.py for tasks to queue
[2025-12-16T09:56:40.833+0000] {logging_mixin.py:188} INFO - [2025-12-16T09:56:40.833+0000] {dagbag.py:545} INFO - Filling up the DagBag from /opt/airflow/dags/dag_higiene_lisboa.py
[2025-12-16T09:56:40.850+0000] {processor.py:840} INFO - DAG(s) 'higiene_urbana_lisboa_etl' retrieved from /opt/airflow/dags/dag_higiene_lisboa.py
[2025-12-16T09:56:40.886+0000] {logging_mixin.py:188} INFO - [2025-12-16T09:56:40.886+0000] {dag.py:3096} INFO - Sync 1 DAGs
[2025-12-16T09:56:40.919+0000] {logging_mixin.py:188} INFO - [2025-12-16T09:56:40.918+0000] {dag.py:3954} INFO - Setting next_dagrun for higiene_urbana_lisboa_etl to 2025-12-16 00:00:00+00:00, run_after=2025-12-17 00:00:00+00:00
[2025-12-16T09:56:40.947+0000] {processor.py:183} INFO - Processing /opt/airflow/dags/dag_higiene_lisboa.py took 0.131 seconds
[2025-12-16T09:57:11.044+0000] {processor.py:161} INFO - Started process (PID=1083) to work on /opt/airflow/dags/dag_higiene_lisboa.py
[2025-12-16T09:57:11.045+0000] {processor.py:830} INFO - Processing file /opt/airflow/dags/dag_higiene_lisboa.py for tasks to queue
[2025-12-16T09:57:11.047+0000] {logging_mixin.py:188} INFO - [2025-12-16T09:57:11.046+0000] {dagbag.py:545} INFO - Filling up the DagBag from /opt/airflow/dags/dag_higiene_lisboa.py
[2025-12-16T09:57:11.065+0000] {processor.py:840} INFO - DAG(s) 'higiene_urbana_lisboa_etl' retrieved from /opt/airflow/dags/dag_higiene_lisboa.py
[2025-12-16T09:57:11.107+0000] {logging_mixin.py:188} INFO - [2025-12-16T09:57:11.107+0000] {dag.py:3096} INFO - Sync 1 DAGs
[2025-12-16T09:57:11.143+0000] {logging_mixin.py:188} INFO - [2025-12-16T09:57:11.142+0000] {dag.py:3954} INFO - Setting next_dagrun for higiene_urbana_lisboa_etl to 2025-12-16 00:00:00+00:00, run_after=2025-12-17 00:00:00+00:00
[2025-12-16T09:57:11.174+0000] {processor.py:183} INFO - Processing /opt/airflow/dags/dag_higiene_lisboa.py took 0.140 seconds
[2025-12-16T09:57:41.271+0000] {processor.py:161} INFO - Started process (PID=1088) to work on /opt/airflow/dags/dag_higiene_lisboa.py
[2025-12-16T09:57:41.278+0000] {processor.py:830} INFO - Processing file /opt/airflow/dags/dag_higiene_lisboa.py for tasks to queue
[2025-12-16T09:57:41.281+0000] {logging_mixin.py:188} INFO - [2025-12-16T09:57:41.281+0000] {dagbag.py:545} INFO - Filling up the DagBag from /opt/airflow/dags/dag_higiene_lisboa.py
[2025-12-16T09:57:41.298+0000] {processor.py:840} INFO - DAG(s) 'higiene_urbana_lisboa_etl' retrieved from /opt/airflow/dags/dag_higiene_lisboa.py
[2025-12-16T09:57:41.337+0000] {logging_mixin.py:188} INFO - [2025-12-16T09:57:41.337+0000] {dag.py:3096} INFO - Sync 1 DAGs
[2025-12-16T09:57:41.369+0000] {logging_mixin.py:188} INFO - [2025-12-16T09:57:41.368+0000] {dag.py:3954} INFO - Setting next_dagrun for higiene_urbana_lisboa_etl to 2025-12-16 00:00:00+00:00, run_after=2025-12-17 00:00:00+00:00
[2025-12-16T09:57:41.396+0000] {processor.py:183} INFO - Processing /opt/airflow/dags/dag_higiene_lisboa.py took 0.132 seconds
[2025-12-16T09:58:11.495+0000] {processor.py:161} INFO - Started process (PID=1093) to work on /opt/airflow/dags/dag_higiene_lisboa.py
[2025-12-16T09:58:11.502+0000] {processor.py:830} INFO - Processing file /opt/airflow/dags/dag_higiene_lisboa.py for tasks to queue
[2025-12-16T09:58:11.504+0000] {logging_mixin.py:188} INFO - [2025-12-16T09:58:11.503+0000] {dagbag.py:545} INFO - Filling up the DagBag from /opt/airflow/dags/dag_higiene_lisboa.py
[2025-12-16T09:58:11.519+0000] {processor.py:840} INFO - DAG(s) 'higiene_urbana_lisboa_etl' retrieved from /opt/airflow/dags/dag_higiene_lisboa.py
[2025-12-16T09:58:11.553+0000] {logging_mixin.py:188} INFO - [2025-12-16T09:58:11.553+0000] {dag.py:3096} INFO - Sync 1 DAGs
[2025-12-16T09:58:11.582+0000] {logging_mixin.py:188} INFO - [2025-12-16T09:58:11.582+0000] {dag.py:3954} INFO - Setting next_dagrun for higiene_urbana_lisboa_etl to 2025-12-16 00:00:00+00:00, run_after=2025-12-17 00:00:00+00:00
[2025-12-16T09:58:11.603+0000] {processor.py:183} INFO - Processing /opt/airflow/dags/dag_higiene_lisboa.py took 0.115 seconds
[2025-12-16T09:58:41.681+0000] {processor.py:161} INFO - Started process (PID=1098) to work on /opt/airflow/dags/dag_higiene_lisboa.py
[2025-12-16T09:58:41.688+0000] {processor.py:830} INFO - Processing file /opt/airflow/dags/dag_higiene_lisboa.py for tasks to queue
[2025-12-16T09:58:41.690+0000] {logging_mixin.py:188} INFO - [2025-12-16T09:58:41.689+0000] {dagbag.py:545} INFO - Filling up the DagBag from /opt/airflow/dags/dag_higiene_lisboa.py
[2025-12-16T09:58:41.700+0000] {processor.py:840} INFO - DAG(s) 'higiene_urbana_lisboa_etl' retrieved from /opt/airflow/dags/dag_higiene_lisboa.py
[2025-12-16T09:58:41.725+0000] {logging_mixin.py:188} INFO - [2025-12-16T09:58:41.725+0000] {dag.py:3096} INFO - Sync 1 DAGs
[2025-12-16T09:58:41.744+0000] {logging_mixin.py:188} INFO - [2025-12-16T09:58:41.744+0000] {dag.py:3954} INFO - Setting next_dagrun for higiene_urbana_lisboa_etl to 2025-12-16 00:00:00+00:00, run_after=2025-12-17 00:00:00+00:00
[2025-12-16T09:58:41.763+0000] {processor.py:183} INFO - Processing /opt/airflow/dags/dag_higiene_lisboa.py took 0.086 seconds
[2025-12-16T09:59:11.866+0000] {processor.py:161} INFO - Started process (PID=1103) to work on /opt/airflow/dags/dag_higiene_lisboa.py
[2025-12-16T09:59:11.871+0000] {processor.py:830} INFO - Processing file /opt/airflow/dags/dag_higiene_lisboa.py for tasks to queue
[2025-12-16T09:59:11.875+0000] {logging_mixin.py:188} INFO - [2025-12-16T09:59:11.875+0000] {dagbag.py:545} INFO - Filling up the DagBag from /opt/airflow/dags/dag_higiene_lisboa.py
[2025-12-16T09:59:11.888+0000] {processor.py:840} INFO - DAG(s) 'higiene_urbana_lisboa_etl' retrieved from /opt/airflow/dags/dag_higiene_lisboa.py
[2025-12-16T09:59:11.915+0000] {logging_mixin.py:188} INFO - [2025-12-16T09:59:11.914+0000] {dag.py:3096} INFO - Sync 1 DAGs
[2025-12-16T09:59:11.935+0000] {logging_mixin.py:188} INFO - [2025-12-16T09:59:11.935+0000] {dag.py:3954} INFO - Setting next_dagrun for higiene_urbana_lisboa_etl to 2025-12-16 00:00:00+00:00, run_after=2025-12-17 00:00:00+00:00
[2025-12-16T09:59:11.951+0000] {processor.py:183} INFO - Processing /opt/airflow/dags/dag_higiene_lisboa.py took 0.093 seconds
[2025-12-16T09:59:42.044+0000] {processor.py:161} INFO - Started process (PID=1108) to work on /opt/airflow/dags/dag_higiene_lisboa.py
[2025-12-16T09:59:42.051+0000] {processor.py:830} INFO - Processing file /opt/airflow/dags/dag_higiene_lisboa.py for tasks to queue
[2025-12-16T09:59:42.055+0000] {logging_mixin.py:188} INFO - [2025-12-16T09:59:42.054+0000] {dagbag.py:545} INFO - Filling up the DagBag from /opt/airflow/dags/dag_higiene_lisboa.py
[2025-12-16T09:59:42.075+0000] {processor.py:840} INFO - DAG(s) 'higiene_urbana_lisboa_etl' retrieved from /opt/airflow/dags/dag_higiene_lisboa.py
[2025-12-16T09:59:42.129+0000] {logging_mixin.py:188} INFO - [2025-12-16T09:59:42.128+0000] {dag.py:3096} INFO - Sync 1 DAGs
[2025-12-16T09:59:42.163+0000] {logging_mixin.py:188} INFO - [2025-12-16T09:59:42.163+0000] {dag.py:3954} INFO - Setting next_dagrun for higiene_urbana_lisboa_etl to 2025-12-16 00:00:00+00:00, run_after=2025-12-17 00:00:00+00:00
[2025-12-16T09:59:42.190+0000] {processor.py:183} INFO - Processing /opt/airflow/dags/dag_higiene_lisboa.py took 0.160 seconds
[2025-12-16T10:00:12.254+0000] {processor.py:161} INFO - Started process (PID=1113) to work on /opt/airflow/dags/dag_higiene_lisboa.py
[2025-12-16T10:00:12.261+0000] {processor.py:830} INFO - Processing file /opt/airflow/dags/dag_higiene_lisboa.py for tasks to queue
[2025-12-16T10:00:12.264+0000] {logging_mixin.py:188} INFO - [2025-12-16T10:00:12.264+0000] {dagbag.py:545} INFO - Filling up the DagBag from /opt/airflow/dags/dag_higiene_lisboa.py
[2025-12-16T10:00:12.286+0000] {processor.py:840} INFO - DAG(s) 'higiene_urbana_lisboa_etl' retrieved from /opt/airflow/dags/dag_higiene_lisboa.py
[2025-12-16T10:00:12.327+0000] {logging_mixin.py:188} INFO - [2025-12-16T10:00:12.326+0000] {dag.py:3096} INFO - Sync 1 DAGs
[2025-12-16T10:00:12.362+0000] {logging_mixin.py:188} INFO - [2025-12-16T10:00:12.362+0000] {dag.py:3954} INFO - Setting next_dagrun for higiene_urbana_lisboa_etl to 2025-12-16 00:00:00+00:00, run_after=2025-12-17 00:00:00+00:00
[2025-12-16T10:00:12.395+0000] {processor.py:183} INFO - Processing /opt/airflow/dags/dag_higiene_lisboa.py took 0.149 seconds
[2025-12-16T10:00:42.512+0000] {processor.py:161} INFO - Started process (PID=1118) to work on /opt/airflow/dags/dag_higiene_lisboa.py
[2025-12-16T10:00:42.519+0000] {processor.py:830} INFO - Processing file /opt/airflow/dags/dag_higiene_lisboa.py for tasks to queue
[2025-12-16T10:00:42.522+0000] {logging_mixin.py:188} INFO - [2025-12-16T10:00:42.522+0000] {dagbag.py:545} INFO - Filling up the DagBag from /opt/airflow/dags/dag_higiene_lisboa.py
[2025-12-16T10:00:42.539+0000] {processor.py:840} INFO - DAG(s) 'higiene_urbana_lisboa_etl' retrieved from /opt/airflow/dags/dag_higiene_lisboa.py
[2025-12-16T10:00:42.579+0000] {logging_mixin.py:188} INFO - [2025-12-16T10:00:42.578+0000] {dag.py:3096} INFO - Sync 1 DAGs
[2025-12-16T10:00:42.612+0000] {logging_mixin.py:188} INFO - [2025-12-16T10:00:42.612+0000] {dag.py:3954} INFO - Setting next_dagrun for higiene_urbana_lisboa_etl to 2025-12-16 00:00:00+00:00, run_after=2025-12-17 00:00:00+00:00
[2025-12-16T10:00:42.640+0000] {processor.py:183} INFO - Processing /opt/airflow/dags/dag_higiene_lisboa.py took 0.136 seconds
[2025-12-16T10:01:12.723+0000] {processor.py:161} INFO - Started process (PID=1123) to work on /opt/airflow/dags/dag_higiene_lisboa.py
[2025-12-16T10:01:12.726+0000] {processor.py:830} INFO - Processing file /opt/airflow/dags/dag_higiene_lisboa.py for tasks to queue
[2025-12-16T10:01:12.729+0000] {logging_mixin.py:188} INFO - [2025-12-16T10:01:12.728+0000] {dagbag.py:545} INFO - Filling up the DagBag from /opt/airflow/dags/dag_higiene_lisboa.py
[2025-12-16T10:01:12.745+0000] {processor.py:840} INFO - DAG(s) 'higiene_urbana_lisboa_etl' retrieved from /opt/airflow/dags/dag_higiene_lisboa.py
[2025-12-16T10:01:12.785+0000] {logging_mixin.py:188} INFO - [2025-12-16T10:01:12.785+0000] {dag.py:3096} INFO - Sync 1 DAGs
[2025-12-16T10:01:12.816+0000] {logging_mixin.py:188} INFO - [2025-12-16T10:01:12.816+0000] {dag.py:3954} INFO - Setting next_dagrun for higiene_urbana_lisboa_etl to 2025-12-16 00:00:00+00:00, run_after=2025-12-17 00:00:00+00:00
[2025-12-16T10:01:12.844+0000] {processor.py:183} INFO - Processing /opt/airflow/dags/dag_higiene_lisboa.py took 0.129 seconds
[2025-12-16T10:01:42.961+0000] {processor.py:161} INFO - Started process (PID=1128) to work on /opt/airflow/dags/dag_higiene_lisboa.py
[2025-12-16T10:01:42.968+0000] {processor.py:830} INFO - Processing file /opt/airflow/dags/dag_higiene_lisboa.py for tasks to queue
[2025-12-16T10:01:42.971+0000] {logging_mixin.py:188} INFO - [2025-12-16T10:01:42.970+0000] {dagbag.py:545} INFO - Filling up the DagBag from /opt/airflow/dags/dag_higiene_lisboa.py
[2025-12-16T10:01:42.988+0000] {processor.py:840} INFO - DAG(s) 'higiene_urbana_lisboa_etl' retrieved from /opt/airflow/dags/dag_higiene_lisboa.py
[2025-12-16T10:01:43.026+0000] {logging_mixin.py:188} INFO - [2025-12-16T10:01:43.025+0000] {dag.py:3096} INFO - Sync 1 DAGs
[2025-12-16T10:01:43.056+0000] {logging_mixin.py:188} INFO - [2025-12-16T10:01:43.056+0000] {dag.py:3954} INFO - Setting next_dagrun for higiene_urbana_lisboa_etl to 2025-12-16 00:00:00+00:00, run_after=2025-12-17 00:00:00+00:00
[2025-12-16T10:01:43.084+0000] {processor.py:183} INFO - Processing /opt/airflow/dags/dag_higiene_lisboa.py took 0.131 seconds
[2025-12-16T10:02:13.161+0000] {processor.py:161} INFO - Started process (PID=1133) to work on /opt/airflow/dags/dag_higiene_lisboa.py
[2025-12-16T10:02:13.168+0000] {processor.py:830} INFO - Processing file /opt/airflow/dags/dag_higiene_lisboa.py for tasks to queue
[2025-12-16T10:02:13.170+0000] {logging_mixin.py:188} INFO - [2025-12-16T10:02:13.170+0000] {dagbag.py:545} INFO - Filling up the DagBag from /opt/airflow/dags/dag_higiene_lisboa.py
[2025-12-16T10:02:13.187+0000] {processor.py:840} INFO - DAG(s) 'higiene_urbana_lisboa_etl' retrieved from /opt/airflow/dags/dag_higiene_lisboa.py
[2025-12-16T10:02:13.229+0000] {logging_mixin.py:188} INFO - [2025-12-16T10:02:13.229+0000] {dag.py:3096} INFO - Sync 1 DAGs
[2025-12-16T10:02:13.261+0000] {logging_mixin.py:188} INFO - [2025-12-16T10:02:13.260+0000] {dag.py:3954} INFO - Setting next_dagrun for higiene_urbana_lisboa_etl to 2025-12-16 00:00:00+00:00, run_after=2025-12-17 00:00:00+00:00
[2025-12-16T10:02:13.287+0000] {processor.py:183} INFO - Processing /opt/airflow/dags/dag_higiene_lisboa.py took 0.135 seconds
[2025-12-16T10:02:43.414+0000] {processor.py:161} INFO - Started process (PID=1138) to work on /opt/airflow/dags/dag_higiene_lisboa.py
[2025-12-16T10:02:43.459+0000] {processor.py:830} INFO - Processing file /opt/airflow/dags/dag_higiene_lisboa.py for tasks to queue
[2025-12-16T10:02:43.462+0000] {logging_mixin.py:188} INFO - [2025-12-16T10:02:43.462+0000] {dagbag.py:545} INFO - Filling up the DagBag from /opt/airflow/dags/dag_higiene_lisboa.py
[2025-12-16T10:02:43.481+0000] {processor.py:840} INFO - DAG(s) 'higiene_urbana_lisboa_etl' retrieved from /opt/airflow/dags/dag_higiene_lisboa.py
[2025-12-16T10:02:43.520+0000] {logging_mixin.py:188} INFO - [2025-12-16T10:02:43.520+0000] {dag.py:3096} INFO - Sync 1 DAGs
[2025-12-16T10:02:43.553+0000] {logging_mixin.py:188} INFO - [2025-12-16T10:02:43.552+0000] {dag.py:3954} INFO - Setting next_dagrun for higiene_urbana_lisboa_etl to 2025-12-16 00:00:00+00:00, run_after=2025-12-17 00:00:00+00:00
[2025-12-16T10:02:43.580+0000] {processor.py:183} INFO - Processing /opt/airflow/dags/dag_higiene_lisboa.py took 0.174 seconds
[2025-12-16T10:03:13.751+0000] {processor.py:161} INFO - Started process (PID=1143) to work on /opt/airflow/dags/dag_higiene_lisboa.py
[2025-12-16T10:03:13.758+0000] {processor.py:830} INFO - Processing file /opt/airflow/dags/dag_higiene_lisboa.py for tasks to queue
[2025-12-16T10:03:13.761+0000] {logging_mixin.py:188} INFO - [2025-12-16T10:03:13.761+0000] {dagbag.py:545} INFO - Filling up the DagBag from /opt/airflow/dags/dag_higiene_lisboa.py
[2025-12-16T10:03:13.779+0000] {processor.py:840} INFO - DAG(s) 'higiene_urbana_lisboa_etl' retrieved from /opt/airflow/dags/dag_higiene_lisboa.py
[2025-12-16T10:03:13.818+0000] {logging_mixin.py:188} INFO - [2025-12-16T10:03:13.818+0000] {dag.py:3096} INFO - Sync 1 DAGs
[2025-12-16T10:03:13.849+0000] {logging_mixin.py:188} INFO - [2025-12-16T10:03:13.849+0000] {dag.py:3954} INFO - Setting next_dagrun for higiene_urbana_lisboa_etl to 2025-12-16 00:00:00+00:00, run_after=2025-12-17 00:00:00+00:00
[2025-12-16T10:03:13.877+0000] {processor.py:183} INFO - Processing /opt/airflow/dags/dag_higiene_lisboa.py took 0.134 seconds
[2025-12-16T10:03:44.054+0000] {processor.py:161} INFO - Started process (PID=1148) to work on /opt/airflow/dags/dag_higiene_lisboa.py
[2025-12-16T10:03:44.055+0000] {processor.py:830} INFO - Processing file /opt/airflow/dags/dag_higiene_lisboa.py for tasks to queue
[2025-12-16T10:03:44.058+0000] {logging_mixin.py:188} INFO - [2025-12-16T10:03:44.057+0000] {dagbag.py:545} INFO - Filling up the DagBag from /opt/airflow/dags/dag_higiene_lisboa.py
[2025-12-16T10:03:44.074+0000] {processor.py:840} INFO - DAG(s) 'higiene_urbana_lisboa_etl' retrieved from /opt/airflow/dags/dag_higiene_lisboa.py
[2025-12-16T10:03:44.114+0000] {logging_mixin.py:188} INFO - [2025-12-16T10:03:44.113+0000] {dag.py:3096} INFO - Sync 1 DAGs
[2025-12-16T10:03:44.147+0000] {logging_mixin.py:188} INFO - [2025-12-16T10:03:44.147+0000] {dag.py:3954} INFO - Setting next_dagrun for higiene_urbana_lisboa_etl to 2025-12-16 00:00:00+00:00, run_after=2025-12-17 00:00:00+00:00
[2025-12-16T10:03:44.176+0000] {processor.py:183} INFO - Processing /opt/airflow/dags/dag_higiene_lisboa.py took 0.130 seconds
[2025-12-16T10:04:14.352+0000] {processor.py:161} INFO - Started process (PID=1153) to work on /opt/airflow/dags/dag_higiene_lisboa.py
[2025-12-16T10:04:14.353+0000] {processor.py:830} INFO - Processing file /opt/airflow/dags/dag_higiene_lisboa.py for tasks to queue
[2025-12-16T10:04:14.358+0000] {logging_mixin.py:188} INFO - [2025-12-16T10:04:14.357+0000] {dagbag.py:545} INFO - Filling up the DagBag from /opt/airflow/dags/dag_higiene_lisboa.py
[2025-12-16T10:04:14.376+0000] {processor.py:840} INFO - DAG(s) 'higiene_urbana_lisboa_etl' retrieved from /opt/airflow/dags/dag_higiene_lisboa.py
[2025-12-16T10:04:14.422+0000] {logging_mixin.py:188} INFO - [2025-12-16T10:04:14.421+0000] {dag.py:3096} INFO - Sync 1 DAGs
[2025-12-16T10:04:14.459+0000] {logging_mixin.py:188} INFO - [2025-12-16T10:04:14.458+0000] {dag.py:3954} INFO - Setting next_dagrun for higiene_urbana_lisboa_etl to 2025-12-16 00:00:00+00:00, run_after=2025-12-17 00:00:00+00:00
[2025-12-16T10:04:14.489+0000] {processor.py:183} INFO - Processing /opt/airflow/dags/dag_higiene_lisboa.py took 0.147 seconds
[2025-12-16T10:04:44.661+0000] {processor.py:161} INFO - Started process (PID=1158) to work on /opt/airflow/dags/dag_higiene_lisboa.py
[2025-12-16T10:04:44.663+0000] {processor.py:830} INFO - Processing file /opt/airflow/dags/dag_higiene_lisboa.py for tasks to queue
[2025-12-16T10:04:44.665+0000] {logging_mixin.py:188} INFO - [2025-12-16T10:04:44.665+0000] {dagbag.py:545} INFO - Filling up the DagBag from /opt/airflow/dags/dag_higiene_lisboa.py
[2025-12-16T10:04:44.685+0000] {processor.py:840} INFO - DAG(s) 'higiene_urbana_lisboa_etl' retrieved from /opt/airflow/dags/dag_higiene_lisboa.py
[2025-12-16T10:04:44.727+0000] {logging_mixin.py:188} INFO - [2025-12-16T10:04:44.727+0000] {dag.py:3096} INFO - Sync 1 DAGs
[2025-12-16T10:04:44.760+0000] {logging_mixin.py:188} INFO - [2025-12-16T10:04:44.760+0000] {dag.py:3954} INFO - Setting next_dagrun for higiene_urbana_lisboa_etl to 2025-12-16 00:00:00+00:00, run_after=2025-12-17 00:00:00+00:00
[2025-12-16T10:04:44.788+0000] {processor.py:183} INFO - Processing /opt/airflow/dags/dag_higiene_lisboa.py took 0.137 seconds
[2025-12-16T10:05:14.963+0000] {processor.py:161} INFO - Started process (PID=1163) to work on /opt/airflow/dags/dag_higiene_lisboa.py
[2025-12-16T10:05:14.970+0000] {processor.py:830} INFO - Processing file /opt/airflow/dags/dag_higiene_lisboa.py for tasks to queue
[2025-12-16T10:05:14.974+0000] {logging_mixin.py:188} INFO - [2025-12-16T10:05:14.973+0000] {dagbag.py:545} INFO - Filling up the DagBag from /opt/airflow/dags/dag_higiene_lisboa.py
[2025-12-16T10:05:14.991+0000] {processor.py:840} INFO - DAG(s) 'higiene_urbana_lisboa_etl' retrieved from /opt/airflow/dags/dag_higiene_lisboa.py
[2025-12-16T10:05:15.029+0000] {logging_mixin.py:188} INFO - [2025-12-16T10:05:15.029+0000] {dag.py:3096} INFO - Sync 1 DAGs
[2025-12-16T10:05:15.061+0000] {logging_mixin.py:188} INFO - [2025-12-16T10:05:15.060+0000] {dag.py:3954} INFO - Setting next_dagrun for higiene_urbana_lisboa_etl to 2025-12-16 00:00:00+00:00, run_after=2025-12-17 00:00:00+00:00
[2025-12-16T10:05:15.089+0000] {processor.py:183} INFO - Processing /opt/airflow/dags/dag_higiene_lisboa.py took 0.134 seconds
[2025-12-16T10:05:45.132+0000] {processor.py:161} INFO - Started process (PID=1168) to work on /opt/airflow/dags/dag_higiene_lisboa.py
[2025-12-16T10:05:45.139+0000] {processor.py:830} INFO - Processing file /opt/airflow/dags/dag_higiene_lisboa.py for tasks to queue
[2025-12-16T10:05:45.141+0000] {logging_mixin.py:188} INFO - [2025-12-16T10:05:45.141+0000] {dagbag.py:545} INFO - Filling up the DagBag from /opt/airflow/dags/dag_higiene_lisboa.py
[2025-12-16T10:05:45.159+0000] {processor.py:840} INFO - DAG(s) 'higiene_urbana_lisboa_etl' retrieved from /opt/airflow/dags/dag_higiene_lisboa.py
[2025-12-16T10:05:45.197+0000] {logging_mixin.py:188} INFO - [2025-12-16T10:05:45.197+0000] {dag.py:3096} INFO - Sync 1 DAGs
[2025-12-16T10:05:45.231+0000] {logging_mixin.py:188} INFO - [2025-12-16T10:05:45.231+0000] {dag.py:3954} INFO - Setting next_dagrun for higiene_urbana_lisboa_etl to 2025-12-16 00:00:00+00:00, run_after=2025-12-17 00:00:00+00:00
[2025-12-16T10:05:45.257+0000] {processor.py:183} INFO - Processing /opt/airflow/dags/dag_higiene_lisboa.py took 0.133 seconds
[2025-12-16T10:06:15.426+0000] {processor.py:161} INFO - Started process (PID=1173) to work on /opt/airflow/dags/dag_higiene_lisboa.py
[2025-12-16T10:06:15.432+0000] {processor.py:830} INFO - Processing file /opt/airflow/dags/dag_higiene_lisboa.py for tasks to queue
[2025-12-16T10:06:15.436+0000] {logging_mixin.py:188} INFO - [2025-12-16T10:06:15.435+0000] {dagbag.py:545} INFO - Filling up the DagBag from /opt/airflow/dags/dag_higiene_lisboa.py
[2025-12-16T10:06:15.453+0000] {processor.py:840} INFO - DAG(s) 'higiene_urbana_lisboa_etl' retrieved from /opt/airflow/dags/dag_higiene_lisboa.py
[2025-12-16T10:06:15.491+0000] {logging_mixin.py:188} INFO - [2025-12-16T10:06:15.491+0000] {dag.py:3096} INFO - Sync 1 DAGs
[2025-12-16T10:06:15.523+0000] {logging_mixin.py:188} INFO - [2025-12-16T10:06:15.523+0000] {dag.py:3954} INFO - Setting next_dagrun for higiene_urbana_lisboa_etl to 2025-12-16 00:00:00+00:00, run_after=2025-12-17 00:00:00+00:00
[2025-12-16T10:06:15.547+0000] {processor.py:183} INFO - Processing /opt/airflow/dags/dag_higiene_lisboa.py took 0.130 seconds
[2025-12-16T10:06:45.595+0000] {processor.py:161} INFO - Started process (PID=1178) to work on /opt/airflow/dags/dag_higiene_lisboa.py
[2025-12-16T10:06:45.602+0000] {processor.py:830} INFO - Processing file /opt/airflow/dags/dag_higiene_lisboa.py for tasks to queue
[2025-12-16T10:06:45.605+0000] {logging_mixin.py:188} INFO - [2025-12-16T10:06:45.604+0000] {dagbag.py:545} INFO - Filling up the DagBag from /opt/airflow/dags/dag_higiene_lisboa.py
[2025-12-16T10:06:45.622+0000] {processor.py:840} INFO - DAG(s) 'higiene_urbana_lisboa_etl' retrieved from /opt/airflow/dags/dag_higiene_lisboa.py
[2025-12-16T10:06:45.663+0000] {logging_mixin.py:188} INFO - [2025-12-16T10:06:45.663+0000] {dag.py:3096} INFO - Sync 1 DAGs
[2025-12-16T10:06:45.694+0000] {logging_mixin.py:188} INFO - [2025-12-16T10:06:45.694+0000] {dag.py:3954} INFO - Setting next_dagrun for higiene_urbana_lisboa_etl to 2025-12-16 00:00:00+00:00, run_after=2025-12-17 00:00:00+00:00
[2025-12-16T10:06:45.722+0000] {processor.py:183} INFO - Processing /opt/airflow/dags/dag_higiene_lisboa.py took 0.136 seconds
[2025-12-16T10:07:15.862+0000] {processor.py:161} INFO - Started process (PID=1265) to work on /opt/airflow/dags/dag_higiene_lisboa.py
[2025-12-16T10:07:15.863+0000] {processor.py:830} INFO - Processing file /opt/airflow/dags/dag_higiene_lisboa.py for tasks to queue
[2025-12-16T10:07:15.866+0000] {logging_mixin.py:188} INFO - [2025-12-16T10:07:15.866+0000] {dagbag.py:545} INFO - Filling up the DagBag from /opt/airflow/dags/dag_higiene_lisboa.py
[2025-12-16T10:07:15.888+0000] {processor.py:840} INFO - DAG(s) 'higiene_urbana_lisboa_etl' retrieved from /opt/airflow/dags/dag_higiene_lisboa.py
[2025-12-16T10:07:15.935+0000] {logging_mixin.py:188} INFO - [2025-12-16T10:07:15.935+0000] {dag.py:3096} INFO - Sync 1 DAGs
[2025-12-16T10:07:15.970+0000] {logging_mixin.py:188} INFO - [2025-12-16T10:07:15.970+0000] {dag.py:3954} INFO - Setting next_dagrun for higiene_urbana_lisboa_etl to 2025-12-16 00:00:00+00:00, run_after=2025-12-17 00:00:00+00:00
[2025-12-16T10:07:16.000+0000] {processor.py:183} INFO - Processing /opt/airflow/dags/dag_higiene_lisboa.py took 0.147 seconds
[2025-12-16T10:07:46.171+0000] {processor.py:161} INFO - Started process (PID=1272) to work on /opt/airflow/dags/dag_higiene_lisboa.py
[2025-12-16T10:07:46.180+0000] {processor.py:830} INFO - Processing file /opt/airflow/dags/dag_higiene_lisboa.py for tasks to queue
[2025-12-16T10:07:46.183+0000] {logging_mixin.py:188} INFO - [2025-12-16T10:07:46.183+0000] {dagbag.py:545} INFO - Filling up the DagBag from /opt/airflow/dags/dag_higiene_lisboa.py
[2025-12-16T10:07:46.201+0000] {processor.py:840} INFO - DAG(s) 'higiene_urbana_lisboa_etl' retrieved from /opt/airflow/dags/dag_higiene_lisboa.py
[2025-12-16T10:07:46.241+0000] {logging_mixin.py:188} INFO - [2025-12-16T10:07:46.241+0000] {dag.py:3096} INFO - Sync 1 DAGs
[2025-12-16T10:07:46.272+0000] {logging_mixin.py:188} INFO - [2025-12-16T10:07:46.272+0000] {dag.py:3954} INFO - Setting next_dagrun for higiene_urbana_lisboa_etl to 2025-12-16 00:00:00+00:00, run_after=2025-12-17 00:00:00+00:00
[2025-12-16T10:07:46.301+0000] {processor.py:183} INFO - Processing /opt/airflow/dags/dag_higiene_lisboa.py took 0.139 seconds
[2025-12-16T10:08:16.471+0000] {processor.py:161} INFO - Started process (PID=1277) to work on /opt/airflow/dags/dag_higiene_lisboa.py
[2025-12-16T10:08:16.478+0000] {processor.py:830} INFO - Processing file /opt/airflow/dags/dag_higiene_lisboa.py for tasks to queue
[2025-12-16T10:08:16.482+0000] {logging_mixin.py:188} INFO - [2025-12-16T10:08:16.481+0000] {dagbag.py:545} INFO - Filling up the DagBag from /opt/airflow/dags/dag_higiene_lisboa.py
[2025-12-16T10:08:16.499+0000] {processor.py:840} INFO - DAG(s) 'higiene_urbana_lisboa_etl' retrieved from /opt/airflow/dags/dag_higiene_lisboa.py
[2025-12-16T10:08:16.539+0000] {logging_mixin.py:188} INFO - [2025-12-16T10:08:16.538+0000] {dag.py:3096} INFO - Sync 1 DAGs
[2025-12-16T10:08:16.571+0000] {logging_mixin.py:188} INFO - [2025-12-16T10:08:16.570+0000] {dag.py:3954} INFO - Setting next_dagrun for higiene_urbana_lisboa_etl to 2025-12-16 00:00:00+00:00, run_after=2025-12-17 00:00:00+00:00
[2025-12-16T10:08:16.601+0000] {processor.py:183} INFO - Processing /opt/airflow/dags/dag_higiene_lisboa.py took 0.138 seconds
[2025-12-16T10:08:46.767+0000] {processor.py:161} INFO - Started process (PID=1320) to work on /opt/airflow/dags/dag_higiene_lisboa.py
[2025-12-16T10:08:46.774+0000] {processor.py:830} INFO - Processing file /opt/airflow/dags/dag_higiene_lisboa.py for tasks to queue
[2025-12-16T10:08:46.778+0000] {logging_mixin.py:188} INFO - [2025-12-16T10:08:46.778+0000] {dagbag.py:545} INFO - Filling up the DagBag from /opt/airflow/dags/dag_higiene_lisboa.py
[2025-12-16T10:08:46.796+0000] {processor.py:840} INFO - DAG(s) 'higiene_urbana_lisboa_etl' retrieved from /opt/airflow/dags/dag_higiene_lisboa.py
[2025-12-16T10:08:46.837+0000] {logging_mixin.py:188} INFO - [2025-12-16T10:08:46.837+0000] {dag.py:3096} INFO - Sync 1 DAGs
[2025-12-16T10:08:46.871+0000] {logging_mixin.py:188} INFO - [2025-12-16T10:08:46.871+0000] {dag.py:3954} INFO - Setting next_dagrun for higiene_urbana_lisboa_etl to 2025-12-16 00:00:00+00:00, run_after=2025-12-17 00:00:00+00:00
[2025-12-16T10:08:46.900+0000] {processor.py:183} INFO - Processing /opt/airflow/dags/dag_higiene_lisboa.py took 0.142 seconds
[2025-12-16T10:09:17.070+0000] {processor.py:161} INFO - Started process (PID=1327) to work on /opt/airflow/dags/dag_higiene_lisboa.py
[2025-12-16T10:09:17.077+0000] {processor.py:830} INFO - Processing file /opt/airflow/dags/dag_higiene_lisboa.py for tasks to queue
[2025-12-16T10:09:17.080+0000] {logging_mixin.py:188} INFO - [2025-12-16T10:09:17.080+0000] {dagbag.py:545} INFO - Filling up the DagBag from /opt/airflow/dags/dag_higiene_lisboa.py
[2025-12-16T10:09:17.098+0000] {processor.py:840} INFO - DAG(s) 'higiene_urbana_lisboa_etl' retrieved from /opt/airflow/dags/dag_higiene_lisboa.py
[2025-12-16T10:09:17.138+0000] {logging_mixin.py:188} INFO - [2025-12-16T10:09:17.138+0000] {dag.py:3096} INFO - Sync 1 DAGs
[2025-12-16T10:09:17.171+0000] {logging_mixin.py:188} INFO - [2025-12-16T10:09:17.171+0000] {dag.py:3954} INFO - Setting next_dagrun for higiene_urbana_lisboa_etl to 2025-12-16 00:00:00+00:00, run_after=2025-12-17 00:00:00+00:00
[2025-12-16T10:09:17.201+0000] {processor.py:183} INFO - Processing /opt/airflow/dags/dag_higiene_lisboa.py took 0.140 seconds
[2025-12-16T10:09:47.367+0000] {processor.py:161} INFO - Started process (PID=1334) to work on /opt/airflow/dags/dag_higiene_lisboa.py
[2025-12-16T10:09:47.374+0000] {processor.py:830} INFO - Processing file /opt/airflow/dags/dag_higiene_lisboa.py for tasks to queue
[2025-12-16T10:09:47.376+0000] {logging_mixin.py:188} INFO - [2025-12-16T10:09:47.376+0000] {dagbag.py:545} INFO - Filling up the DagBag from /opt/airflow/dags/dag_higiene_lisboa.py
[2025-12-16T10:09:47.392+0000] {processor.py:840} INFO - DAG(s) 'higiene_urbana_lisboa_etl' retrieved from /opt/airflow/dags/dag_higiene_lisboa.py
[2025-12-16T10:09:47.426+0000] {logging_mixin.py:188} INFO - [2025-12-16T10:09:47.425+0000] {dag.py:3096} INFO - Sync 1 DAGs
[2025-12-16T10:09:47.454+0000] {logging_mixin.py:188} INFO - [2025-12-16T10:09:47.453+0000] {dag.py:3954} INFO - Setting next_dagrun for higiene_urbana_lisboa_etl to 2025-12-16 00:00:00+00:00, run_after=2025-12-17 00:00:00+00:00
[2025-12-16T10:09:47.478+0000] {processor.py:183} INFO - Processing /opt/airflow/dags/dag_higiene_lisboa.py took 0.118 seconds
[2025-12-16T10:10:17.529+0000] {processor.py:161} INFO - Started process (PID=1445) to work on /opt/airflow/dags/dag_higiene_lisboa.py
[2025-12-16T10:10:17.535+0000] {processor.py:830} INFO - Processing file /opt/airflow/dags/dag_higiene_lisboa.py for tasks to queue
[2025-12-16T10:10:17.538+0000] {logging_mixin.py:188} INFO - [2025-12-16T10:10:17.538+0000] {dagbag.py:545} INFO - Filling up the DagBag from /opt/airflow/dags/dag_higiene_lisboa.py
[2025-12-16T10:10:17.555+0000] {processor.py:840} INFO - DAG(s) 'higiene_urbana_lisboa_etl' retrieved from /opt/airflow/dags/dag_higiene_lisboa.py
[2025-12-16T10:10:17.595+0000] {logging_mixin.py:188} INFO - [2025-12-16T10:10:17.594+0000] {dag.py:3096} INFO - Sync 1 DAGs
[2025-12-16T10:10:17.625+0000] {logging_mixin.py:188} INFO - [2025-12-16T10:10:17.625+0000] {dag.py:3954} INFO - Setting next_dagrun for higiene_urbana_lisboa_etl to 2025-12-16 00:00:00+00:00, run_after=2025-12-17 00:00:00+00:00
[2025-12-16T10:10:17.654+0000] {processor.py:183} INFO - Processing /opt/airflow/dags/dag_higiene_lisboa.py took 0.134 seconds
[2025-12-16T10:10:47.808+0000] {processor.py:161} INFO - Started process (PID=1450) to work on /opt/airflow/dags/dag_higiene_lisboa.py
[2025-12-16T10:10:47.815+0000] {processor.py:830} INFO - Processing file /opt/airflow/dags/dag_higiene_lisboa.py for tasks to queue
[2025-12-16T10:10:47.818+0000] {logging_mixin.py:188} INFO - [2025-12-16T10:10:47.817+0000] {dagbag.py:545} INFO - Filling up the DagBag from /opt/airflow/dags/dag_higiene_lisboa.py
[2025-12-16T10:10:47.837+0000] {processor.py:840} INFO - DAG(s) 'higiene_urbana_lisboa_etl' retrieved from /opt/airflow/dags/dag_higiene_lisboa.py
[2025-12-16T10:10:47.877+0000] {logging_mixin.py:188} INFO - [2025-12-16T10:10:47.876+0000] {dag.py:3096} INFO - Sync 1 DAGs
[2025-12-16T10:10:47.910+0000] {logging_mixin.py:188} INFO - [2025-12-16T10:10:47.909+0000] {dag.py:3954} INFO - Setting next_dagrun for higiene_urbana_lisboa_etl to 2025-12-16 00:00:00+00:00, run_after=2025-12-17 00:00:00+00:00
[2025-12-16T10:10:47.938+0000] {processor.py:183} INFO - Processing /opt/airflow/dags/dag_higiene_lisboa.py took 0.139 seconds
[2025-12-16T10:11:18.111+0000] {processor.py:161} INFO - Started process (PID=1455) to work on /opt/airflow/dags/dag_higiene_lisboa.py
[2025-12-16T10:11:18.118+0000] {processor.py:830} INFO - Processing file /opt/airflow/dags/dag_higiene_lisboa.py for tasks to queue
[2025-12-16T10:11:18.120+0000] {logging_mixin.py:188} INFO - [2025-12-16T10:11:18.120+0000] {dagbag.py:545} INFO - Filling up the DagBag from /opt/airflow/dags/dag_higiene_lisboa.py
[2025-12-16T10:11:18.136+0000] {processor.py:840} INFO - DAG(s) 'higiene_urbana_lisboa_etl' retrieved from /opt/airflow/dags/dag_higiene_lisboa.py
[2025-12-16T10:11:18.171+0000] {logging_mixin.py:188} INFO - [2025-12-16T10:11:18.171+0000] {dag.py:3096} INFO - Sync 1 DAGs
[2025-12-16T10:11:18.201+0000] {logging_mixin.py:188} INFO - [2025-12-16T10:11:18.201+0000] {dag.py:3954} INFO - Setting next_dagrun for higiene_urbana_lisboa_etl to 2025-12-16 00:00:00+00:00, run_after=2025-12-17 00:00:00+00:00
[2025-12-16T10:11:18.228+0000] {processor.py:183} INFO - Processing /opt/airflow/dags/dag_higiene_lisboa.py took 0.125 seconds
[2025-12-16T10:11:48.398+0000] {processor.py:161} INFO - Started process (PID=1460) to work on /opt/airflow/dags/dag_higiene_lisboa.py
[2025-12-16T10:11:48.437+0000] {processor.py:830} INFO - Processing file /opt/airflow/dags/dag_higiene_lisboa.py for tasks to queue
[2025-12-16T10:11:48.440+0000] {logging_mixin.py:188} INFO - [2025-12-16T10:11:48.439+0000] {dagbag.py:545} INFO - Filling up the DagBag from /opt/airflow/dags/dag_higiene_lisboa.py
[2025-12-16T10:11:48.458+0000] {processor.py:840} INFO - DAG(s) 'higiene_urbana_lisboa_etl' retrieved from /opt/airflow/dags/dag_higiene_lisboa.py
[2025-12-16T10:11:48.500+0000] {logging_mixin.py:188} INFO - [2025-12-16T10:11:48.500+0000] {dag.py:3096} INFO - Sync 1 DAGs
[2025-12-16T10:11:48.532+0000] {logging_mixin.py:188} INFO - [2025-12-16T10:11:48.532+0000] {dag.py:3954} INFO - Setting next_dagrun for higiene_urbana_lisboa_etl to 2025-12-16 00:00:00+00:00, run_after=2025-12-17 00:00:00+00:00
[2025-12-16T10:11:48.557+0000] {processor.py:183} INFO - Processing /opt/airflow/dags/dag_higiene_lisboa.py took 0.167 seconds
