[2025-12-15T10:12:33.954+0000] {local_task_job_runner.py:120} INFO - ::group::Pre task execution logs
[2025-12-15T10:12:34.038+0000] {taskinstance.py:2076} INFO - Dependencies all met for dep_context=non-requeueable deps ti=<TaskInstance: higiene_urbana_lisboa_etl.silver_transformation manual__2025-12-15T10:12:32.457997+00:00 [queued]>
[2025-12-15T10:12:34.051+0000] {taskinstance.py:2076} INFO - Dependencies all met for dep_context=requeueable deps ti=<TaskInstance: higiene_urbana_lisboa_etl.silver_transformation manual__2025-12-15T10:12:32.457997+00:00 [queued]>
[2025-12-15T10:12:34.052+0000] {taskinstance.py:2306} INFO - Starting attempt 1 of 2
[2025-12-15T10:12:34.074+0000] {taskinstance.py:2330} INFO - Executing <Task(BashOperator): silver_transformation> on 2025-12-15 10:12:32.457997+00:00
[2025-12-15T10:12:34.095+0000] {logging_mixin.py:188} WARNING - /home/***/.local/lib/python3.12/site-packages/***/task/task_runner/standard_task_runner.py:61 DeprecationWarning: This process (pid=217) is multi-threaded, use of fork() may lead to deadlocks in the child.
[2025-12-15T10:12:34.098+0000] {standard_task_runner.py:63} INFO - Started process 219 to run task
[2025-12-15T10:12:34.094+0000] {standard_task_runner.py:90} INFO - Running: ['***', 'tasks', 'run', 'higiene_urbana_lisboa_etl', 'silver_transformation', 'manual__2025-12-15T10:12:32.457997+00:00', '--job-id', '73', '--raw', '--subdir', 'DAGS_FOLDER/dag_higiene_lisboa.py', '--cfg-path', '/tmp/tmp293z10v4']
[2025-12-15T10:12:34.102+0000] {standard_task_runner.py:91} INFO - Job 73: Subtask silver_transformation
[2025-12-15T10:12:34.157+0000] {logging_mixin.py:188} WARNING - /home/***/.local/lib/python3.12/site-packages/***/settings.py:195 DeprecationWarning: The sql_alchemy_conn option in [core] has been moved to the sql_alchemy_conn option in [database] - the old setting has been used, but please update your config.
[2025-12-15T10:12:34.268+0000] {task_command.py:426} INFO - Running <TaskInstance: higiene_urbana_lisboa_etl.silver_transformation manual__2025-12-15T10:12:32.457997+00:00 [running]> on host 161dbb551f8a
[2025-12-15T10:12:34.503+0000] {taskinstance.py:2648} INFO - Exporting env vars: AIRFLOW_CTX_DAG_OWNER='grupo10' AIRFLOW_CTX_DAG_ID='higiene_urbana_lisboa_etl' AIRFLOW_CTX_TASK_ID='silver_transformation' AIRFLOW_CTX_EXECUTION_DATE='2025-12-15T10:12:32.457997+00:00' AIRFLOW_CTX_TRY_NUMBER='1' AIRFLOW_CTX_DAG_RUN_ID='manual__2025-12-15T10:12:32.457997+00:00'
[2025-12-15T10:12:34.504+0000] {taskinstance.py:430} INFO - ::endgroup::
[2025-12-15T10:12:34.549+0000] {subprocess.py:63} INFO - Tmp dir root location: /tmp
[2025-12-15T10:12:34.550+0000] {subprocess.py:75} INFO - Running command: ['/usr/bin/bash', '-c', 'python etl_silver.py']
[2025-12-15T10:12:34.582+0000] {subprocess.py:86} INFO - Output:
[2025-12-15T10:12:34.764+0000] {subprocess.py:93} INFO - python: can't open file '/opt/***/codigos/prepared/etl_silver.py': [Errno 2] No such file or directory
[2025-12-15T10:12:34.772+0000] {subprocess.py:97} INFO - Command exited with return code 2
[2025-12-15T10:12:34.773+0000] {taskinstance.py:441} INFO - ::group::Post task execution logs
[2025-12-15T10:12:34.795+0000] {taskinstance.py:2905} ERROR - Task failed with exception
Traceback (most recent call last):
  File "/home/airflow/.local/lib/python3.12/site-packages/airflow/models/taskinstance.py", line 465, in _execute_task
    result = _execute_callable(context=context, **execute_callable_kwargs)
             ^^^^^^^^^^^^^^^^^^^^^^^^^^^^^^^^^^^^^^^^^^^^^^^^^^^^^^^^^^^^^
  File "/home/airflow/.local/lib/python3.12/site-packages/airflow/models/taskinstance.py", line 432, in _execute_callable
    return execute_callable(context=context, **execute_callable_kwargs)
           ^^^^^^^^^^^^^^^^^^^^^^^^^^^^^^^^^^^^^^^^^^^^^^^^^^^^^^^^^^^^
  File "/home/airflow/.local/lib/python3.12/site-packages/airflow/models/baseoperator.py", line 400, in wrapper
    return func(self, *args, **kwargs)
           ^^^^^^^^^^^^^^^^^^^^^^^^^^^
  File "/home/airflow/.local/lib/python3.12/site-packages/airflow/operators/bash.py", line 243, in execute
    raise AirflowException(
airflow.exceptions.AirflowException: Bash command failed. The command returned a non-zero exit code 2.
[2025-12-15T10:12:34.809+0000] {taskinstance.py:1206} INFO - Marking task as UP_FOR_RETRY. dag_id=higiene_urbana_lisboa_etl, task_id=silver_transformation, run_id=manual__2025-12-15T10:12:32.457997+00:00, execution_date=20251215T101232, start_date=20251215T101234, end_date=20251215T101234
[2025-12-15T10:12:34.832+0000] {standard_task_runner.py:110} ERROR - Failed to execute job 73 for task silver_transformation (Bash command failed. The command returned a non-zero exit code 2.; 219)
[2025-12-15T10:12:34.885+0000] {local_task_job_runner.py:240} INFO - Task exited with return code 1
[2025-12-15T10:12:34.913+0000] {taskinstance.py:3498} INFO - 0 downstream tasks scheduled from follow-on schedule check
[2025-12-15T10:12:34.915+0000] {local_task_job_runner.py:222} INFO - ::endgroup::
