[2025-12-15T10:17:35.277+0000] {local_task_job_runner.py:120} INFO - ::group::Pre task execution logs
[2025-12-15T10:17:35.329+0000] {taskinstance.py:2076} INFO - Dependencies all met for dep_context=non-requeueable deps ti=<TaskInstance: higiene_urbana_lisboa_etl.silver_transformation manual__2025-12-15T10:12:32.457997+00:00 [queued]>
[2025-12-15T10:17:35.341+0000] {taskinstance.py:2076} INFO - Dependencies all met for dep_context=requeueable deps ti=<TaskInstance: higiene_urbana_lisboa_etl.silver_transformation manual__2025-12-15T10:12:32.457997+00:00 [queued]>
[2025-12-15T10:17:35.341+0000] {taskinstance.py:2306} INFO - Starting attempt 2 of 2
[2025-12-15T10:17:35.356+0000] {taskinstance.py:2330} INFO - Executing <Task(BashOperator): silver_transformation> on 2025-12-15 10:12:32.457997+00:00
[2025-12-15T10:17:35.367+0000] {logging_mixin.py:188} WARNING - /home/***/.local/lib/python3.12/site-packages/***/task/task_runner/standard_task_runner.py:61 DeprecationWarning: This process (pid=429) is multi-threaded, use of fork() may lead to deadlocks in the child.
[2025-12-15T10:17:35.368+0000] {standard_task_runner.py:63} INFO - Started process 430 to run task
[2025-12-15T10:17:35.367+0000] {standard_task_runner.py:90} INFO - Running: ['***', 'tasks', 'run', 'higiene_urbana_lisboa_etl', 'silver_transformation', 'manual__2025-12-15T10:12:32.457997+00:00', '--job-id', '77', '--raw', '--subdir', 'DAGS_FOLDER/dag_higiene_lisboa.py', '--cfg-path', '/tmp/tmpsrymsb7u']
[2025-12-15T10:17:35.369+0000] {standard_task_runner.py:91} INFO - Job 77: Subtask silver_transformation
[2025-12-15T10:17:35.386+0000] {logging_mixin.py:188} WARNING - /home/***/.local/lib/python3.12/site-packages/***/settings.py:195 DeprecationWarning: The sql_alchemy_conn option in [core] has been moved to the sql_alchemy_conn option in [database] - the old setting has been used, but please update your config.
[2025-12-15T10:17:35.426+0000] {task_command.py:426} INFO - Running <TaskInstance: higiene_urbana_lisboa_etl.silver_transformation manual__2025-12-15T10:12:32.457997+00:00 [running]> on host 161dbb551f8a
[2025-12-15T10:17:35.528+0000] {taskinstance.py:2648} INFO - Exporting env vars: AIRFLOW_CTX_DAG_OWNER='grupo10' AIRFLOW_CTX_DAG_ID='higiene_urbana_lisboa_etl' AIRFLOW_CTX_TASK_ID='silver_transformation' AIRFLOW_CTX_EXECUTION_DATE='2025-12-15T10:12:32.457997+00:00' AIRFLOW_CTX_TRY_NUMBER='2' AIRFLOW_CTX_DAG_RUN_ID='manual__2025-12-15T10:12:32.457997+00:00'
[2025-12-15T10:17:35.529+0000] {taskinstance.py:430} INFO - ::endgroup::
[2025-12-15T10:17:35.549+0000] {subprocess.py:63} INFO - Tmp dir root location: /tmp
[2025-12-15T10:17:35.549+0000] {subprocess.py:75} INFO - Running command: ['/usr/bin/bash', '-c', 'python etl_silver.py']
[2025-12-15T10:17:35.566+0000] {subprocess.py:86} INFO - Output:
[2025-12-15T10:17:35.668+0000] {subprocess.py:93} INFO - python: can't open file '/opt/***/codigos/prepared/etl_silver.py': [Errno 2] No such file or directory
[2025-12-15T10:17:35.673+0000] {subprocess.py:97} INFO - Command exited with return code 2
[2025-12-15T10:17:35.674+0000] {taskinstance.py:441} INFO - ::group::Post task execution logs
[2025-12-15T10:17:35.686+0000] {taskinstance.py:2905} ERROR - Task failed with exception
Traceback (most recent call last):
  File "/home/airflow/.local/lib/python3.12/site-packages/airflow/models/taskinstance.py", line 465, in _execute_task
    result = _execute_callable(context=context, **execute_callable_kwargs)
             ^^^^^^^^^^^^^^^^^^^^^^^^^^^^^^^^^^^^^^^^^^^^^^^^^^^^^^^^^^^^^
  File "/home/airflow/.local/lib/python3.12/site-packages/airflow/models/taskinstance.py", line 432, in _execute_callable
    return execute_callable(context=context, **execute_callable_kwargs)
           ^^^^^^^^^^^^^^^^^^^^^^^^^^^^^^^^^^^^^^^^^^^^^^^^^^^^^^^^^^^^
  File "/home/airflow/.local/lib/python3.12/site-packages/airflow/models/baseoperator.py", line 400, in wrapper
    return func(self, *args, **kwargs)
           ^^^^^^^^^^^^^^^^^^^^^^^^^^^
  File "/home/airflow/.local/lib/python3.12/site-packages/airflow/operators/bash.py", line 243, in execute
    raise AirflowException(
airflow.exceptions.AirflowException: Bash command failed. The command returned a non-zero exit code 2.
[2025-12-15T10:17:35.692+0000] {taskinstance.py:1206} INFO - Marking task as FAILED. dag_id=higiene_urbana_lisboa_etl, task_id=silver_transformation, run_id=manual__2025-12-15T10:12:32.457997+00:00, execution_date=20251215T101232, start_date=20251215T101735, end_date=20251215T101735
[2025-12-15T10:17:35.707+0000] {standard_task_runner.py:110} ERROR - Failed to execute job 77 for task silver_transformation (Bash command failed. The command returned a non-zero exit code 2.; 430)
[2025-12-15T10:17:35.743+0000] {local_task_job_runner.py:240} INFO - Task exited with return code 1
[2025-12-15T10:17:35.765+0000] {taskinstance.py:3498} INFO - 0 downstream tasks scheduled from follow-on schedule check
[2025-12-15T10:17:35.767+0000] {local_task_job_runner.py:222} INFO - ::endgroup::
