[2025-12-14T14:00:23.690+0000] {local_task_job_runner.py:120} INFO - ::group::Pre task execution logs
[2025-12-14T14:00:23.718+0000] {taskinstance.py:2076} INFO - Dependencies all met for dep_context=non-requeueable deps ti=<TaskInstance: higiene_urbana_lisboa_etl.bronze_meteo manual__2025-12-14T13:59:12.836121+00:00 [queued]>
[2025-12-14T14:00:23.726+0000] {taskinstance.py:2076} INFO - Dependencies all met for dep_context=requeueable deps ti=<TaskInstance: higiene_urbana_lisboa_etl.bronze_meteo manual__2025-12-14T13:59:12.836121+00:00 [queued]>
[2025-12-14T14:00:23.726+0000] {taskinstance.py:2306} INFO - Starting attempt 1 of 2
[2025-12-14T14:00:23.736+0000] {taskinstance.py:2330} INFO - Executing <Task(BashOperator): bronze_meteo> on 2025-12-14 13:59:12.836121+00:00
[2025-12-14T14:00:23.744+0000] {logging_mixin.py:188} WARNING - /home/***/.local/lib/python3.12/site-packages/***/task/task_runner/standard_task_runner.py:61 DeprecationWarning: This process (pid=586) is multi-threaded, use of fork() may lead to deadlocks in the child.
[2025-12-14T14:00:23.745+0000] {standard_task_runner.py:63} INFO - Started process 587 to run task
[2025-12-14T14:00:23.744+0000] {standard_task_runner.py:90} INFO - Running: ['***', 'tasks', 'run', 'higiene_urbana_lisboa_etl', 'bronze_meteo', 'manual__2025-12-14T13:59:12.836121+00:00', '--job-id', '39', '--raw', '--subdir', 'DAGS_FOLDER/dag_higiene_lisboa.py', '--cfg-path', '/tmp/tmpoqxtxs_u']
[2025-12-14T14:00:23.745+0000] {standard_task_runner.py:91} INFO - Job 39: Subtask bronze_meteo
[2025-12-14T14:00:23.757+0000] {logging_mixin.py:188} WARNING - /home/***/.local/lib/python3.12/site-packages/***/settings.py:195 DeprecationWarning: The sql_alchemy_conn option in [core] has been moved to the sql_alchemy_conn option in [database] - the old setting has been used, but please update your config.
[2025-12-14T14:00:23.786+0000] {task_command.py:426} INFO - Running <TaskInstance: higiene_urbana_lisboa_etl.bronze_meteo manual__2025-12-14T13:59:12.836121+00:00 [running]> on host 0c779bd56b36
[2025-12-14T14:00:23.859+0000] {taskinstance.py:2648} INFO - Exporting env vars: AIRFLOW_CTX_DAG_OWNER='grupo10' AIRFLOW_CTX_DAG_ID='higiene_urbana_lisboa_etl' AIRFLOW_CTX_TASK_ID='bronze_meteo' AIRFLOW_CTX_EXECUTION_DATE='2025-12-14T13:59:12.836121+00:00' AIRFLOW_CTX_TRY_NUMBER='1' AIRFLOW_CTX_DAG_RUN_ID='manual__2025-12-14T13:59:12.836121+00:00'
[2025-12-14T14:00:23.860+0000] {taskinstance.py:430} INFO - ::endgroup::
[2025-12-14T14:00:23.871+0000] {subprocess.py:63} INFO - Tmp dir root location: /tmp
[2025-12-14T14:00:23.871+0000] {subprocess.py:75} INFO - Running command: ['/usr/bin/bash', '-c', 'python open_meteo_clima.py']
[2025-12-14T14:00:23.883+0000] {subprocess.py:86} INFO - Output:
[2025-12-14T14:00:24.762+0000] {subprocess.py:93} INFO - Traceback (most recent call last):
[2025-12-14T14:00:24.763+0000] {subprocess.py:93} INFO -   File "/opt/***/codigos/raw/open_meteo_clima.py", line 121, in <module>
[2025-12-14T14:00:24.763+0000] {subprocess.py:93} INFO -     main_meteo_distributed()
[2025-12-14T14:00:24.763+0000] {subprocess.py:93} INFO -   File "/opt/***/codigos/raw/open_meteo_clima.py", line 81, in main_meteo_distributed
[2025-12-14T14:00:24.763+0000] {subprocess.py:93} INFO -     df_geo = pd.read_csv(path_geoapi)
[2025-12-14T14:00:24.763+0000] {subprocess.py:93} INFO -              ^^^^^^^^^^^^^^^^^^^^^^^^
[2025-12-14T14:00:24.763+0000] {subprocess.py:93} INFO -   File "/home/***/.local/lib/python3.12/site-packages/pandas/io/parsers/readers.py", line 1026, in read_csv
[2025-12-14T14:00:24.764+0000] {subprocess.py:93} INFO -     return _read(filepath_or_buffer, kwds)
[2025-12-14T14:00:24.764+0000] {subprocess.py:93} INFO -            ^^^^^^^^^^^^^^^^^^^^^^^^^^^^^^^
[2025-12-14T14:00:24.764+0000] {subprocess.py:93} INFO -   File "/home/***/.local/lib/python3.12/site-packages/pandas/io/parsers/readers.py", line 620, in _read
[2025-12-14T14:00:24.764+0000] {subprocess.py:93} INFO -     parser = TextFileReader(filepath_or_buffer, **kwds)
[2025-12-14T14:00:24.764+0000] {subprocess.py:93} INFO -              ^^^^^^^^^^^^^^^^^^^^^^^^^^^^^^^^^^^^^^^^^^
[2025-12-14T14:00:24.764+0000] {subprocess.py:93} INFO -   File "/home/***/.local/lib/python3.12/site-packages/pandas/io/parsers/readers.py", line 1620, in __init__
[2025-12-14T14:00:24.764+0000] {subprocess.py:93} INFO -     self._engine = self._make_engine(f, self.engine)
[2025-12-14T14:00:24.764+0000] {subprocess.py:93} INFO -                    ^^^^^^^^^^^^^^^^^^^^^^^^^^^^^^^^^
[2025-12-14T14:00:24.764+0000] {subprocess.py:93} INFO -   File "/home/***/.local/lib/python3.12/site-packages/pandas/io/parsers/readers.py", line 1880, in _make_engine
[2025-12-14T14:00:24.766+0000] {subprocess.py:93} INFO -     self.handles = get_handle(
[2025-12-14T14:00:24.767+0000] {subprocess.py:93} INFO -                    ^^^^^^^^^^^
[2025-12-14T14:00:24.767+0000] {subprocess.py:93} INFO -   File "/home/***/.local/lib/python3.12/site-packages/pandas/io/common.py", line 873, in get_handle
[2025-12-14T14:00:24.767+0000] {subprocess.py:93} INFO -     handle = open(
[2025-12-14T14:00:24.767+0000] {subprocess.py:93} INFO -              ^^^^^
[2025-12-14T14:00:24.767+0000] {subprocess.py:93} INFO - FileNotFoundError: [Errno 2] No such file or directory: '../../dados/bronze/geoapi_distrito_lisboa.csv'
[2025-12-14T14:00:24.860+0000] {subprocess.py:97} INFO - Command exited with return code 1
[2025-12-14T14:00:24.861+0000] {taskinstance.py:441} INFO - ::group::Post task execution logs
[2025-12-14T14:00:24.870+0000] {taskinstance.py:2905} ERROR - Task failed with exception
Traceback (most recent call last):
  File "/home/airflow/.local/lib/python3.12/site-packages/airflow/models/taskinstance.py", line 465, in _execute_task
    result = _execute_callable(context=context, **execute_callable_kwargs)
             ^^^^^^^^^^^^^^^^^^^^^^^^^^^^^^^^^^^^^^^^^^^^^^^^^^^^^^^^^^^^^
  File "/home/airflow/.local/lib/python3.12/site-packages/airflow/models/taskinstance.py", line 432, in _execute_callable
    return execute_callable(context=context, **execute_callable_kwargs)
           ^^^^^^^^^^^^^^^^^^^^^^^^^^^^^^^^^^^^^^^^^^^^^^^^^^^^^^^^^^^^
  File "/home/airflow/.local/lib/python3.12/site-packages/airflow/models/baseoperator.py", line 400, in wrapper
    return func(self, *args, **kwargs)
           ^^^^^^^^^^^^^^^^^^^^^^^^^^^
  File "/home/airflow/.local/lib/python3.12/site-packages/airflow/operators/bash.py", line 243, in execute
    raise AirflowException(
airflow.exceptions.AirflowException: Bash command failed. The command returned a non-zero exit code 1.
[2025-12-14T14:00:24.875+0000] {taskinstance.py:1206} INFO - Marking task as UP_FOR_RETRY. dag_id=higiene_urbana_lisboa_etl, task_id=bronze_meteo, run_id=manual__2025-12-14T13:59:12.836121+00:00, execution_date=20251214T135912, start_date=20251214T140023, end_date=20251214T140024
[2025-12-14T14:00:24.889+0000] {standard_task_runner.py:110} ERROR - Failed to execute job 39 for task bronze_meteo (Bash command failed. The command returned a non-zero exit code 1.; 587)
[2025-12-14T14:00:24.927+0000] {local_task_job_runner.py:240} INFO - Task exited with return code 1
[2025-12-14T14:00:24.951+0000] {taskinstance.py:3498} INFO - 0 downstream tasks scheduled from follow-on schedule check
[2025-12-14T14:00:24.953+0000] {local_task_job_runner.py:222} INFO - ::endgroup::
