[2025-12-15T10:38:15.031+0000] {local_task_job_runner.py:120} INFO - ::group::Pre task execution logs
[2025-12-15T10:38:15.076+0000] {taskinstance.py:2076} INFO - Dependencies all met for dep_context=non-requeueable deps ti=<TaskInstance: higiene_urbana_lisboa_etl.bronze_ine manual__2025-12-15T10:37:58.476204+00:00 [queued]>
[2025-12-15T10:38:15.089+0000] {taskinstance.py:2076} INFO - Dependencies all met for dep_context=requeueable deps ti=<TaskInstance: higiene_urbana_lisboa_etl.bronze_ine manual__2025-12-15T10:37:58.476204+00:00 [queued]>
[2025-12-15T10:38:15.090+0000] {taskinstance.py:2306} INFO - Starting attempt 1 of 2
[2025-12-15T10:38:15.112+0000] {taskinstance.py:2330} INFO - Executing <Task(BashOperator): bronze_ine> on 2025-12-15 10:37:58.476204+00:00
[2025-12-15T10:38:15.124+0000] {logging_mixin.py:188} WARNING - /home/***/.local/lib/python3.12/site-packages/***/task/task_runner/standard_task_runner.py:61 DeprecationWarning: This process (pid=272) is multi-threaded, use of fork() may lead to deadlocks in the child.
[2025-12-15T10:38:15.126+0000] {standard_task_runner.py:63} INFO - Started process 274 to run task
[2025-12-15T10:38:15.125+0000] {standard_task_runner.py:90} INFO - Running: ['***', 'tasks', 'run', 'higiene_urbana_lisboa_etl', 'bronze_ine', 'manual__2025-12-15T10:37:58.476204+00:00', '--job-id', '83', '--raw', '--subdir', 'DAGS_FOLDER/dag_higiene_lisboa.py', '--cfg-path', '/tmp/tmp8hexlknz']
[2025-12-15T10:38:15.127+0000] {standard_task_runner.py:91} INFO - Job 83: Subtask bronze_ine
[2025-12-15T10:38:15.148+0000] {logging_mixin.py:188} WARNING - /home/***/.local/lib/python3.12/site-packages/***/settings.py:195 DeprecationWarning: The sql_alchemy_conn option in [core] has been moved to the sql_alchemy_conn option in [database] - the old setting has been used, but please update your config.
[2025-12-15T10:38:15.195+0000] {task_command.py:426} INFO - Running <TaskInstance: higiene_urbana_lisboa_etl.bronze_ine manual__2025-12-15T10:37:58.476204+00:00 [running]> on host 8216b447db0d
[2025-12-15T10:38:15.316+0000] {taskinstance.py:2648} INFO - Exporting env vars: AIRFLOW_CTX_DAG_OWNER='grupo10' AIRFLOW_CTX_DAG_ID='higiene_urbana_lisboa_etl' AIRFLOW_CTX_TASK_ID='bronze_ine' AIRFLOW_CTX_EXECUTION_DATE='2025-12-15T10:37:58.476204+00:00' AIRFLOW_CTX_TRY_NUMBER='1' AIRFLOW_CTX_DAG_RUN_ID='manual__2025-12-15T10:37:58.476204+00:00'
[2025-12-15T10:38:15.317+0000] {taskinstance.py:430} INFO - ::endgroup::
[2025-12-15T10:38:15.335+0000] {subprocess.py:63} INFO - Tmp dir root location: /tmp
[2025-12-15T10:38:15.336+0000] {subprocess.py:75} INFO - Running command: ['/usr/bin/bash', '-c', 'python ine.py']
[2025-12-15T10:38:15.352+0000] {subprocess.py:86} INFO - Output:
[2025-12-15T10:38:35.675+0000] {subprocess.py:93} INFO - --- FASE 1: Buscando municípios do Distrito de Lisboa ---
[2025-12-15T10:38:35.675+0000] {subprocess.py:93} INFO - URL: https://geoapi.pt/distrito/lisboa/municipios?json=1
[2025-12-15T10:38:35.676+0000] {subprocess.py:93} INFO - Municípios encontrados: 16
[2025-12-15T10:38:35.676+0000] {subprocess.py:93} INFO - [1/16] Processando: Alenquer...
[2025-12-15T10:38:35.676+0000] {subprocess.py:93} INFO - [2/16] Processando: Amadora...
[2025-12-15T10:38:35.676+0000] {subprocess.py:93} INFO - [3/16] Processando: Arruda Dos Vinhos...
[2025-12-15T10:38:35.676+0000] {subprocess.py:93} INFO - [4/16] Processando: Azambuja...
[2025-12-15T10:38:35.677+0000] {subprocess.py:93} INFO - [5/16] Processando: Cadaval...
[2025-12-15T10:38:35.677+0000] {subprocess.py:93} INFO - [6/16] Processando: Cascais...
[2025-12-15T10:38:35.677+0000] {subprocess.py:93} INFO - [7/16] Processando: Lisboa...
[2025-12-15T10:38:35.677+0000] {subprocess.py:93} INFO - [8/16] Processando: Loures...
[2025-12-15T10:38:35.677+0000] {subprocess.py:93} INFO - [9/16] Processando: Lourinhã...
[2025-12-15T10:38:35.677+0000] {subprocess.py:93} INFO - [10/16] Processando: Mafra...
[2025-12-15T10:38:35.678+0000] {subprocess.py:93} INFO - [11/16] Processando: Odivelas...
[2025-12-15T10:38:35.678+0000] {subprocess.py:93} INFO - [12/16] Processando: Oeiras...
[2025-12-15T10:38:35.678+0000] {subprocess.py:93} INFO - [13/16] Processando: Sintra...
[2025-12-15T10:38:35.678+0000] {subprocess.py:93} INFO - [14/16] Processando: Sobral de Monte Agraço...
[2025-12-15T10:38:35.678+0000] {subprocess.py:93} INFO - [15/16] Processando: Torres Vedras...
[2025-12-15T10:38:35.678+0000] {subprocess.py:93} INFO - [16/16] Processando: Vila Franca de Xira...
[2025-12-15T10:38:35.679+0000] {subprocess.py:93} INFO - 
[2025-12-15T10:38:35.679+0000] {subprocess.py:93} INFO - SUCESSO: 141 registros processados.
[2025-12-15T10:38:35.679+0000] {subprocess.py:93} INFO - Salvando no MinIO (s3://bronze/edificios_censo_ine.csv)...
[2025-12-15T10:38:35.679+0000] {subprocess.py:93} INFO - Upload concluído com sucesso!
[2025-12-15T10:38:35.679+0000] {subprocess.py:93} INFO - Salvando no MinIO (s3://bronze/populacao_escolaridade_censo_ine.csv)...
[2025-12-15T10:38:35.679+0000] {subprocess.py:93} INFO - Upload concluído com sucesso!
[2025-12-15T10:38:35.679+0000] {subprocess.py:93} INFO - Salvando no MinIO (s3://bronze/populacao_idade_sexo_censo_ine.csv)...
[2025-12-15T10:38:35.680+0000] {subprocess.py:93} INFO - Upload concluído com sucesso!
[2025-12-15T10:38:35.940+0000] {subprocess.py:97} INFO - Command exited with return code 0
[2025-12-15T10:38:35.941+0000] {taskinstance.py:441} INFO - ::group::Post task execution logs
[2025-12-15T10:38:35.975+0000] {taskinstance.py:1206} INFO - Marking task as SUCCESS. dag_id=higiene_urbana_lisboa_etl, task_id=bronze_ine, run_id=manual__2025-12-15T10:37:58.476204+00:00, execution_date=20251215T103758, start_date=20251215T103815, end_date=20251215T103835
[2025-12-15T10:38:36.018+0000] {local_task_job_runner.py:240} INFO - Task exited with return code 0
[2025-12-15T10:38:36.047+0000] {taskinstance.py:3498} INFO - 1 downstream tasks scheduled from follow-on schedule check
[2025-12-15T10:38:36.048+0000] {local_task_job_runner.py:222} INFO - ::endgroup::
