[2025-12-14T00:25:45.755+0000] {local_task_job_runner.py:120} INFO - ::group::Pre task execution logs
[2025-12-14T00:25:45.800+0000] {taskinstance.py:2076} INFO - Dependencies all met for dep_context=non-requeueable deps ti=<TaskInstance: higiene_urbana_lisboa_etl.bronze_meteo manual__2025-12-14T00:20:01.350195+00:00 [queued]>
[2025-12-14T00:25:45.813+0000] {taskinstance.py:2076} INFO - Dependencies all met for dep_context=requeueable deps ti=<TaskInstance: higiene_urbana_lisboa_etl.bronze_meteo manual__2025-12-14T00:20:01.350195+00:00 [queued]>
[2025-12-14T00:25:45.813+0000] {taskinstance.py:2306} INFO - Starting attempt 2 of 2
[2025-12-14T00:25:45.830+0000] {taskinstance.py:2330} INFO - Executing <Task(BashOperator): bronze_meteo> on 2025-12-14 00:20:01.350195+00:00
[2025-12-14T00:25:45.842+0000] {logging_mixin.py:188} WARNING - /home/***/.local/lib/python3.12/site-packages/***/task/task_runner/standard_task_runner.py:61 DeprecationWarning: This process (pid=727) is multi-threaded, use of fork() may lead to deadlocks in the child.
[2025-12-14T00:25:45.843+0000] {standard_task_runner.py:63} INFO - Started process 728 to run task
[2025-12-14T00:25:45.843+0000] {standard_task_runner.py:90} INFO - Running: ['***', 'tasks', 'run', 'higiene_urbana_lisboa_etl', 'bronze_meteo', 'manual__2025-12-14T00:20:01.350195+00:00', '--job-id', '24', '--raw', '--subdir', 'DAGS_FOLDER/dag_higiene_lisboa.py', '--cfg-path', '/tmp/tmp9gfn3xc6']
[2025-12-14T00:25:45.846+0000] {standard_task_runner.py:91} INFO - Job 24: Subtask bronze_meteo
[2025-12-14T00:25:45.865+0000] {logging_mixin.py:188} WARNING - /home/***/.local/lib/python3.12/site-packages/***/settings.py:195 DeprecationWarning: The sql_alchemy_conn option in [core] has been moved to the sql_alchemy_conn option in [database] - the old setting has been used, but please update your config.
[2025-12-14T00:25:45.914+0000] {task_command.py:426} INFO - Running <TaskInstance: higiene_urbana_lisboa_etl.bronze_meteo manual__2025-12-14T00:20:01.350195+00:00 [running]> on host 0c779bd56b36
[2025-12-14T00:25:46.024+0000] {taskinstance.py:2648} INFO - Exporting env vars: AIRFLOW_CTX_DAG_OWNER='grupo10' AIRFLOW_CTX_DAG_ID='higiene_urbana_lisboa_etl' AIRFLOW_CTX_TASK_ID='bronze_meteo' AIRFLOW_CTX_EXECUTION_DATE='2025-12-14T00:20:01.350195+00:00' AIRFLOW_CTX_TRY_NUMBER='2' AIRFLOW_CTX_DAG_RUN_ID='manual__2025-12-14T00:20:01.350195+00:00'
[2025-12-14T00:25:46.025+0000] {taskinstance.py:430} INFO - ::endgroup::
[2025-12-14T00:25:46.041+0000] {subprocess.py:63} INFO - Tmp dir root location: /tmp
[2025-12-14T00:25:46.042+0000] {subprocess.py:75} INFO - Running command: ['/usr/bin/bash', '-c', 'python open_meteo_clima.py']
[2025-12-14T00:25:46.061+0000] {subprocess.py:86} INFO - Output:
[2025-12-14T00:25:47.257+0000] {subprocess.py:93} INFO - Traceback (most recent call last):
[2025-12-14T00:25:47.257+0000] {subprocess.py:93} INFO -   File "/opt/***/codigos/raw/open_meteo_clima.py", line 121, in <module>
[2025-12-14T00:25:47.258+0000] {subprocess.py:93} INFO -     main_meteo_distributed()
[2025-12-14T00:25:47.258+0000] {subprocess.py:93} INFO -   File "/opt/***/codigos/raw/open_meteo_clima.py", line 81, in main_meteo_distributed
[2025-12-14T00:25:47.258+0000] {subprocess.py:93} INFO -     df_geo = pd.read_csv(path_geoapi)
[2025-12-14T00:25:47.258+0000] {subprocess.py:93} INFO -              ^^^^^^^^^^^^^^^^^^^^^^^^
[2025-12-14T00:25:47.259+0000] {subprocess.py:93} INFO -   File "/home/***/.local/lib/python3.12/site-packages/pandas/io/parsers/readers.py", line 1026, in read_csv
[2025-12-14T00:25:47.259+0000] {subprocess.py:93} INFO -     return _read(filepath_or_buffer, kwds)
[2025-12-14T00:25:47.259+0000] {subprocess.py:93} INFO -            ^^^^^^^^^^^^^^^^^^^^^^^^^^^^^^^
[2025-12-14T00:25:47.259+0000] {subprocess.py:93} INFO -   File "/home/***/.local/lib/python3.12/site-packages/pandas/io/parsers/readers.py", line 620, in _read
[2025-12-14T00:25:47.259+0000] {subprocess.py:93} INFO -     parser = TextFileReader(filepath_or_buffer, **kwds)
[2025-12-14T00:25:47.259+0000] {subprocess.py:93} INFO -              ^^^^^^^^^^^^^^^^^^^^^^^^^^^^^^^^^^^^^^^^^^
[2025-12-14T00:25:47.260+0000] {subprocess.py:93} INFO -   File "/home/***/.local/lib/python3.12/site-packages/pandas/io/parsers/readers.py", line 1620, in __init__
[2025-12-14T00:25:47.260+0000] {subprocess.py:93} INFO -     self._engine = self._make_engine(f, self.engine)
[2025-12-14T00:25:47.260+0000] {subprocess.py:93} INFO -                    ^^^^^^^^^^^^^^^^^^^^^^^^^^^^^^^^^
[2025-12-14T00:25:47.260+0000] {subprocess.py:93} INFO -   File "/home/***/.local/lib/python3.12/site-packages/pandas/io/parsers/readers.py", line 1880, in _make_engine
[2025-12-14T00:25:47.260+0000] {subprocess.py:93} INFO -     self.handles = get_handle(
[2025-12-14T00:25:47.260+0000] {subprocess.py:93} INFO -                    ^^^^^^^^^^^
[2025-12-14T00:25:47.261+0000] {subprocess.py:93} INFO -   File "/home/***/.local/lib/python3.12/site-packages/pandas/io/common.py", line 873, in get_handle
[2025-12-14T00:25:47.261+0000] {subprocess.py:93} INFO -     handle = open(
[2025-12-14T00:25:47.261+0000] {subprocess.py:93} INFO -              ^^^^^
[2025-12-14T00:25:47.261+0000] {subprocess.py:93} INFO - FileNotFoundError: [Errno 2] No such file or directory: '../../dados/bronze/geoapi_distrito_lisboa.csv'
[2025-12-14T00:25:47.366+0000] {subprocess.py:97} INFO - Command exited with return code 1
[2025-12-14T00:25:47.366+0000] {taskinstance.py:441} INFO - ::group::Post task execution logs
[2025-12-14T00:25:47.382+0000] {taskinstance.py:2905} ERROR - Task failed with exception
Traceback (most recent call last):
  File "/home/airflow/.local/lib/python3.12/site-packages/airflow/models/taskinstance.py", line 465, in _execute_task
    result = _execute_callable(context=context, **execute_callable_kwargs)
             ^^^^^^^^^^^^^^^^^^^^^^^^^^^^^^^^^^^^^^^^^^^^^^^^^^^^^^^^^^^^^
  File "/home/airflow/.local/lib/python3.12/site-packages/airflow/models/taskinstance.py", line 432, in _execute_callable
    return execute_callable(context=context, **execute_callable_kwargs)
           ^^^^^^^^^^^^^^^^^^^^^^^^^^^^^^^^^^^^^^^^^^^^^^^^^^^^^^^^^^^^
  File "/home/airflow/.local/lib/python3.12/site-packages/airflow/models/baseoperator.py", line 400, in wrapper
    return func(self, *args, **kwargs)
           ^^^^^^^^^^^^^^^^^^^^^^^^^^^
  File "/home/airflow/.local/lib/python3.12/site-packages/airflow/operators/bash.py", line 243, in execute
    raise AirflowException(
airflow.exceptions.AirflowException: Bash command failed. The command returned a non-zero exit code 1.
[2025-12-14T00:25:47.388+0000] {taskinstance.py:1206} INFO - Marking task as FAILED. dag_id=higiene_urbana_lisboa_etl, task_id=bronze_meteo, run_id=manual__2025-12-14T00:20:01.350195+00:00, execution_date=20251214T002001, start_date=20251214T002545, end_date=20251214T002547
[2025-12-14T00:25:47.403+0000] {standard_task_runner.py:110} ERROR - Failed to execute job 24 for task bronze_meteo (Bash command failed. The command returned a non-zero exit code 1.; 728)
[2025-12-14T00:25:47.427+0000] {local_task_job_runner.py:240} INFO - Task exited with return code 1
[2025-12-14T00:25:47.457+0000] {taskinstance.py:3498} INFO - 0 downstream tasks scheduled from follow-on schedule check
[2025-12-14T00:25:47.462+0000] {local_task_job_runner.py:222} INFO - ::endgroup::
