[2025-12-15T10:00:45.313+0000] {local_task_job_runner.py:120} INFO - ::group::Pre task execution logs
[2025-12-15T10:00:45.388+0000] {taskinstance.py:2076} INFO - Dependencies all met for dep_context=non-requeueable deps ti=<TaskInstance: higiene_urbana_lisboa_etl.bronze_osm manual__2025-12-15T10:00:44.114720+00:00 [queued]>
[2025-12-15T10:00:45.401+0000] {taskinstance.py:2076} INFO - Dependencies all met for dep_context=requeueable deps ti=<TaskInstance: higiene_urbana_lisboa_etl.bronze_osm manual__2025-12-15T10:00:44.114720+00:00 [queued]>
[2025-12-15T10:00:45.402+0000] {taskinstance.py:2306} INFO - Starting attempt 1 of 2
[2025-12-15T10:00:45.431+0000] {taskinstance.py:2330} INFO - Executing <Task(BashOperator): bronze_osm> on 2025-12-15 10:00:44.114720+00:00
[2025-12-15T10:00:45.468+0000] {logging_mixin.py:188} WARNING - /home/***/.local/lib/python3.12/site-packages/***/task/task_runner/standard_task_runner.py:61 DeprecationWarning: This process (pid=358) is multi-threaded, use of fork() may lead to deadlocks in the child.
[2025-12-15T10:00:45.471+0000] {standard_task_runner.py:63} INFO - Started process 369 to run task
[2025-12-15T10:00:45.474+0000] {standard_task_runner.py:90} INFO - Running: ['***', 'tasks', 'run', 'higiene_urbana_lisboa_etl', 'bronze_osm', 'manual__2025-12-15T10:00:44.114720+00:00', '--job-id', '52', '--raw', '--subdir', 'DAGS_FOLDER/dag_higiene_lisboa.py', '--cfg-path', '/tmp/tmp5kulkxmw']
[2025-12-15T10:00:45.476+0000] {standard_task_runner.py:91} INFO - Job 52: Subtask bronze_osm
[2025-12-15T10:00:45.508+0000] {logging_mixin.py:188} WARNING - /home/***/.local/lib/python3.12/site-packages/***/settings.py:195 DeprecationWarning: The sql_alchemy_conn option in [core] has been moved to the sql_alchemy_conn option in [database] - the old setting has been used, but please update your config.
[2025-12-15T10:00:45.640+0000] {task_command.py:426} INFO - Running <TaskInstance: higiene_urbana_lisboa_etl.bronze_osm manual__2025-12-15T10:00:44.114720+00:00 [running]> on host 72bd56846f67
[2025-12-15T10:00:45.775+0000] {taskinstance.py:2648} INFO - Exporting env vars: AIRFLOW_CTX_DAG_OWNER='grupo10' AIRFLOW_CTX_DAG_ID='higiene_urbana_lisboa_etl' AIRFLOW_CTX_TASK_ID='bronze_osm' AIRFLOW_CTX_EXECUTION_DATE='2025-12-15T10:00:44.114720+00:00' AIRFLOW_CTX_TRY_NUMBER='1' AIRFLOW_CTX_DAG_RUN_ID='manual__2025-12-15T10:00:44.114720+00:00'
[2025-12-15T10:00:45.775+0000] {taskinstance.py:430} INFO - ::endgroup::
[2025-12-15T10:00:45.798+0000] {subprocess.py:63} INFO - Tmp dir root location: /tmp
[2025-12-15T10:00:45.799+0000] {subprocess.py:75} INFO - Running command: ['/usr/bin/bash', '-c', 'python open_street_map.py']
[2025-12-15T10:00:45.821+0000] {subprocess.py:86} INFO - Output:
[2025-12-15T10:01:26.889+0000] {subprocess.py:93} INFO - Arquivo salvo em: ../../dados/bronze/osm_ecopontos.csv
[2025-12-15T10:01:27.038+0000] {subprocess.py:97} INFO - Command exited with return code 0
[2025-12-15T10:01:27.039+0000] {taskinstance.py:441} INFO - ::group::Post task execution logs
[2025-12-15T10:01:29.375+0000] {taskinstance.py:1206} INFO - Marking task as SUCCESS. dag_id=higiene_urbana_lisboa_etl, task_id=bronze_osm, run_id=manual__2025-12-15T10:00:44.114720+00:00, execution_date=20251215T100044, start_date=20251215T100045, end_date=20251215T100129
[2025-12-15T10:01:31.193+0000] {local_task_job_runner.py:240} INFO - Task exited with return code 0
[2025-12-15T10:01:31.968+0000] {taskinstance.py:3498} INFO - 0 downstream tasks scheduled from follow-on schedule check
[2025-12-15T10:01:31.970+0000] {local_task_job_runner.py:222} INFO - ::endgroup::
