[2025-12-16T09:40:53.830+0000] {local_task_job_runner.py:120} INFO - ::group::Pre task execution logs
[2025-12-16T09:40:53.879+0000] {taskinstance.py:2076} INFO - Dependencies all met for dep_context=non-requeueable deps ti=<TaskInstance: higiene_urbana_lisboa_etl.bronze_cml_ecopontos manual__2025-12-16T09:40:53.141030+00:00 [queued]>
[2025-12-16T09:40:53.892+0000] {taskinstance.py:2076} INFO - Dependencies all met for dep_context=requeueable deps ti=<TaskInstance: higiene_urbana_lisboa_etl.bronze_cml_ecopontos manual__2025-12-16T09:40:53.141030+00:00 [queued]>
[2025-12-16T09:40:53.893+0000] {taskinstance.py:2306} INFO - Starting attempt 1 of 2
[2025-12-16T09:40:53.910+0000] {taskinstance.py:2330} INFO - Executing <Task(BashOperator): bronze_cml_ecopontos> on 2025-12-16 09:40:53.141030+00:00
[2025-12-16T09:40:53.921+0000] {logging_mixin.py:188} WARNING - /home/***/.local/lib/python3.12/site-packages/***/task/task_runner/standard_task_runner.py:61 DeprecationWarning: This process (pid=692) is multi-threaded, use of fork() may lead to deadlocks in the child.
[2025-12-16T09:40:53.923+0000] {standard_task_runner.py:63} INFO - Started process 696 to run task
[2025-12-16T09:40:53.921+0000] {standard_task_runner.py:90} INFO - Running: ['***', 'tasks', 'run', 'higiene_urbana_lisboa_etl', 'bronze_cml_ecopontos', 'manual__2025-12-16T09:40:53.141030+00:00', '--job-id', '122', '--raw', '--subdir', 'DAGS_FOLDER/dag_higiene_lisboa.py', '--cfg-path', '/tmp/tmp60fo0gvu']
[2025-12-16T09:40:53.924+0000] {standard_task_runner.py:91} INFO - Job 122: Subtask bronze_cml_ecopontos
[2025-12-16T09:40:53.940+0000] {logging_mixin.py:188} WARNING - /home/***/.local/lib/python3.12/site-packages/***/settings.py:195 DeprecationWarning: The sql_alchemy_conn option in [core] has been moved to the sql_alchemy_conn option in [database] - the old setting has been used, but please update your config.
[2025-12-16T09:40:53.982+0000] {task_command.py:426} INFO - Running <TaskInstance: higiene_urbana_lisboa_etl.bronze_cml_ecopontos manual__2025-12-16T09:40:53.141030+00:00 [running]> on host 8216b447db0d
[2025-12-16T09:40:54.086+0000] {taskinstance.py:2648} INFO - Exporting env vars: AIRFLOW_CTX_DAG_OWNER='grupo10' AIRFLOW_CTX_DAG_ID='higiene_urbana_lisboa_etl' AIRFLOW_CTX_TASK_ID='bronze_cml_ecopontos' AIRFLOW_CTX_EXECUTION_DATE='2025-12-16T09:40:53.141030+00:00' AIRFLOW_CTX_TRY_NUMBER='1' AIRFLOW_CTX_DAG_RUN_ID='manual__2025-12-16T09:40:53.141030+00:00'
[2025-12-16T09:40:54.086+0000] {taskinstance.py:430} INFO - ::endgroup::
[2025-12-16T09:40:54.101+0000] {subprocess.py:63} INFO - Tmp dir root location: /tmp
[2025-12-16T09:40:54.102+0000] {subprocess.py:75} INFO - Running command: ['/usr/bin/bash', '-c', 'python camara_municipal_lisboa.py']
[2025-12-16T09:40:54.118+0000] {subprocess.py:86} INFO - Output:
[2025-12-16T09:40:58.796+0000] {subprocess.py:93} INFO - Salvando no MinIO (s3://bronze/ecopontos_cml.csv)...
[2025-12-16T09:40:58.797+0000] {subprocess.py:93} INFO - Upload concluído com sucesso!
[2025-12-16T09:40:58.797+0000] {subprocess.py:93} INFO - Salvando no MinIO (s3://bronze/circuitos_recolha.csv)...
[2025-12-16T09:40:58.798+0000] {subprocess.py:93} INFO - Upload concluído com sucesso!
[2025-12-16T09:40:59.279+0000] {subprocess.py:97} INFO - Command exited with return code 0
[2025-12-16T09:40:59.280+0000] {taskinstance.py:441} INFO - ::group::Post task execution logs
[2025-12-16T09:40:59.319+0000] {taskinstance.py:1206} INFO - Marking task as SUCCESS. dag_id=higiene_urbana_lisboa_etl, task_id=bronze_cml_ecopontos, run_id=manual__2025-12-16T09:40:53.141030+00:00, execution_date=20251216T094053, start_date=20251216T094053, end_date=20251216T094059
[2025-12-16T09:40:59.363+0000] {local_task_job_runner.py:240} INFO - Task exited with return code 0
[2025-12-16T09:40:59.400+0000] {taskinstance.py:3498} INFO - 2 downstream tasks scheduled from follow-on schedule check
[2025-12-16T09:40:59.402+0000] {local_task_job_runner.py:222} INFO - ::endgroup::
