[2025-12-16T09:35:58.683+0000] {local_task_job_runner.py:120} INFO - ::group::Pre task execution logs
[2025-12-16T09:35:58.724+0000] {taskinstance.py:2076} INFO - Dependencies all met for dep_context=non-requeueable deps ti=<TaskInstance: higiene_urbana_lisboa_etl.gold_analytics scheduled__2025-12-15T00:00:00+00:00 [queued]>
[2025-12-16T09:35:58.735+0000] {taskinstance.py:2076} INFO - Dependencies all met for dep_context=requeueable deps ti=<TaskInstance: higiene_urbana_lisboa_etl.gold_analytics scheduled__2025-12-15T00:00:00+00:00 [queued]>
[2025-12-16T09:35:58.735+0000] {taskinstance.py:2306} INFO - Starting attempt 1 of 2
[2025-12-16T09:35:58.750+0000] {taskinstance.py:2330} INFO - Executing <Task(BashOperator): gold_analytics> on 2025-12-15 00:00:00+00:00
[2025-12-16T09:35:58.762+0000] {logging_mixin.py:188} WARNING - /home/***/.local/lib/python3.12/site-packages/***/task/task_runner/standard_task_runner.py:61 DeprecationWarning: This process (pid=360) is multi-threaded, use of fork() may lead to deadlocks in the child.
[2025-12-16T09:35:58.764+0000] {standard_task_runner.py:63} INFO - Started process 361 to run task
[2025-12-16T09:35:58.763+0000] {standard_task_runner.py:90} INFO - Running: ['***', 'tasks', 'run', 'higiene_urbana_lisboa_etl', 'gold_analytics', 'scheduled__2025-12-15T00:00:00+00:00', '--job-id', '110', '--raw', '--subdir', 'DAGS_FOLDER/dag_higiene_lisboa.py', '--cfg-path', '/tmp/tmpdw_oco0x']
[2025-12-16T09:35:58.766+0000] {standard_task_runner.py:91} INFO - Job 110: Subtask gold_analytics
[2025-12-16T09:35:58.784+0000] {logging_mixin.py:188} WARNING - /home/***/.local/lib/python3.12/site-packages/***/settings.py:195 DeprecationWarning: The sql_alchemy_conn option in [core] has been moved to the sql_alchemy_conn option in [database] - the old setting has been used, but please update your config.
[2025-12-16T09:35:58.834+0000] {task_command.py:426} INFO - Running <TaskInstance: higiene_urbana_lisboa_etl.gold_analytics scheduled__2025-12-15T00:00:00+00:00 [running]> on host 8216b447db0d
[2025-12-16T09:35:58.960+0000] {taskinstance.py:2648} INFO - Exporting env vars: AIRFLOW_CTX_DAG_OWNER='grupo10' AIRFLOW_CTX_DAG_ID='higiene_urbana_lisboa_etl' AIRFLOW_CTX_TASK_ID='gold_analytics' AIRFLOW_CTX_EXECUTION_DATE='2025-12-15T00:00:00+00:00' AIRFLOW_CTX_TRY_NUMBER='1' AIRFLOW_CTX_DAG_RUN_ID='scheduled__2025-12-15T00:00:00+00:00'
[2025-12-16T09:35:58.961+0000] {taskinstance.py:430} INFO - ::endgroup::
[2025-12-16T09:35:58.976+0000] {subprocess.py:63} INFO - Tmp dir root location: /tmp
[2025-12-16T09:35:58.977+0000] {subprocess.py:75} INFO - Running command: ['/usr/bin/bash', '-c', 'python etl_gold.py']
[2025-12-16T09:35:58.995+0000] {subprocess.py:86} INFO - Output:
[2025-12-16T09:36:00.727+0000] {subprocess.py:93} INFO - --- INICIANDO PROCESSAMENTO CAMADA OURO (DUCKDB) ---
[2025-12-16T09:36:00.727+0000] {subprocess.py:93} INFO - Gerando: Dimensão Calendário...
[2025-12-16T09:36:00.728+0000] {subprocess.py:93} INFO - Agregando: Infraestrutura CML por Freguesia...
[2025-12-16T09:36:00.728+0000] {subprocess.py:93} INFO - Agregando: Ocorrências Diárias...
[2025-12-16T09:36:00.729+0000] {subprocess.py:93} INFO - Agregando: Meteorologia Diária...
[2025-12-16T09:36:00.729+0000] {subprocess.py:93} INFO - Construindo: gold_fact_analise_diaria (O Tabelão Final)...
[2025-12-16T09:36:00.729+0000] {subprocess.py:93} INFO -  -> Tabela 'gold_fact_analise_diaria' criada com sucesso!
[2025-12-16T09:36:00.730+0000] {subprocess.py:93} INFO -  -> Arquivo final exportado para: ../../dados/ouro/tabela_analitica_final.parquet
[2025-12-16T09:36:00.730+0000] {subprocess.py:93} INFO - 
[2025-12-16T09:36:00.730+0000] {subprocess.py:93} INFO - --- AMOSTRA DOS DADOS (TOP 5) ---
[2025-12-16T09:36:00.730+0000] {subprocess.py:93} INFO -   data_referencia  freguesia  num_ecopontos  total_queixas_diarias
[2025-12-16T09:36:00.730+0000] {subprocess.py:93} INFO - 0      2025-06-30      Ajuda              3                     12
[2025-12-16T09:36:00.731+0000] {subprocess.py:93} INFO - 1      2025-06-30  Alcântara              5                     21
[2025-12-16T09:36:00.731+0000] {subprocess.py:93} INFO - 2      2025-06-30   Alvalade              0                     41
[2025-12-16T09:36:00.731+0000] {subprocess.py:93} INFO - 3      2025-06-30    Areeiro              1                     22
[2025-12-16T09:36:00.731+0000] {subprocess.py:93} INFO - 4      2025-06-30    Arroios              7                     51
[2025-12-16T09:36:00.731+0000] {subprocess.py:93} INFO - 
[2025-12-16T09:36:00.731+0000] {subprocess.py:93} INFO - Processamento Gold concluído!
[2025-12-16T09:36:00.830+0000] {subprocess.py:97} INFO - Command exited with return code 0
[2025-12-16T09:36:00.831+0000] {taskinstance.py:441} INFO - ::group::Post task execution logs
[2025-12-16T09:36:00.864+0000] {taskinstance.py:1206} INFO - Marking task as SUCCESS. dag_id=higiene_urbana_lisboa_etl, task_id=gold_analytics, run_id=scheduled__2025-12-15T00:00:00+00:00, execution_date=20251215T000000, start_date=20251216T093558, end_date=20251216T093600
[2025-12-16T09:36:00.909+0000] {local_task_job_runner.py:240} INFO - Task exited with return code 0
[2025-12-16T09:36:00.930+0000] {taskinstance.py:3498} INFO - 0 downstream tasks scheduled from follow-on schedule check
[2025-12-16T09:36:00.932+0000] {local_task_job_runner.py:222} INFO - ::endgroup::
