[2025-12-15T09:59:20.181+0000] {local_task_job_runner.py:120} INFO - ::group::Pre task execution logs
[2025-12-15T09:59:20.220+0000] {taskinstance.py:2076} INFO - Dependencies all met for dep_context=non-requeueable deps ti=<TaskInstance: higiene_urbana_lisboa_etl.bronze_ine scheduled__2025-12-14T00:00:00+00:00 [queued]>
[2025-12-15T09:59:20.232+0000] {taskinstance.py:2076} INFO - Dependencies all met for dep_context=requeueable deps ti=<TaskInstance: higiene_urbana_lisboa_etl.bronze_ine scheduled__2025-12-14T00:00:00+00:00 [queued]>
[2025-12-15T09:59:20.233+0000] {taskinstance.py:2306} INFO - Starting attempt 1 of 2
[2025-12-15T09:59:20.250+0000] {taskinstance.py:2330} INFO - Executing <Task(BashOperator): bronze_ine> on 2025-12-14 00:00:00+00:00
[2025-12-15T09:59:20.265+0000] {logging_mixin.py:188} WARNING - /home/***/.local/lib/python3.12/site-packages/***/task/task_runner/standard_task_runner.py:61 DeprecationWarning: This process (pid=184) is multi-threaded, use of fork() may lead to deadlocks in the child.
[2025-12-15T09:59:20.268+0000] {standard_task_runner.py:63} INFO - Started process 188 to run task
[2025-12-15T09:59:20.265+0000] {standard_task_runner.py:90} INFO - Running: ['***', 'tasks', 'run', 'higiene_urbana_lisboa_etl', 'bronze_ine', 'scheduled__2025-12-14T00:00:00+00:00', '--job-id', '49', '--raw', '--subdir', 'DAGS_FOLDER/dag_higiene_lisboa.py', '--cfg-path', '/tmp/tmpskyptn8u']
[2025-12-15T09:59:20.269+0000] {standard_task_runner.py:91} INFO - Job 49: Subtask bronze_ine
[2025-12-15T09:59:20.293+0000] {logging_mixin.py:188} WARNING - /home/***/.local/lib/python3.12/site-packages/***/settings.py:195 DeprecationWarning: The sql_alchemy_conn option in [core] has been moved to the sql_alchemy_conn option in [database] - the old setting has been used, but please update your config.
[2025-12-15T09:59:20.365+0000] {task_command.py:426} INFO - Running <TaskInstance: higiene_urbana_lisboa_etl.bronze_ine scheduled__2025-12-14T00:00:00+00:00 [running]> on host 72bd56846f67
[2025-12-15T09:59:20.508+0000] {taskinstance.py:2648} INFO - Exporting env vars: AIRFLOW_CTX_DAG_OWNER='grupo10' AIRFLOW_CTX_DAG_ID='higiene_urbana_lisboa_etl' AIRFLOW_CTX_TASK_ID='bronze_ine' AIRFLOW_CTX_EXECUTION_DATE='2025-12-14T00:00:00+00:00' AIRFLOW_CTX_TRY_NUMBER='1' AIRFLOW_CTX_DAG_RUN_ID='scheduled__2025-12-14T00:00:00+00:00'
[2025-12-15T09:59:20.509+0000] {taskinstance.py:430} INFO - ::endgroup::
[2025-12-15T09:59:20.547+0000] {subprocess.py:63} INFO - Tmp dir root location: /tmp
[2025-12-15T09:59:20.547+0000] {subprocess.py:75} INFO - Running command: ['/usr/bin/bash', '-c', 'python ine.py']
[2025-12-15T09:59:20.566+0000] {subprocess.py:86} INFO - Output:
[2025-12-15T09:59:38.857+0000] {subprocess.py:93} INFO - --- FASE 1: Buscando municípios do Distrito de Lisboa ---
[2025-12-15T09:59:38.858+0000] {subprocess.py:93} INFO - URL: https://geoapi.pt/distrito/lisboa/municipios?json=1
[2025-12-15T09:59:38.858+0000] {subprocess.py:93} INFO - Municípios encontrados: 16
[2025-12-15T09:59:38.858+0000] {subprocess.py:93} INFO - [1/16] Processando: Alenquer...
[2025-12-15T09:59:38.859+0000] {subprocess.py:93} INFO - [2/16] Processando: Amadora...
[2025-12-15T09:59:38.859+0000] {subprocess.py:93} INFO - [3/16] Processando: Arruda Dos Vinhos...
[2025-12-15T09:59:38.859+0000] {subprocess.py:93} INFO - [4/16] Processando: Azambuja...
[2025-12-15T09:59:38.859+0000] {subprocess.py:93} INFO - [5/16] Processando: Cadaval...
[2025-12-15T09:59:38.860+0000] {subprocess.py:93} INFO - [6/16] Processando: Cascais...
[2025-12-15T09:59:38.860+0000] {subprocess.py:93} INFO - [7/16] Processando: Lisboa...
[2025-12-15T09:59:38.860+0000] {subprocess.py:93} INFO - [8/16] Processando: Loures...
[2025-12-15T09:59:38.860+0000] {subprocess.py:93} INFO - [9/16] Processando: Lourinhã...
[2025-12-15T09:59:38.860+0000] {subprocess.py:93} INFO - [10/16] Processando: Mafra...
[2025-12-15T09:59:38.860+0000] {subprocess.py:93} INFO - [11/16] Processando: Odivelas...
[2025-12-15T09:59:38.861+0000] {subprocess.py:93} INFO - [12/16] Processando: Oeiras...
[2025-12-15T09:59:38.861+0000] {subprocess.py:93} INFO - [13/16] Processando: Sintra...
[2025-12-15T09:59:38.861+0000] {subprocess.py:93} INFO - [14/16] Processando: Sobral de Monte Agraço...
[2025-12-15T09:59:38.861+0000] {subprocess.py:93} INFO - [15/16] Processando: Torres Vedras...
[2025-12-15T09:59:38.861+0000] {subprocess.py:93} INFO - [16/16] Processando: Vila Franca de Xira...
[2025-12-15T09:59:38.861+0000] {subprocess.py:93} INFO - 
[2025-12-15T09:59:38.862+0000] {subprocess.py:93} INFO - SUCESSO: 141 registros processados.
[2025-12-15T09:59:39.057+0000] {subprocess.py:97} INFO - Command exited with return code 0
[2025-12-15T09:59:39.058+0000] {taskinstance.py:441} INFO - ::group::Post task execution logs
[2025-12-15T09:59:39.095+0000] {taskinstance.py:1206} INFO - Marking task as SUCCESS. dag_id=higiene_urbana_lisboa_etl, task_id=bronze_ine, run_id=scheduled__2025-12-14T00:00:00+00:00, execution_date=20251214T000000, start_date=20251215T095920, end_date=20251215T095939
[2025-12-15T09:59:39.131+0000] {local_task_job_runner.py:240} INFO - Task exited with return code 0
[2025-12-15T09:59:39.155+0000] {taskinstance.py:3498} INFO - 0 downstream tasks scheduled from follow-on schedule check
[2025-12-15T09:59:39.158+0000] {local_task_job_runner.py:222} INFO - ::endgroup::
