[2025-12-15T10:09:29.958+0000] {local_task_job_runner.py:120} INFO - ::group::Pre task execution logs
[2025-12-15T10:09:29.986+0000] {taskinstance.py:2076} INFO - Dependencies all met for dep_context=non-requeueable deps ti=<TaskInstance: higiene_urbana_lisboa_etl.silver_transformation manual__2025-12-15T10:02:12.004225+00:00 [queued]>
[2025-12-15T10:09:29.995+0000] {taskinstance.py:2076} INFO - Dependencies all met for dep_context=requeueable deps ti=<TaskInstance: higiene_urbana_lisboa_etl.silver_transformation manual__2025-12-15T10:02:12.004225+00:00 [queued]>
[2025-12-15T10:09:29.995+0000] {taskinstance.py:2306} INFO - Starting attempt 2 of 2
[2025-12-15T10:09:30.006+0000] {taskinstance.py:2330} INFO - Executing <Task(BashOperator): silver_transformation> on 2025-12-15 10:02:12.004225+00:00
[2025-12-15T10:09:30.015+0000] {logging_mixin.py:188} WARNING - /home/***/.local/lib/python3.12/site-packages/***/task/task_runner/standard_task_runner.py:61 DeprecationWarning: This process (pid=176) is multi-threaded, use of fork() may lead to deadlocks in the child.
[2025-12-15T10:09:30.016+0000] {standard_task_runner.py:63} INFO - Started process 179 to run task
[2025-12-15T10:09:30.015+0000] {standard_task_runner.py:90} INFO - Running: ['***', 'tasks', 'run', 'higiene_urbana_lisboa_etl', 'silver_transformation', 'manual__2025-12-15T10:02:12.004225+00:00', '--job-id', '68', '--raw', '--subdir', 'DAGS_FOLDER/dag_higiene_lisboa.py', '--cfg-path', '/tmp/tmp7dl0xw47']
[2025-12-15T10:09:30.016+0000] {standard_task_runner.py:91} INFO - Job 68: Subtask silver_transformation
[2025-12-15T10:09:30.028+0000] {logging_mixin.py:188} WARNING - /home/***/.local/lib/python3.12/site-packages/***/settings.py:195 DeprecationWarning: The sql_alchemy_conn option in [core] has been moved to the sql_alchemy_conn option in [database] - the old setting has been used, but please update your config.
[2025-12-15T10:09:30.058+0000] {task_command.py:426} INFO - Running <TaskInstance: higiene_urbana_lisboa_etl.silver_transformation manual__2025-12-15T10:02:12.004225+00:00 [running]> on host 161dbb551f8a
[2025-12-15T10:09:30.147+0000] {taskinstance.py:2648} INFO - Exporting env vars: AIRFLOW_CTX_DAG_OWNER='grupo10' AIRFLOW_CTX_DAG_ID='higiene_urbana_lisboa_etl' AIRFLOW_CTX_TASK_ID='silver_transformation' AIRFLOW_CTX_EXECUTION_DATE='2025-12-15T10:02:12.004225+00:00' AIRFLOW_CTX_TRY_NUMBER='2' AIRFLOW_CTX_DAG_RUN_ID='manual__2025-12-15T10:02:12.004225+00:00'
[2025-12-15T10:09:30.148+0000] {taskinstance.py:430} INFO - ::endgroup::
[2025-12-15T10:09:30.189+0000] {subprocess.py:63} INFO - Tmp dir root location: /tmp
[2025-12-15T10:09:30.189+0000] {subprocess.py:75} INFO - Running command: ['/usr/bin/bash', '-c', 'python etl_silver.py']
[2025-12-15T10:09:30.206+0000] {subprocess.py:86} INFO - Output:
[2025-12-15T10:09:30.319+0000] {subprocess.py:93} INFO - python: can't open file '/opt/***/codigos/prepared/etl_silver.py': [Errno 2] No such file or directory
[2025-12-15T10:09:30.324+0000] {subprocess.py:97} INFO - Command exited with return code 2
[2025-12-15T10:09:30.325+0000] {taskinstance.py:441} INFO - ::group::Post task execution logs
[2025-12-15T10:09:30.336+0000] {taskinstance.py:2905} ERROR - Task failed with exception
Traceback (most recent call last):
  File "/home/airflow/.local/lib/python3.12/site-packages/airflow/models/taskinstance.py", line 465, in _execute_task
    result = _execute_callable(context=context, **execute_callable_kwargs)
             ^^^^^^^^^^^^^^^^^^^^^^^^^^^^^^^^^^^^^^^^^^^^^^^^^^^^^^^^^^^^^
  File "/home/airflow/.local/lib/python3.12/site-packages/airflow/models/taskinstance.py", line 432, in _execute_callable
    return execute_callable(context=context, **execute_callable_kwargs)
           ^^^^^^^^^^^^^^^^^^^^^^^^^^^^^^^^^^^^^^^^^^^^^^^^^^^^^^^^^^^^
  File "/home/airflow/.local/lib/python3.12/site-packages/airflow/models/baseoperator.py", line 400, in wrapper
    return func(self, *args, **kwargs)
           ^^^^^^^^^^^^^^^^^^^^^^^^^^^
  File "/home/airflow/.local/lib/python3.12/site-packages/airflow/operators/bash.py", line 243, in execute
    raise AirflowException(
airflow.exceptions.AirflowException: Bash command failed. The command returned a non-zero exit code 2.
[2025-12-15T10:09:30.339+0000] {taskinstance.py:1206} INFO - Marking task as FAILED. dag_id=higiene_urbana_lisboa_etl, task_id=silver_transformation, run_id=manual__2025-12-15T10:02:12.004225+00:00, execution_date=20251215T100212, start_date=20251215T100929, end_date=20251215T100930
[2025-12-15T10:09:30.352+0000] {standard_task_runner.py:110} ERROR - Failed to execute job 68 for task silver_transformation (Bash command failed. The command returned a non-zero exit code 2.; 179)
[2025-12-15T10:09:30.393+0000] {local_task_job_runner.py:240} INFO - Task exited with return code 1
[2025-12-15T10:09:30.409+0000] {taskinstance.py:3498} INFO - 0 downstream tasks scheduled from follow-on schedule check
[2025-12-15T10:09:30.411+0000] {local_task_job_runner.py:222} INFO - ::endgroup::
