[2025-12-15T09:59:20.179+0000] {local_task_job_runner.py:120} INFO - ::group::Pre task execution logs
[2025-12-15T09:59:20.221+0000] {taskinstance.py:2076} INFO - Dependencies all met for dep_context=non-requeueable deps ti=<TaskInstance: higiene_urbana_lisboa_etl.bronze_geoapi scheduled__2025-12-14T00:00:00+00:00 [queued]>
[2025-12-15T09:59:20.234+0000] {taskinstance.py:2076} INFO - Dependencies all met for dep_context=requeueable deps ti=<TaskInstance: higiene_urbana_lisboa_etl.bronze_geoapi scheduled__2025-12-14T00:00:00+00:00 [queued]>
[2025-12-15T09:59:20.235+0000] {taskinstance.py:2306} INFO - Starting attempt 1 of 2
[2025-12-15T09:59:20.253+0000] {taskinstance.py:2330} INFO - Executing <Task(BashOperator): bronze_geoapi> on 2025-12-14 00:00:00+00:00
[2025-12-15T09:59:20.268+0000] {logging_mixin.py:188} WARNING - /home/***/.local/lib/python3.12/site-packages/***/task/task_runner/standard_task_runner.py:61 DeprecationWarning: This process (pid=179) is multi-threaded, use of fork() may lead to deadlocks in the child.
[2025-12-15T09:59:20.270+0000] {standard_task_runner.py:63} INFO - Started process 190 to run task
[2025-12-15T09:59:20.268+0000] {standard_task_runner.py:90} INFO - Running: ['***', 'tasks', 'run', 'higiene_urbana_lisboa_etl', 'bronze_geoapi', 'scheduled__2025-12-14T00:00:00+00:00', '--job-id', '48', '--raw', '--subdir', 'DAGS_FOLDER/dag_higiene_lisboa.py', '--cfg-path', '/tmp/tmpx7zbl83n']
[2025-12-15T09:59:20.272+0000] {standard_task_runner.py:91} INFO - Job 48: Subtask bronze_geoapi
[2025-12-15T09:59:20.302+0000] {logging_mixin.py:188} WARNING - /home/***/.local/lib/python3.12/site-packages/***/settings.py:195 DeprecationWarning: The sql_alchemy_conn option in [core] has been moved to the sql_alchemy_conn option in [database] - the old setting has been used, but please update your config.
[2025-12-15T09:59:20.370+0000] {task_command.py:426} INFO - Running <TaskInstance: higiene_urbana_lisboa_etl.bronze_geoapi scheduled__2025-12-14T00:00:00+00:00 [running]> on host 72bd56846f67
[2025-12-15T09:59:20.513+0000] {taskinstance.py:2648} INFO - Exporting env vars: AIRFLOW_CTX_DAG_OWNER='grupo10' AIRFLOW_CTX_DAG_ID='higiene_urbana_lisboa_etl' AIRFLOW_CTX_TASK_ID='bronze_geoapi' AIRFLOW_CTX_EXECUTION_DATE='2025-12-14T00:00:00+00:00' AIRFLOW_CTX_TRY_NUMBER='1' AIRFLOW_CTX_DAG_RUN_ID='scheduled__2025-12-14T00:00:00+00:00'
[2025-12-15T09:59:20.514+0000] {taskinstance.py:430} INFO - ::endgroup::
[2025-12-15T09:59:20.547+0000] {subprocess.py:63} INFO - Tmp dir root location: /tmp
[2025-12-15T09:59:20.547+0000] {subprocess.py:75} INFO - Running command: ['/usr/bin/bash', '-c', 'python geoapi_freguesias.py']
[2025-12-15T09:59:20.565+0000] {subprocess.py:86} INFO - Output:
[2025-12-15T09:59:53.755+0000] {subprocess.py:93} INFO - Salvando no MinIO (s3://bronze/geoapi_distrito_lisboa.csv)...
[2025-12-15T09:59:53.756+0000] {subprocess.py:93} INFO - ERRO ao salvar no MinIO: Could not connect to the endpoint URL: "http://host.docker.internal:9000/bronze"
[2025-12-15T09:59:53.757+0000] {subprocess.py:93} INFO - Dica: Verifique se o bucket 'bronze' foi criado no painel do MinIO (localhost:9001).
[2025-12-15T09:59:54.251+0000] {subprocess.py:97} INFO - Command exited with return code 0
[2025-12-15T09:59:54.252+0000] {taskinstance.py:441} INFO - ::group::Post task execution logs
[2025-12-15T09:59:54.293+0000] {taskinstance.py:1206} INFO - Marking task as SUCCESS. dag_id=higiene_urbana_lisboa_etl, task_id=bronze_geoapi, run_id=scheduled__2025-12-14T00:00:00+00:00, execution_date=20251214T000000, start_date=20251215T095920, end_date=20251215T095954
[2025-12-15T09:59:54.325+0000] {local_task_job_runner.py:240} INFO - Task exited with return code 0
[2025-12-15T09:59:54.348+0000] {taskinstance.py:3498} INFO - 0 downstream tasks scheduled from follow-on schedule check
[2025-12-15T09:59:54.350+0000] {local_task_job_runner.py:222} INFO - ::endgroup::
