[2025-12-15T10:00:45.313+0000] {local_task_job_runner.py:120} INFO - ::group::Pre task execution logs
[2025-12-15T10:00:45.387+0000] {taskinstance.py:2076} INFO - Dependencies all met for dep_context=non-requeueable deps ti=<TaskInstance: higiene_urbana_lisboa_etl.bronze_cml_ecopontos manual__2025-12-15T10:00:44.114720+00:00 [queued]>
[2025-12-15T10:00:45.399+0000] {taskinstance.py:2076} INFO - Dependencies all met for dep_context=requeueable deps ti=<TaskInstance: higiene_urbana_lisboa_etl.bronze_cml_ecopontos manual__2025-12-15T10:00:44.114720+00:00 [queued]>
[2025-12-15T10:00:45.399+0000] {taskinstance.py:2306} INFO - Starting attempt 1 of 2
[2025-12-15T10:00:45.425+0000] {taskinstance.py:2330} INFO - Executing <Task(BashOperator): bronze_cml_ecopontos> on 2025-12-15 10:00:44.114720+00:00
[2025-12-15T10:00:45.452+0000] {logging_mixin.py:188} WARNING - /home/***/.local/lib/python3.12/site-packages/***/task/task_runner/standard_task_runner.py:61 DeprecationWarning: This process (pid=361) is multi-threaded, use of fork() may lead to deadlocks in the child.
[2025-12-15T10:00:45.459+0000] {standard_task_runner.py:63} INFO - Started process 365 to run task
[2025-12-15T10:00:45.452+0000] {standard_task_runner.py:90} INFO - Running: ['***', 'tasks', 'run', 'higiene_urbana_lisboa_etl', 'bronze_cml_ecopontos', 'manual__2025-12-15T10:00:44.114720+00:00', '--job-id', '53', '--raw', '--subdir', 'DAGS_FOLDER/dag_higiene_lisboa.py', '--cfg-path', '/tmp/tmprl2ly0hf']
[2025-12-15T10:00:45.466+0000] {standard_task_runner.py:91} INFO - Job 53: Subtask bronze_cml_ecopontos
[2025-12-15T10:00:45.506+0000] {logging_mixin.py:188} WARNING - /home/***/.local/lib/python3.12/site-packages/***/settings.py:195 DeprecationWarning: The sql_alchemy_conn option in [core] has been moved to the sql_alchemy_conn option in [database] - the old setting has been used, but please update your config.
[2025-12-15T10:00:45.611+0000] {task_command.py:426} INFO - Running <TaskInstance: higiene_urbana_lisboa_etl.bronze_cml_ecopontos manual__2025-12-15T10:00:44.114720+00:00 [running]> on host 72bd56846f67
[2025-12-15T10:00:45.852+0000] {taskinstance.py:2648} INFO - Exporting env vars: AIRFLOW_CTX_DAG_OWNER='grupo10' AIRFLOW_CTX_DAG_ID='higiene_urbana_lisboa_etl' AIRFLOW_CTX_TASK_ID='bronze_cml_ecopontos' AIRFLOW_CTX_EXECUTION_DATE='2025-12-15T10:00:44.114720+00:00' AIRFLOW_CTX_TRY_NUMBER='1' AIRFLOW_CTX_DAG_RUN_ID='manual__2025-12-15T10:00:44.114720+00:00'
[2025-12-15T10:00:45.853+0000] {taskinstance.py:430} INFO - ::endgroup::
[2025-12-15T10:00:45.878+0000] {subprocess.py:63} INFO - Tmp dir root location: /tmp
[2025-12-15T10:00:45.879+0000] {subprocess.py:75} INFO - Running command: ['/usr/bin/bash', '-c', 'python camara_municipal_lisboa.py']
[2025-12-15T10:00:45.900+0000] {subprocess.py:86} INFO - Output:
[2025-12-15T10:01:31.947+0000] {subprocess.py:93} INFO - Resgatando os dados dos ECOPONTOS
[2025-12-15T10:01:31.948+0000] {subprocess.py:93} INFO - Arquivo salvo em: ../../dados/bronze/ecopontos_cml.csv
[2025-12-15T10:01:31.949+0000] {subprocess.py:93} INFO - Resgatando os dados dos CIRTUICOS
[2025-12-15T10:01:31.949+0000] {subprocess.py:93} INFO - Arquivo salvo em: ../../dados/bronze/circuitos_recolha.csv
[2025-12-15T10:01:32.253+0000] {subprocess.py:97} INFO - Command exited with return code 0
[2025-12-15T10:01:32.254+0000] {taskinstance.py:441} INFO - ::group::Post task execution logs
[2025-12-15T10:01:32.291+0000] {taskinstance.py:1206} INFO - Marking task as SUCCESS. dag_id=higiene_urbana_lisboa_etl, task_id=bronze_cml_ecopontos, run_id=manual__2025-12-15T10:00:44.114720+00:00, execution_date=20251215T100044, start_date=20251215T100045, end_date=20251215T100132
[2025-12-15T10:01:32.326+0000] {local_task_job_runner.py:240} INFO - Task exited with return code 0
[2025-12-15T10:01:32.349+0000] {taskinstance.py:3498} INFO - 0 downstream tasks scheduled from follow-on schedule check
[2025-12-15T10:01:32.351+0000] {local_task_job_runner.py:222} INFO - ::endgroup::
