[2025-12-14T13:59:13.427+0000] {local_task_job_runner.py:120} INFO - ::group::Pre task execution logs
[2025-12-14T13:59:13.470+0000] {taskinstance.py:2076} INFO - Dependencies all met for dep_context=non-requeueable deps ti=<TaskInstance: higiene_urbana_lisboa_etl.bronze_cml_ecopontos manual__2025-12-14T13:59:12.836121+00:00 [queued]>
[2025-12-14T13:59:13.478+0000] {taskinstance.py:2076} INFO - Dependencies all met for dep_context=requeueable deps ti=<TaskInstance: higiene_urbana_lisboa_etl.bronze_cml_ecopontos manual__2025-12-14T13:59:12.836121+00:00 [queued]>
[2025-12-14T13:59:13.479+0000] {taskinstance.py:2306} INFO - Starting attempt 1 of 2
[2025-12-14T13:59:13.494+0000] {taskinstance.py:2330} INFO - Executing <Task(BashOperator): bronze_cml_ecopontos> on 2025-12-14 13:59:12.836121+00:00
[2025-12-14T13:59:13.503+0000] {logging_mixin.py:188} WARNING - /home/***/.local/lib/python3.12/site-packages/***/task/task_runner/standard_task_runner.py:61 DeprecationWarning: This process (pid=495) is multi-threaded, use of fork() may lead to deadlocks in the child.
[2025-12-14T13:59:13.504+0000] {standard_task_runner.py:63} INFO - Started process 499 to run task
[2025-12-14T13:59:13.504+0000] {standard_task_runner.py:90} INFO - Running: ['***', 'tasks', 'run', 'higiene_urbana_lisboa_etl', 'bronze_cml_ecopontos', 'manual__2025-12-14T13:59:12.836121+00:00', '--job-id', '36', '--raw', '--subdir', 'DAGS_FOLDER/dag_higiene_lisboa.py', '--cfg-path', '/tmp/tmpml91db4m']
[2025-12-14T13:59:13.506+0000] {standard_task_runner.py:91} INFO - Job 36: Subtask bronze_cml_ecopontos
[2025-12-14T13:59:13.519+0000] {logging_mixin.py:188} WARNING - /home/***/.local/lib/python3.12/site-packages/***/settings.py:195 DeprecationWarning: The sql_alchemy_conn option in [core] has been moved to the sql_alchemy_conn option in [database] - the old setting has been used, but please update your config.
[2025-12-14T13:59:13.555+0000] {task_command.py:426} INFO - Running <TaskInstance: higiene_urbana_lisboa_etl.bronze_cml_ecopontos manual__2025-12-14T13:59:12.836121+00:00 [running]> on host 0c779bd56b36
[2025-12-14T13:59:13.637+0000] {taskinstance.py:2648} INFO - Exporting env vars: AIRFLOW_CTX_DAG_OWNER='grupo10' AIRFLOW_CTX_DAG_ID='higiene_urbana_lisboa_etl' AIRFLOW_CTX_TASK_ID='bronze_cml_ecopontos' AIRFLOW_CTX_EXECUTION_DATE='2025-12-14T13:59:12.836121+00:00' AIRFLOW_CTX_TRY_NUMBER='1' AIRFLOW_CTX_DAG_RUN_ID='manual__2025-12-14T13:59:12.836121+00:00'
[2025-12-14T13:59:13.638+0000] {taskinstance.py:430} INFO - ::endgroup::
[2025-12-14T13:59:13.650+0000] {subprocess.py:63} INFO - Tmp dir root location: /tmp
[2025-12-14T13:59:13.651+0000] {subprocess.py:75} INFO - Running command: ['/usr/bin/bash', '-c', 'python camara_municipal_lisboa.py']
[2025-12-14T13:59:13.663+0000] {subprocess.py:86} INFO - Output:
[2025-12-14T14:00:04.754+0000] {subprocess.py:93} INFO - Conectando a: https://services.arcgis.com/1dSrzEWVQn5kHHyK/arcgis/rest/services/Amb_Reciclagem/FeatureServer/2/query ...
[2025-12-14T14:00:04.755+0000] {subprocess.py:93} INFO - Baixando lote: registros 0 a 115...
[2025-12-14T14:00:04.755+0000] {subprocess.py:93} INFO - 
[2025-12-14T14:00:04.755+0000] {subprocess.py:93} INFO - SUCESSO: 115 registros carregados.
[2025-12-14T14:00:04.755+0000] {subprocess.py:93} INFO - Resgatando os dados dos ECOPONTOS
[2025-12-14T14:00:04.755+0000] {subprocess.py:93} INFO - Arquivo salvo em: ../../dados/bronze/ecopontos_cml.csv
[2025-12-14T14:00:04.755+0000] {subprocess.py:93} INFO - Conectando a: https://services.arcgis.com/1dSrzEWVQn5kHHyK/arcgis/rest/services/CircuitosContentores/FeatureServer/0/query ...
[2025-12-14T14:00:04.756+0000] {subprocess.py:93} INFO - Baixando lote: registros 0 a 1000...
[2025-12-14T14:00:04.756+0000] {subprocess.py:93} INFO - Conectando a: https://services.arcgis.com/1dSrzEWVQn5kHHyK/arcgis/rest/services/CircuitosContentores/FeatureServer/0/query ...
[2025-12-14T14:00:04.756+0000] {subprocess.py:93} INFO - Baixando lote: registros 1000 a 2000...
[2025-12-14T14:00:04.756+0000] {subprocess.py:93} INFO - Conectando a: https://services.arcgis.com/1dSrzEWVQn5kHHyK/arcgis/rest/services/CircuitosContentores/FeatureServer/0/query ...
[2025-12-14T14:00:04.756+0000] {subprocess.py:93} INFO - Baixando lote: registros 2000 a 3000...
[2025-12-14T14:00:04.756+0000] {subprocess.py:93} INFO - Conectando a: https://services.arcgis.com/1dSrzEWVQn5kHHyK/arcgis/rest/services/CircuitosContentores/FeatureServer/0/query ...
[2025-12-14T14:00:04.756+0000] {subprocess.py:93} INFO - Baixando lote: registros 3000 a 4000...
[2025-12-14T14:00:04.756+0000] {subprocess.py:93} INFO - Conectando a: https://services.arcgis.com/1dSrzEWVQn5kHHyK/arcgis/rest/services/CircuitosContentores/FeatureServer/0/query ...
[2025-12-14T14:00:04.756+0000] {subprocess.py:93} INFO - Baixando lote: registros 4000 a 5000...
[2025-12-14T14:00:04.757+0000] {subprocess.py:93} INFO - Conectando a: https://services.arcgis.com/1dSrzEWVQn5kHHyK/arcgis/rest/services/CircuitosContentores/FeatureServer/0/query ...
[2025-12-14T14:00:04.757+0000] {subprocess.py:93} INFO - Baixando lote: registros 5000 a 6000...
[2025-12-14T14:00:04.757+0000] {subprocess.py:93} INFO - Conectando a: https://services.arcgis.com/1dSrzEWVQn5kHHyK/arcgis/rest/services/CircuitosContentores/FeatureServer/0/query ...
[2025-12-14T14:00:04.757+0000] {subprocess.py:93} INFO - Baixando lote: registros 6000 a 7000...
[2025-12-14T14:00:04.757+0000] {subprocess.py:93} INFO - Conectando a: https://services.arcgis.com/1dSrzEWVQn5kHHyK/arcgis/rest/services/CircuitosContentores/FeatureServer/0/query ...
[2025-12-14T14:00:04.757+0000] {subprocess.py:93} INFO - Baixando lote: registros 7000 a 8000...
[2025-12-14T14:00:04.757+0000] {subprocess.py:93} INFO - Conectando a: https://services.arcgis.com/1dSrzEWVQn5kHHyK/arcgis/rest/services/CircuitosContentores/FeatureServer/0/query ...
[2025-12-14T14:00:04.757+0000] {subprocess.py:93} INFO - Baixando lote: registros 8000 a 9000...
[2025-12-14T14:00:04.757+0000] {subprocess.py:93} INFO - Conectando a: https://services.arcgis.com/1dSrzEWVQn5kHHyK/arcgis/rest/services/CircuitosContentores/FeatureServer/0/query ...
[2025-12-14T14:00:04.758+0000] {subprocess.py:93} INFO - Baixando lote: registros 9000 a 10000...
[2025-12-14T14:00:04.758+0000] {subprocess.py:93} INFO - Conectando a: https://services.arcgis.com/1dSrzEWVQn5kHHyK/arcgis/rest/services/CircuitosContentores/FeatureServer/0/query ...
[2025-12-14T14:00:04.758+0000] {subprocess.py:93} INFO - Baixando lote: registros 10000 a 11000...
[2025-12-14T14:00:04.758+0000] {subprocess.py:93} INFO - Conectando a: https://services.arcgis.com/1dSrzEWVQn5kHHyK/arcgis/rest/services/CircuitosContentores/FeatureServer/0/query ...
[2025-12-14T14:00:04.758+0000] {subprocess.py:93} INFO - Baixando lote: registros 11000 a 12000...
[2025-12-14T14:00:04.758+0000] {subprocess.py:93} INFO - Conectando a: https://services.arcgis.com/1dSrzEWVQn5kHHyK/arcgis/rest/services/CircuitosContentores/FeatureServer/0/query ...
[2025-12-14T14:00:04.758+0000] {subprocess.py:93} INFO - Baixando lote: registros 12000 a 13000...
[2025-12-14T14:00:04.758+0000] {subprocess.py:93} INFO - Conectando a: https://services.arcgis.com/1dSrzEWVQn5kHHyK/arcgis/rest/services/CircuitosContentores/FeatureServer/0/query ...
[2025-12-14T14:00:04.758+0000] {subprocess.py:93} INFO - Baixando lote: registros 13000 a 14000...
[2025-12-14T14:00:04.758+0000] {subprocess.py:93} INFO - Conectando a: https://services.arcgis.com/1dSrzEWVQn5kHHyK/arcgis/rest/services/CircuitosContentores/FeatureServer/0/query ...
[2025-12-14T14:00:04.759+0000] {subprocess.py:93} INFO - Baixando lote: registros 14000 a 15000...
[2025-12-14T14:00:04.759+0000] {subprocess.py:93} INFO - Conectando a: https://services.arcgis.com/1dSrzEWVQn5kHHyK/arcgis/rest/services/CircuitosContentores/FeatureServer/0/query ...
[2025-12-14T14:00:04.759+0000] {subprocess.py:93} INFO - Baixando lote: registros 15000 a 16000...
[2025-12-14T14:00:04.759+0000] {subprocess.py:93} INFO - Conectando a: https://services.arcgis.com/1dSrzEWVQn5kHHyK/arcgis/rest/services/CircuitosContentores/FeatureServer/0/query ...
[2025-12-14T14:00:04.759+0000] {subprocess.py:93} INFO - Baixando lote: registros 16000 a 17000...
[2025-12-14T14:00:04.759+0000] {subprocess.py:93} INFO - Conectando a: https://services.arcgis.com/1dSrzEWVQn5kHHyK/arcgis/rest/services/CircuitosContentores/FeatureServer/0/query ...
[2025-12-14T14:00:04.759+0000] {subprocess.py:93} INFO - Baixando lote: registros 17000 a 18000...
[2025-12-14T14:00:04.759+0000] {subprocess.py:93} INFO - Conectando a: https://services.arcgis.com/1dSrzEWVQn5kHHyK/arcgis/rest/services/CircuitosContentores/FeatureServer/0/query ...
[2025-12-14T14:00:04.759+0000] {subprocess.py:93} INFO - Baixando lote: registros 18000 a 19000...
[2025-12-14T14:00:04.759+0000] {subprocess.py:93} INFO - Conectando a: https://services.arcgis.com/1dSrzEWVQn5kHHyK/arcgis/rest/services/CircuitosContentores/FeatureServer/0/query ...
[2025-12-14T14:00:04.760+0000] {subprocess.py:93} INFO - Baixando lote: registros 19000 a 20000...
[2025-12-14T14:00:04.760+0000] {subprocess.py:93} INFO - Conectando a: https://services.arcgis.com/1dSrzEWVQn5kHHyK/arcgis/rest/services/CircuitosContentores/FeatureServer/0/query ...
[2025-12-14T14:00:04.760+0000] {subprocess.py:93} INFO - Baixando lote: registros 20000 a 21000...
[2025-12-14T14:00:04.760+0000] {subprocess.py:93} INFO - Conectando a: https://services.arcgis.com/1dSrzEWVQn5kHHyK/arcgis/rest/services/CircuitosContentores/FeatureServer/0/query ...
[2025-12-14T14:00:04.760+0000] {subprocess.py:93} INFO - Baixando lote: registros 21000 a 22000...
[2025-12-14T14:00:04.760+0000] {subprocess.py:93} INFO - Conectando a: https://services.arcgis.com/1dSrzEWVQn5kHHyK/arcgis/rest/services/CircuitosContentores/FeatureServer/0/query ...
[2025-12-14T14:00:04.760+0000] {subprocess.py:93} INFO - Baixando lote: registros 22000 a 23000...
[2025-12-14T14:00:04.760+0000] {subprocess.py:93} INFO - Conectando a: https://services.arcgis.com/1dSrzEWVQn5kHHyK/arcgis/rest/services/CircuitosContentores/FeatureServer/0/query ...
[2025-12-14T14:00:04.760+0000] {subprocess.py:93} INFO - Baixando lote: registros 23000 a 24000...
[2025-12-14T14:00:04.760+0000] {subprocess.py:93} INFO - Conectando a: https://services.arcgis.com/1dSrzEWVQn5kHHyK/arcgis/rest/services/CircuitosContentores/FeatureServer/0/query ...
[2025-12-14T14:00:04.761+0000] {subprocess.py:93} INFO - Baixando lote: registros 24000 a 25000...
[2025-12-14T14:00:04.761+0000] {subprocess.py:93} INFO - Conectando a: https://services.arcgis.com/1dSrzEWVQn5kHHyK/arcgis/rest/services/CircuitosContentores/FeatureServer/0/query ...
[2025-12-14T14:00:04.761+0000] {subprocess.py:93} INFO - Baixando lote: registros 25000 a 26000...
[2025-12-14T14:00:04.761+0000] {subprocess.py:93} INFO - Conectando a: https://services.arcgis.com/1dSrzEWVQn5kHHyK/arcgis/rest/services/CircuitosContentores/FeatureServer/0/query ...
[2025-12-14T14:00:04.761+0000] {subprocess.py:93} INFO - Baixando lote: registros 26000 a 27000...
[2025-12-14T14:00:04.761+0000] {subprocess.py:93} INFO - Conectando a: https://services.arcgis.com/1dSrzEWVQn5kHHyK/arcgis/rest/services/CircuitosContentores/FeatureServer/0/query ...
[2025-12-14T14:00:04.761+0000] {subprocess.py:93} INFO - Baixando lote: registros 27000 a 28000...
[2025-12-14T14:00:04.761+0000] {subprocess.py:93} INFO - Conectando a: https://services.arcgis.com/1dSrzEWVQn5kHHyK/arcgis/rest/services/CircuitosContentores/FeatureServer/0/query ...
[2025-12-14T14:00:04.761+0000] {subprocess.py:93} INFO - Baixando lote: registros 28000 a 29000...
[2025-12-14T14:00:04.761+0000] {subprocess.py:93} INFO - Conectando a: https://services.arcgis.com/1dSrzEWVQn5kHHyK/arcgis/rest/services/CircuitosContentores/FeatureServer/0/query ...
[2025-12-14T14:00:04.761+0000] {subprocess.py:93} INFO - Baixando lote: registros 29000 a 30000...
[2025-12-14T14:00:04.762+0000] {subprocess.py:93} INFO - Conectando a: https://services.arcgis.com/1dSrzEWVQn5kHHyK/arcgis/rest/services/CircuitosContentores/FeatureServer/0/query ...
[2025-12-14T14:00:04.762+0000] {subprocess.py:93} INFO - Baixando lote: registros 30000 a 31000...
[2025-12-14T14:00:04.762+0000] {subprocess.py:93} INFO - Conectando a: https://services.arcgis.com/1dSrzEWVQn5kHHyK/arcgis/rest/services/CircuitosContentores/FeatureServer/0/query ...
[2025-12-14T14:00:04.762+0000] {subprocess.py:93} INFO - Baixando lote: registros 31000 a 32000...
[2025-12-14T14:00:04.762+0000] {subprocess.py:93} INFO - Conectando a: https://services.arcgis.com/1dSrzEWVQn5kHHyK/arcgis/rest/services/CircuitosContentores/FeatureServer/0/query ...
[2025-12-14T14:00:04.762+0000] {subprocess.py:93} INFO - Baixando lote: registros 32000 a 33000...
[2025-12-14T14:00:04.762+0000] {subprocess.py:93} INFO - Conectando a: https://services.arcgis.com/1dSrzEWVQn5kHHyK/arcgis/rest/services/CircuitosContentores/FeatureServer/0/query ...
[2025-12-14T14:00:04.762+0000] {subprocess.py:93} INFO - Baixando lote: registros 33000 a 34000...
[2025-12-14T14:00:04.762+0000] {subprocess.py:93} INFO - Conectando a: https://services.arcgis.com/1dSrzEWVQn5kHHyK/arcgis/rest/services/CircuitosContentores/FeatureServer/0/query ...
[2025-12-14T14:00:04.762+0000] {subprocess.py:93} INFO - Baixando lote: registros 34000 a 35000...
[2025-12-14T14:00:04.763+0000] {subprocess.py:93} INFO - Conectando a: https://services.arcgis.com/1dSrzEWVQn5kHHyK/arcgis/rest/services/CircuitosContentores/FeatureServer/0/query ...
[2025-12-14T14:00:04.763+0000] {subprocess.py:93} INFO - Baixando lote: registros 35000 a 36000...
[2025-12-14T14:00:04.763+0000] {subprocess.py:93} INFO - Conectando a: https://services.arcgis.com/1dSrzEWVQn5kHHyK/arcgis/rest/services/CircuitosContentores/FeatureServer/0/query ...
[2025-12-14T14:00:04.763+0000] {subprocess.py:93} INFO - Baixando lote: registros 36000 a 37000...
[2025-12-14T14:00:04.763+0000] {subprocess.py:93} INFO - Conectando a: https://services.arcgis.com/1dSrzEWVQn5kHHyK/arcgis/rest/services/CircuitosContentores/FeatureServer/0/query ...
[2025-12-14T14:00:04.763+0000] {subprocess.py:93} INFO - Baixando lote: registros 37000 a 38000...
[2025-12-14T14:00:04.763+0000] {subprocess.py:93} INFO - Conectando a: https://services.arcgis.com/1dSrzEWVQn5kHHyK/arcgis/rest/services/CircuitosContentores/FeatureServer/0/query ...
[2025-12-14T14:00:04.763+0000] {subprocess.py:93} INFO - Baixando lote: registros 38000 a 39000...
[2025-12-14T14:00:04.763+0000] {subprocess.py:93} INFO - Conectando a: https://services.arcgis.com/1dSrzEWVQn5kHHyK/arcgis/rest/services/CircuitosContentores/FeatureServer/0/query ...
[2025-12-14T14:00:04.763+0000] {subprocess.py:93} INFO - Baixando lote: registros 39000 a 40000...
[2025-12-14T14:00:04.763+0000] {subprocess.py:93} INFO - Conectando a: https://services.arcgis.com/1dSrzEWVQn5kHHyK/arcgis/rest/services/CircuitosContentores/FeatureServer/0/query ...
[2025-12-14T14:00:04.764+0000] {subprocess.py:93} INFO - Baixando lote: registros 40000 a 41000...
[2025-12-14T14:00:04.764+0000] {subprocess.py:93} INFO - Conectando a: https://services.arcgis.com/1dSrzEWVQn5kHHyK/arcgis/rest/services/CircuitosContentores/FeatureServer/0/query ...
[2025-12-14T14:00:04.764+0000] {subprocess.py:93} INFO - Baixando lote: registros 41000 a 42000...
[2025-12-14T14:00:04.764+0000] {subprocess.py:93} INFO - Conectando a: https://services.arcgis.com/1dSrzEWVQn5kHHyK/arcgis/rest/services/CircuitosContentores/FeatureServer/0/query ...
[2025-12-14T14:00:04.764+0000] {subprocess.py:93} INFO - Baixando lote: registros 42000 a 43000...
[2025-12-14T14:00:04.764+0000] {subprocess.py:93} INFO - Conectando a: https://services.arcgis.com/1dSrzEWVQn5kHHyK/arcgis/rest/services/CircuitosContentores/FeatureServer/0/query ...
[2025-12-14T14:00:04.764+0000] {subprocess.py:93} INFO - Baixando lote: registros 43000 a 44000...
[2025-12-14T14:00:04.764+0000] {subprocess.py:93} INFO - Conectando a: https://services.arcgis.com/1dSrzEWVQn5kHHyK/arcgis/rest/services/CircuitosContentores/FeatureServer/0/query ...
[2025-12-14T14:00:04.764+0000] {subprocess.py:93} INFO - Baixando lote: registros 44000 a 45000...
[2025-12-14T14:00:04.764+0000] {subprocess.py:93} INFO - Conectando a: https://services.arcgis.com/1dSrzEWVQn5kHHyK/arcgis/rest/services/CircuitosContentores/FeatureServer/0/query ...
[2025-12-14T14:00:04.765+0000] {subprocess.py:93} INFO - Baixando lote: registros 45000 a 46000...
[2025-12-14T14:00:04.765+0000] {subprocess.py:93} INFO - Conectando a: https://services.arcgis.com/1dSrzEWVQn5kHHyK/arcgis/rest/services/CircuitosContentores/FeatureServer/0/query ...
[2025-12-14T14:00:22.353+0000] {subprocess.py:93} INFO - Baixando lote: registros 46000 a 47000...
[2025-12-14T14:00:22.353+0000] {subprocess.py:93} INFO - Conectando a: https://services.arcgis.com/1dSrzEWVQn5kHHyK/arcgis/rest/services/CircuitosContentores/FeatureServer/0/query ...
[2025-12-14T14:00:22.353+0000] {subprocess.py:93} INFO - Baixando lote: registros 47000 a 48000...
[2025-12-14T14:00:22.354+0000] {subprocess.py:93} INFO - Conectando a: https://services.arcgis.com/1dSrzEWVQn5kHHyK/arcgis/rest/services/CircuitosContentores/FeatureServer/0/query ...
[2025-12-14T14:00:22.354+0000] {subprocess.py:93} INFO - Baixando lote: registros 48000 a 49000...
[2025-12-14T14:00:22.354+0000] {subprocess.py:93} INFO - Conectando a: https://services.arcgis.com/1dSrzEWVQn5kHHyK/arcgis/rest/services/CircuitosContentores/FeatureServer/0/query ...
[2025-12-14T14:00:22.354+0000] {subprocess.py:93} INFO - Baixando lote: registros 49000 a 50000...
[2025-12-14T14:00:22.354+0000] {subprocess.py:93} INFO - Conectando a: https://services.arcgis.com/1dSrzEWVQn5kHHyK/arcgis/rest/services/CircuitosContentores/FeatureServer/0/query ...
[2025-12-14T14:00:22.354+0000] {subprocess.py:93} INFO - Baixando lote: registros 50000 a 51000...
[2025-12-14T14:00:22.354+0000] {subprocess.py:93} INFO - Conectando a: https://services.arcgis.com/1dSrzEWVQn5kHHyK/arcgis/rest/services/CircuitosContentores/FeatureServer/0/query ...
[2025-12-14T14:00:22.354+0000] {subprocess.py:93} INFO - Baixando lote: registros 51000 a 52000...
[2025-12-14T14:00:22.354+0000] {subprocess.py:93} INFO - Conectando a: https://services.arcgis.com/1dSrzEWVQn5kHHyK/arcgis/rest/services/CircuitosContentores/FeatureServer/0/query ...
[2025-12-14T14:00:22.354+0000] {subprocess.py:93} INFO - Baixando lote: registros 52000 a 53000...
[2025-12-14T14:00:22.355+0000] {subprocess.py:93} INFO - Conectando a: https://services.arcgis.com/1dSrzEWVQn5kHHyK/arcgis/rest/services/CircuitosContentores/FeatureServer/0/query ...
[2025-12-14T14:00:22.355+0000] {subprocess.py:93} INFO - Baixando lote: registros 53000 a 54000...
[2025-12-14T14:00:22.355+0000] {subprocess.py:93} INFO - Conectando a: https://services.arcgis.com/1dSrzEWVQn5kHHyK/arcgis/rest/services/CircuitosContentores/FeatureServer/0/query ...
[2025-12-14T14:00:22.355+0000] {subprocess.py:93} INFO - Baixando lote: registros 54000 a 55000...
[2025-12-14T14:00:22.355+0000] {subprocess.py:93} INFO - Conectando a: https://services.arcgis.com/1dSrzEWVQn5kHHyK/arcgis/rest/services/CircuitosContentores/FeatureServer/0/query ...
[2025-12-14T14:00:22.355+0000] {subprocess.py:93} INFO - Baixando lote: registros 55000 a 56000...
[2025-12-14T14:00:22.355+0000] {subprocess.py:93} INFO - Conectando a: https://services.arcgis.com/1dSrzEWVQn5kHHyK/arcgis/rest/services/CircuitosContentores/FeatureServer/0/query ...
[2025-12-14T14:00:22.355+0000] {subprocess.py:93} INFO - Baixando lote: registros 56000 a 57000...
[2025-12-14T14:00:22.355+0000] {subprocess.py:93} INFO - Conectando a: https://services.arcgis.com/1dSrzEWVQn5kHHyK/arcgis/rest/services/CircuitosContentores/FeatureServer/0/query ...
[2025-12-14T14:00:22.355+0000] {subprocess.py:93} INFO - Baixando lote: registros 57000 a 58000...
[2025-12-14T14:00:22.356+0000] {subprocess.py:93} INFO - Conectando a: https://services.arcgis.com/1dSrzEWVQn5kHHyK/arcgis/rest/services/CircuitosContentores/FeatureServer/0/query ...
[2025-12-14T14:00:22.356+0000] {subprocess.py:93} INFO - Baixando lote: registros 58000 a 59000...
[2025-12-14T14:00:22.356+0000] {subprocess.py:93} INFO - Conectando a: https://services.arcgis.com/1dSrzEWVQn5kHHyK/arcgis/rest/services/CircuitosContentores/FeatureServer/0/query ...
[2025-12-14T14:00:22.356+0000] {subprocess.py:93} INFO - Baixando lote: registros 59000 a 60000...
[2025-12-14T14:00:22.356+0000] {subprocess.py:93} INFO - Conectando a: https://services.arcgis.com/1dSrzEWVQn5kHHyK/arcgis/rest/services/CircuitosContentores/FeatureServer/0/query ...
[2025-12-14T14:00:22.356+0000] {subprocess.py:93} INFO - Baixando lote: registros 60000 a 61000...
[2025-12-14T14:00:22.356+0000] {subprocess.py:93} INFO - Conectando a: https://services.arcgis.com/1dSrzEWVQn5kHHyK/arcgis/rest/services/CircuitosContentores/FeatureServer/0/query ...
[2025-12-14T14:00:22.356+0000] {subprocess.py:93} INFO - Baixando lote: registros 61000 a 62000...
[2025-12-14T14:00:22.356+0000] {subprocess.py:93} INFO - Conectando a: https://services.arcgis.com/1dSrzEWVQn5kHHyK/arcgis/rest/services/CircuitosContentores/FeatureServer/0/query ...
[2025-12-14T14:00:22.356+0000] {subprocess.py:93} INFO - Baixando lote: registros 62000 a 62995...
[2025-12-14T14:00:22.357+0000] {subprocess.py:93} INFO - 
[2025-12-14T14:00:22.357+0000] {subprocess.py:93} INFO - SUCESSO: 62995 registros carregados.
[2025-12-14T14:00:22.357+0000] {subprocess.py:93} INFO - Resgatando os dados dos CIRTUICOS
[2025-12-14T14:00:22.357+0000] {subprocess.py:93} INFO - Arquivo salvo em: ../../dados/bronze/circuitos_recolha.csv
[2025-12-14T14:00:22.492+0000] {subprocess.py:97} INFO - Command exited with return code 0
[2025-12-14T14:00:22.493+0000] {taskinstance.py:441} INFO - ::group::Post task execution logs
[2025-12-14T14:00:22.516+0000] {taskinstance.py:1206} INFO - Marking task as SUCCESS. dag_id=higiene_urbana_lisboa_etl, task_id=bronze_cml_ecopontos, run_id=manual__2025-12-14T13:59:12.836121+00:00, execution_date=20251214T135912, start_date=20251214T135913, end_date=20251214T140022
[2025-12-14T14:00:22.562+0000] {local_task_job_runner.py:240} INFO - Task exited with return code 0
[2025-12-14T14:00:22.590+0000] {taskinstance.py:3498} INFO - 2 downstream tasks scheduled from follow-on schedule check
[2025-12-14T14:00:22.592+0000] {local_task_job_runner.py:222} INFO - ::endgroup::
