[2025-12-15T10:12:33.959+0000] {local_task_job_runner.py:120} INFO - ::group::Pre task execution logs
[2025-12-15T10:12:34.038+0000] {taskinstance.py:2076} INFO - Dependencies all met for dep_context=non-requeueable deps ti=<TaskInstance: higiene_urbana_lisboa_etl.bronze_geoapi manual__2025-12-15T10:12:32.457997+00:00 [queued]>
[2025-12-15T10:12:34.051+0000] {taskinstance.py:2076} INFO - Dependencies all met for dep_context=requeueable deps ti=<TaskInstance: higiene_urbana_lisboa_etl.bronze_geoapi manual__2025-12-15T10:12:32.457997+00:00 [queued]>
[2025-12-15T10:12:34.052+0000] {taskinstance.py:2306} INFO - Starting attempt 1 of 2
[2025-12-15T10:12:34.079+0000] {taskinstance.py:2330} INFO - Executing <Task(BashOperator): bronze_geoapi> on 2025-12-15 10:12:32.457997+00:00
[2025-12-15T10:12:34.100+0000] {logging_mixin.py:188} WARNING - /home/***/.local/lib/python3.12/site-packages/***/task/task_runner/standard_task_runner.py:61 DeprecationWarning: This process (pid=214) is multi-threaded, use of fork() may lead to deadlocks in the child.
[2025-12-15T10:12:34.103+0000] {standard_task_runner.py:63} INFO - Started process 220 to run task
[2025-12-15T10:12:34.102+0000] {standard_task_runner.py:90} INFO - Running: ['***', 'tasks', 'run', 'higiene_urbana_lisboa_etl', 'bronze_geoapi', 'manual__2025-12-15T10:12:32.457997+00:00', '--job-id', '76', '--raw', '--subdir', 'DAGS_FOLDER/dag_higiene_lisboa.py', '--cfg-path', '/tmp/tmpe0r2nqun']
[2025-12-15T10:12:34.107+0000] {standard_task_runner.py:91} INFO - Job 76: Subtask bronze_geoapi
[2025-12-15T10:12:34.163+0000] {logging_mixin.py:188} WARNING - /home/***/.local/lib/python3.12/site-packages/***/settings.py:195 DeprecationWarning: The sql_alchemy_conn option in [core] has been moved to the sql_alchemy_conn option in [database] - the old setting has been used, but please update your config.
[2025-12-15T10:12:34.271+0000] {task_command.py:426} INFO - Running <TaskInstance: higiene_urbana_lisboa_etl.bronze_geoapi manual__2025-12-15T10:12:32.457997+00:00 [running]> on host 161dbb551f8a
[2025-12-15T10:12:34.500+0000] {taskinstance.py:2648} INFO - Exporting env vars: AIRFLOW_CTX_DAG_OWNER='grupo10' AIRFLOW_CTX_DAG_ID='higiene_urbana_lisboa_etl' AIRFLOW_CTX_TASK_ID='bronze_geoapi' AIRFLOW_CTX_EXECUTION_DATE='2025-12-15T10:12:32.457997+00:00' AIRFLOW_CTX_TRY_NUMBER='1' AIRFLOW_CTX_DAG_RUN_ID='manual__2025-12-15T10:12:32.457997+00:00'
[2025-12-15T10:12:34.501+0000] {taskinstance.py:430} INFO - ::endgroup::
[2025-12-15T10:12:34.545+0000] {subprocess.py:63} INFO - Tmp dir root location: /tmp
[2025-12-15T10:12:34.546+0000] {subprocess.py:75} INFO - Running command: ['/usr/bin/bash', '-c', 'python geoapi_freguesias.py']
[2025-12-15T10:12:34.572+0000] {subprocess.py:86} INFO - Output:
[2025-12-15T10:12:43.735+0000] {subprocess.py:93} INFO - Salvando no MinIO (s3://bronze/geoapi_distrito_lisboa.csv)...
[2025-12-15T10:12:43.753+0000] {subprocess.py:93} INFO - Upload concluído com sucesso!
[2025-12-15T10:12:44.092+0000] {subprocess.py:97} INFO - Command exited with return code 0
[2025-12-15T10:12:44.093+0000] {taskinstance.py:441} INFO - ::group::Post task execution logs
[2025-12-15T10:12:44.125+0000] {taskinstance.py:1206} INFO - Marking task as SUCCESS. dag_id=higiene_urbana_lisboa_etl, task_id=bronze_geoapi, run_id=manual__2025-12-15T10:12:32.457997+00:00, execution_date=20251215T101232, start_date=20251215T101234, end_date=20251215T101244
[2025-12-15T10:12:44.171+0000] {local_task_job_runner.py:240} INFO - Task exited with return code 0
[2025-12-15T10:12:44.193+0000] {taskinstance.py:3498} INFO - 0 downstream tasks scheduled from follow-on schedule check
[2025-12-15T10:12:44.194+0000] {local_task_job_runner.py:222} INFO - ::endgroup::
