[2025-12-16T09:40:53.810+0000] {local_task_job_runner.py:120} INFO - ::group::Pre task execution logs
[2025-12-16T09:40:53.859+0000] {taskinstance.py:2076} INFO - Dependencies all met for dep_context=non-requeueable deps ti=<TaskInstance: higiene_urbana_lisboa_etl.bronze_geoapi manual__2025-12-16T09:40:53.141030+00:00 [queued]>
[2025-12-16T09:40:53.872+0000] {taskinstance.py:2076} INFO - Dependencies all met for dep_context=requeueable deps ti=<TaskInstance: higiene_urbana_lisboa_etl.bronze_geoapi manual__2025-12-16T09:40:53.141030+00:00 [queued]>
[2025-12-16T09:40:53.872+0000] {taskinstance.py:2306} INFO - Starting attempt 1 of 2
[2025-12-16T09:40:53.890+0000] {taskinstance.py:2330} INFO - Executing <Task(BashOperator): bronze_geoapi> on 2025-12-16 09:40:53.141030+00:00
[2025-12-16T09:40:53.905+0000] {logging_mixin.py:188} WARNING - /home/***/.local/lib/python3.12/site-packages/***/task/task_runner/standard_task_runner.py:61 DeprecationWarning: This process (pid=691) is multi-threaded, use of fork() may lead to deadlocks in the child.
[2025-12-16T09:40:53.906+0000] {standard_task_runner.py:63} INFO - Started process 695 to run task
[2025-12-16T09:40:53.905+0000] {standard_task_runner.py:90} INFO - Running: ['***', 'tasks', 'run', 'higiene_urbana_lisboa_etl', 'bronze_geoapi', 'manual__2025-12-16T09:40:53.141030+00:00', '--job-id', '119', '--raw', '--subdir', 'DAGS_FOLDER/dag_higiene_lisboa.py', '--cfg-path', '/tmp/tmpmiwcv_ca']
[2025-12-16T09:40:53.907+0000] {standard_task_runner.py:91} INFO - Job 119: Subtask bronze_geoapi
[2025-12-16T09:40:53.924+0000] {logging_mixin.py:188} WARNING - /home/***/.local/lib/python3.12/site-packages/***/settings.py:195 DeprecationWarning: The sql_alchemy_conn option in [core] has been moved to the sql_alchemy_conn option in [database] - the old setting has been used, but please update your config.
[2025-12-16T09:40:53.968+0000] {task_command.py:426} INFO - Running <TaskInstance: higiene_urbana_lisboa_etl.bronze_geoapi manual__2025-12-16T09:40:53.141030+00:00 [running]> on host 8216b447db0d
[2025-12-16T09:40:54.077+0000] {taskinstance.py:2648} INFO - Exporting env vars: AIRFLOW_CTX_DAG_OWNER='grupo10' AIRFLOW_CTX_DAG_ID='higiene_urbana_lisboa_etl' AIRFLOW_CTX_TASK_ID='bronze_geoapi' AIRFLOW_CTX_EXECUTION_DATE='2025-12-16T09:40:53.141030+00:00' AIRFLOW_CTX_TRY_NUMBER='1' AIRFLOW_CTX_DAG_RUN_ID='manual__2025-12-16T09:40:53.141030+00:00'
[2025-12-16T09:40:54.078+0000] {taskinstance.py:430} INFO - ::endgroup::
[2025-12-16T09:40:54.094+0000] {subprocess.py:63} INFO - Tmp dir root location: /tmp
[2025-12-16T09:40:54.094+0000] {subprocess.py:75} INFO - Running command: ['/usr/bin/bash', '-c', 'python geoapi_freguesias.py']
[2025-12-16T09:40:54.109+0000] {subprocess.py:86} INFO - Output:
[2025-12-16T09:40:56.589+0000] {subprocess.py:93} INFO - Salvando no MinIO (s3://bronze/geoapi_distrito_lisboa.csv)...
[2025-12-16T09:40:56.590+0000] {subprocess.py:93} INFO - Upload concluído com sucesso!
[2025-12-16T09:40:56.902+0000] {subprocess.py:97} INFO - Command exited with return code 0
[2025-12-16T09:40:56.903+0000] {taskinstance.py:441} INFO - ::group::Post task execution logs
[2025-12-16T09:40:56.939+0000] {taskinstance.py:1206} INFO - Marking task as SUCCESS. dag_id=higiene_urbana_lisboa_etl, task_id=bronze_geoapi, run_id=manual__2025-12-16T09:40:53.141030+00:00, execution_date=20251216T094053, start_date=20251216T094053, end_date=20251216T094056
[2025-12-16T09:40:56.985+0000] {local_task_job_runner.py:240} INFO - Task exited with return code 0
[2025-12-16T09:40:57.018+0000] {taskinstance.py:3498} INFO - 0 downstream tasks scheduled from follow-on schedule check
[2025-12-16T09:40:57.020+0000] {local_task_job_runner.py:222} INFO - ::endgroup::
