[2025-12-15T10:47:32.571+0000] {local_task_job_runner.py:120} INFO - ::group::Pre task execution logs
[2025-12-15T10:47:32.612+0000] {taskinstance.py:2076} INFO - Dependencies all met for dep_context=non-requeueable deps ti=<TaskInstance: higiene_urbana_lisboa_etl.bronze_cml_ecopontos manual__2025-12-15T10:47:31.546972+00:00 [queued]>
[2025-12-15T10:47:32.622+0000] {taskinstance.py:2076} INFO - Dependencies all met for dep_context=requeueable deps ti=<TaskInstance: higiene_urbana_lisboa_etl.bronze_cml_ecopontos manual__2025-12-15T10:47:31.546972+00:00 [queued]>
[2025-12-15T10:47:32.623+0000] {taskinstance.py:2306} INFO - Starting attempt 1 of 2
[2025-12-15T10:47:32.640+0000] {taskinstance.py:2330} INFO - Executing <Task(BashOperator): bronze_cml_ecopontos> on 2025-12-15 10:47:31.546972+00:00
[2025-12-15T10:47:32.652+0000] {logging_mixin.py:188} WARNING - /home/***/.local/lib/python3.12/site-packages/***/task/task_runner/standard_task_runner.py:61 DeprecationWarning: This process (pid=696) is multi-threaded, use of fork() may lead to deadlocks in the child.
[2025-12-15T10:47:32.653+0000] {standard_task_runner.py:63} INFO - Started process 703 to run task
[2025-12-15T10:47:32.652+0000] {standard_task_runner.py:90} INFO - Running: ['***', 'tasks', 'run', 'higiene_urbana_lisboa_etl', 'bronze_cml_ecopontos', 'manual__2025-12-15T10:47:31.546972+00:00', '--job-id', '98', '--raw', '--subdir', 'DAGS_FOLDER/dag_higiene_lisboa.py', '--cfg-path', '/tmp/tmpdx149nnm']
[2025-12-15T10:47:32.654+0000] {standard_task_runner.py:91} INFO - Job 98: Subtask bronze_cml_ecopontos
[2025-12-15T10:47:32.671+0000] {logging_mixin.py:188} WARNING - /home/***/.local/lib/python3.12/site-packages/***/settings.py:195 DeprecationWarning: The sql_alchemy_conn option in [core] has been moved to the sql_alchemy_conn option in [database] - the old setting has been used, but please update your config.
[2025-12-15T10:47:32.711+0000] {task_command.py:426} INFO - Running <TaskInstance: higiene_urbana_lisboa_etl.bronze_cml_ecopontos manual__2025-12-15T10:47:31.546972+00:00 [running]> on host 8216b447db0d
[2025-12-15T10:47:32.823+0000] {taskinstance.py:2648} INFO - Exporting env vars: AIRFLOW_CTX_DAG_OWNER='grupo10' AIRFLOW_CTX_DAG_ID='higiene_urbana_lisboa_etl' AIRFLOW_CTX_TASK_ID='bronze_cml_ecopontos' AIRFLOW_CTX_EXECUTION_DATE='2025-12-15T10:47:31.546972+00:00' AIRFLOW_CTX_TRY_NUMBER='1' AIRFLOW_CTX_DAG_RUN_ID='manual__2025-12-15T10:47:31.546972+00:00'
[2025-12-15T10:47:32.824+0000] {taskinstance.py:430} INFO - ::endgroup::
[2025-12-15T10:47:32.842+0000] {subprocess.py:63} INFO - Tmp dir root location: /tmp
[2025-12-15T10:47:32.843+0000] {subprocess.py:75} INFO - Running command: ['/usr/bin/bash', '-c', 'python camara_municipal_lisboa.py']
[2025-12-15T10:47:32.861+0000] {subprocess.py:86} INFO - Output:
[2025-12-15T10:48:21.449+0000] {subprocess.py:93} INFO - Salvando no MinIO (s3://bronze/ecopontos_cml.csv)...
[2025-12-15T10:48:21.450+0000] {subprocess.py:93} INFO - Upload concluído com sucesso!
[2025-12-15T10:48:21.450+0000] {subprocess.py:93} INFO - Salvando no MinIO (s3://bronze/circuitos_recolha.csv)...
[2025-12-15T10:48:21.450+0000] {subprocess.py:93} INFO - Upload concluído com sucesso!
[2025-12-15T10:48:21.945+0000] {subprocess.py:97} INFO - Command exited with return code 0
[2025-12-15T10:48:21.946+0000] {taskinstance.py:441} INFO - ::group::Post task execution logs
[2025-12-15T10:48:21.981+0000] {taskinstance.py:1206} INFO - Marking task as SUCCESS. dag_id=higiene_urbana_lisboa_etl, task_id=bronze_cml_ecopontos, run_id=manual__2025-12-15T10:47:31.546972+00:00, execution_date=20251215T104731, start_date=20251215T104732, end_date=20251215T104821
[2025-12-15T10:48:22.036+0000] {local_task_job_runner.py:240} INFO - Task exited with return code 0
[2025-12-15T10:48:22.070+0000] {taskinstance.py:3498} INFO - 0 downstream tasks scheduled from follow-on schedule check
[2025-12-15T10:48:22.072+0000] {local_task_job_runner.py:222} INFO - ::endgroup::
