[2025-12-16T09:37:49.780+0000] {local_task_job_runner.py:120} INFO - ::group::Pre task execution logs
[2025-12-16T09:37:49.819+0000] {taskinstance.py:2076} INFO - Dependencies all met for dep_context=non-requeueable deps ti=<TaskInstance: higiene_urbana_lisboa_etl.silver_transformation manual__2025-12-16T09:37:22.190296+00:00 [queued]>
[2025-12-16T09:37:49.830+0000] {taskinstance.py:2076} INFO - Dependencies all met for dep_context=requeueable deps ti=<TaskInstance: higiene_urbana_lisboa_etl.silver_transformation manual__2025-12-16T09:37:22.190296+00:00 [queued]>
[2025-12-16T09:37:49.830+0000] {taskinstance.py:2306} INFO - Starting attempt 1 of 2
[2025-12-16T09:37:49.845+0000] {taskinstance.py:2330} INFO - Executing <Task(BashOperator): silver_transformation> on 2025-12-16 09:37:22.190296+00:00
[2025-12-16T09:37:49.854+0000] {logging_mixin.py:188} WARNING - /home/***/.local/lib/python3.12/site-packages/***/task/task_runner/standard_task_runner.py:61 DeprecationWarning: This process (pid=555) is multi-threaded, use of fork() may lead to deadlocks in the child.
[2025-12-16T09:37:49.855+0000] {standard_task_runner.py:63} INFO - Started process 556 to run task
[2025-12-16T09:37:49.855+0000] {standard_task_runner.py:90} INFO - Running: ['***', 'tasks', 'run', 'higiene_urbana_lisboa_etl', 'silver_transformation', 'manual__2025-12-16T09:37:22.190296+00:00', '--job-id', '117', '--raw', '--subdir', 'DAGS_FOLDER/dag_higiene_lisboa.py', '--cfg-path', '/tmp/tmpj9sz8y4y']
[2025-12-16T09:37:49.857+0000] {standard_task_runner.py:91} INFO - Job 117: Subtask silver_transformation
[2025-12-16T09:37:49.872+0000] {logging_mixin.py:188} WARNING - /home/***/.local/lib/python3.12/site-packages/***/settings.py:195 DeprecationWarning: The sql_alchemy_conn option in [core] has been moved to the sql_alchemy_conn option in [database] - the old setting has been used, but please update your config.
[2025-12-16T09:37:49.913+0000] {task_command.py:426} INFO - Running <TaskInstance: higiene_urbana_lisboa_etl.silver_transformation manual__2025-12-16T09:37:22.190296+00:00 [running]> on host 8216b447db0d
[2025-12-16T09:37:50.018+0000] {taskinstance.py:2648} INFO - Exporting env vars: AIRFLOW_CTX_DAG_OWNER='grupo10' AIRFLOW_CTX_DAG_ID='higiene_urbana_lisboa_etl' AIRFLOW_CTX_TASK_ID='silver_transformation' AIRFLOW_CTX_EXECUTION_DATE='2025-12-16T09:37:22.190296+00:00' AIRFLOW_CTX_TRY_NUMBER='1' AIRFLOW_CTX_DAG_RUN_ID='manual__2025-12-16T09:37:22.190296+00:00'
[2025-12-16T09:37:50.018+0000] {taskinstance.py:430} INFO - ::endgroup::
[2025-12-16T09:37:50.034+0000] {subprocess.py:63} INFO - Tmp dir root location: /tmp
[2025-12-16T09:37:50.034+0000] {subprocess.py:75} INFO - Running command: ['/usr/bin/bash', '-c', 'python etl_silver.py']
[2025-12-16T09:37:50.050+0000] {subprocess.py:86} INFO - Output:
[2025-12-16T09:37:52.494+0000] {subprocess.py:93} INFO - --- INICIANDO PROCESSAMENTO CAMADA PRATA (VIA MINIO/S3) ---
[2025-12-16T09:37:52.495+0000] {subprocess.py:93} INFO - Processando: Dimensão Geografia...
[2025-12-16T09:37:52.495+0000] {subprocess.py:93} INFO -  -> Tabela 'silver_dim_geografia' criada.
[2025-12-16T09:37:52.495+0000] {subprocess.py:93} INFO - Processando: Ocorrências...
[2025-12-16T09:37:52.496+0000] {subprocess.py:93} INFO -  -> Tabela 'silver_fact_ocorrencias' criada.
[2025-12-16T09:37:52.496+0000] {subprocess.py:93} INFO - Processando: Ecopontos CML...
[2025-12-16T09:37:52.496+0000] {subprocess.py:93} INFO -  -> Tabela 'silver_dim_ecopontos_cml' criada.
[2025-12-16T09:37:52.496+0000] {subprocess.py:93} INFO - Processando: Meteorologia...
[2025-12-16T09:37:52.497+0000] {subprocess.py:93} INFO -  -> Tabela 'silver_fact_meteo' criada.
[2025-12-16T09:37:52.497+0000] {subprocess.py:93} INFO - Processando: Circuitos de Recolha...
[2025-12-16T09:37:52.497+0000] {subprocess.py:93} INFO -  -> Tabela 'silver_dim_circuitos_recolha' criada.
[2025-12-16T09:37:52.497+0000] {subprocess.py:93} INFO - Processando: Ecopontos OSM...
[2025-12-16T09:37:52.497+0000] {subprocess.py:93} INFO -  -> Tabela 'silver_dim_ecopontos_osm' criada.
[2025-12-16T09:37:52.497+0000] {subprocess.py:93} INFO - ✅ silver_dim_geografia: 141 linhas
[2025-12-16T09:37:52.498+0000] {subprocess.py:93} INFO - ✅ silver_fact_ocorrencias: 67336 linhas
[2025-12-16T09:37:52.498+0000] {subprocess.py:93} INFO - ✅ silver_dim_ecopontos_cml: 115 linhas
[2025-12-16T09:37:52.498+0000] {subprocess.py:93} INFO - ✅ silver_fact_meteo: 412416 linhas
[2025-12-16T09:37:52.498+0000] {subprocess.py:93} INFO - ✅ silver_dim_ecopontos_osm: 1628 linhas
[2025-12-16T09:37:52.498+0000] {subprocess.py:93} INFO - 
[2025-12-16T09:37:52.498+0000] {subprocess.py:93} INFO - Processamento Silver (S3) concluído com sucesso!
[2025-12-16T09:37:52.520+0000] {subprocess.py:97} INFO - Command exited with return code 0
[2025-12-16T09:37:52.521+0000] {taskinstance.py:441} INFO - ::group::Post task execution logs
[2025-12-16T09:37:52.552+0000] {taskinstance.py:1206} INFO - Marking task as SUCCESS. dag_id=higiene_urbana_lisboa_etl, task_id=silver_transformation, run_id=manual__2025-12-16T09:37:22.190296+00:00, execution_date=20251216T093722, start_date=20251216T093749, end_date=20251216T093752
[2025-12-16T09:37:52.600+0000] {local_task_job_runner.py:240} INFO - Task exited with return code 0
[2025-12-16T09:37:52.626+0000] {taskinstance.py:3498} INFO - 1 downstream tasks scheduled from follow-on schedule check
[2025-12-16T09:37:52.628+0000] {local_task_job_runner.py:222} INFO - ::endgroup::
