[2025-12-16T10:09:50.234+0000] {local_task_job_runner.py:120} INFO - ::group::Pre task execution logs
[2025-12-16T10:09:50.281+0000] {taskinstance.py:2076} INFO - Dependencies all met for dep_context=non-requeueable deps ti=<TaskInstance: higiene_urbana_lisboa_etl.silver_transformation manual__2025-12-16T10:06:56.903217+00:00 [queued]>
[2025-12-16T10:09:50.295+0000] {taskinstance.py:2076} INFO - Dependencies all met for dep_context=requeueable deps ti=<TaskInstance: higiene_urbana_lisboa_etl.silver_transformation manual__2025-12-16T10:06:56.903217+00:00 [queued]>
[2025-12-16T10:09:50.296+0000] {taskinstance.py:2306} INFO - Starting attempt 1 of 2
[2025-12-16T10:09:50.318+0000] {taskinstance.py:2330} INFO - Executing <Task(BashOperator): silver_transformation> on 2025-12-16 10:06:56.903217+00:00
[2025-12-16T10:09:50.332+0000] {logging_mixin.py:188} WARNING - /home/***/.local/lib/python3.12/site-packages/***/task/task_runner/standard_task_runner.py:61 DeprecationWarning: This process (pid=1339) is multi-threaded, use of fork() may lead to deadlocks in the child.
[2025-12-16T10:09:50.333+0000] {standard_task_runner.py:63} INFO - Started process 1340 to run task
[2025-12-16T10:09:50.332+0000] {standard_task_runner.py:90} INFO - Running: ['***', 'tasks', 'run', 'higiene_urbana_lisboa_etl', 'silver_transformation', 'manual__2025-12-16T10:06:56.903217+00:00', '--job-id', '133', '--raw', '--subdir', 'DAGS_FOLDER/dag_higiene_lisboa.py', '--cfg-path', '/tmp/tmptoqwvmmi']
[2025-12-16T10:09:50.334+0000] {standard_task_runner.py:91} INFO - Job 133: Subtask silver_transformation
[2025-12-16T10:09:50.354+0000] {logging_mixin.py:188} WARNING - /home/***/.local/lib/python3.12/site-packages/***/settings.py:195 DeprecationWarning: The sql_alchemy_conn option in [core] has been moved to the sql_alchemy_conn option in [database] - the old setting has been used, but please update your config.
[2025-12-16T10:09:50.403+0000] {task_command.py:426} INFO - Running <TaskInstance: higiene_urbana_lisboa_etl.silver_transformation manual__2025-12-16T10:06:56.903217+00:00 [running]> on host 8216b447db0d
[2025-12-16T10:09:50.527+0000] {taskinstance.py:2648} INFO - Exporting env vars: AIRFLOW_CTX_DAG_OWNER='grupo10' AIRFLOW_CTX_DAG_ID='higiene_urbana_lisboa_etl' AIRFLOW_CTX_TASK_ID='silver_transformation' AIRFLOW_CTX_EXECUTION_DATE='2025-12-16T10:06:56.903217+00:00' AIRFLOW_CTX_TRY_NUMBER='1' AIRFLOW_CTX_DAG_RUN_ID='manual__2025-12-16T10:06:56.903217+00:00'
[2025-12-16T10:09:50.528+0000] {taskinstance.py:430} INFO - ::endgroup::
[2025-12-16T10:09:50.545+0000] {subprocess.py:63} INFO - Tmp dir root location: /tmp
[2025-12-16T10:09:50.546+0000] {subprocess.py:75} INFO - Running command: ['/usr/bin/bash', '-c', 'python etl_silver.py']
[2025-12-16T10:09:50.565+0000] {subprocess.py:86} INFO - Output:
[2025-12-16T10:09:54.286+0000] {subprocess.py:93} INFO - --- INICIANDO PROCESSAMENTO CAMADA PRATA (VIA MINIO/S3) ---
[2025-12-16T10:09:54.287+0000] {subprocess.py:93} INFO - Processando: Dimensão Geografia...
[2025-12-16T10:09:54.287+0000] {subprocess.py:93} INFO -  -> Tabela 'silver_dim_geografia' criada.
[2025-12-16T10:09:54.288+0000] {subprocess.py:93} INFO - Processando: Ocorrências...
[2025-12-16T10:09:54.288+0000] {subprocess.py:93} INFO -  -> Tabela 'silver_fact_ocorrencias' criada.
[2025-12-16T10:09:54.289+0000] {subprocess.py:93} INFO - Processando: Ecopontos CML...
[2025-12-16T10:09:54.289+0000] {subprocess.py:93} INFO -  -> Tabela 'silver_dim_ecopontos_cml' criada.
[2025-12-16T10:09:54.289+0000] {subprocess.py:93} INFO - Processando: Meteorologia...
[2025-12-16T10:09:54.289+0000] {subprocess.py:93} INFO -  -> Tabela 'silver_fact_meteo' criada.
[2025-12-16T10:09:54.290+0000] {subprocess.py:93} INFO - Processando: Circuitos de Recolha...
[2025-12-16T10:09:54.290+0000] {subprocess.py:93} INFO -  -> Tabela 'silver_dim_circuitos_recolha' criada.
[2025-12-16T10:09:54.290+0000] {subprocess.py:93} INFO - Processando: Ecopontos OSM...
[2025-12-16T10:09:54.290+0000] {subprocess.py:93} INFO -  -> Tabela 'silver_dim_ecopontos_osm' criada.
[2025-12-16T10:09:54.291+0000] {subprocess.py:93} INFO - ✅ silver_dim_geografia: 141 linhas
[2025-12-16T10:09:54.291+0000] {subprocess.py:93} INFO - ✅ silver_fact_ocorrencias: 67336 linhas
[2025-12-16T10:09:54.291+0000] {subprocess.py:93} INFO - ✅ silver_dim_ecopontos_cml: 116 linhas
[2025-12-16T10:09:54.291+0000] {subprocess.py:93} INFO - ✅ silver_fact_meteo: 414720 linhas
[2025-12-16T10:09:54.291+0000] {subprocess.py:93} INFO - ✅ silver_dim_ecopontos_osm: 1636 linhas
[2025-12-16T10:09:54.291+0000] {subprocess.py:93} INFO - 
[2025-12-16T10:09:54.292+0000] {subprocess.py:93} INFO - Processamento Silver (S3) concluído com sucesso!
[2025-12-16T10:09:54.321+0000] {subprocess.py:97} INFO - Command exited with return code 0
[2025-12-16T10:09:54.322+0000] {taskinstance.py:441} INFO - ::group::Post task execution logs
[2025-12-16T10:09:54.360+0000] {taskinstance.py:1206} INFO - Marking task as SUCCESS. dag_id=higiene_urbana_lisboa_etl, task_id=silver_transformation, run_id=manual__2025-12-16T10:06:56.903217+00:00, execution_date=20251216T100656, start_date=20251216T100950, end_date=20251216T100954
[2025-12-16T10:09:54.404+0000] {local_task_job_runner.py:240} INFO - Task exited with return code 0
[2025-12-16T10:09:54.435+0000] {taskinstance.py:3498} INFO - 1 downstream tasks scheduled from follow-on schedule check
[2025-12-16T10:09:54.437+0000] {local_task_job_runner.py:222} INFO - ::endgroup::
