[2025-12-15T10:02:13.129+0000] {local_task_job_runner.py:120} INFO - ::group::Pre task execution logs
[2025-12-15T10:02:13.190+0000] {taskinstance.py:2076} INFO - Dependencies all met for dep_context=non-requeueable deps ti=<TaskInstance: higiene_urbana_lisboa_etl.bronze_ine manual__2025-12-15T10:02:12.004225+00:00 [queued]>
[2025-12-15T10:02:13.204+0000] {taskinstance.py:2076} INFO - Dependencies all met for dep_context=requeueable deps ti=<TaskInstance: higiene_urbana_lisboa_etl.bronze_ine manual__2025-12-15T10:02:12.004225+00:00 [queued]>
[2025-12-15T10:02:13.204+0000] {taskinstance.py:2306} INFO - Starting attempt 1 of 2
[2025-12-15T10:02:13.227+0000] {taskinstance.py:2330} INFO - Executing <Task(BashOperator): bronze_ine> on 2025-12-15 10:02:12.004225+00:00
[2025-12-15T10:02:13.244+0000] {logging_mixin.py:188} WARNING - /home/***/.local/lib/python3.12/site-packages/***/task/task_runner/standard_task_runner.py:61 DeprecationWarning: This process (pid=540) is multi-threaded, use of fork() may lead to deadlocks in the child.
[2025-12-15T10:02:13.246+0000] {standard_task_runner.py:63} INFO - Started process 549 to run task
[2025-12-15T10:02:13.244+0000] {standard_task_runner.py:90} INFO - Running: ['***', 'tasks', 'run', 'higiene_urbana_lisboa_etl', 'bronze_ine', 'manual__2025-12-15T10:02:12.004225+00:00', '--job-id', '66', '--raw', '--subdir', 'DAGS_FOLDER/dag_higiene_lisboa.py', '--cfg-path', '/tmp/tmplo9h3wxh']
[2025-12-15T10:02:13.248+0000] {standard_task_runner.py:91} INFO - Job 66: Subtask bronze_ine
[2025-12-15T10:02:13.269+0000] {logging_mixin.py:188} WARNING - /home/***/.local/lib/python3.12/site-packages/***/settings.py:195 DeprecationWarning: The sql_alchemy_conn option in [core] has been moved to the sql_alchemy_conn option in [database] - the old setting has been used, but please update your config.
[2025-12-15T10:02:13.319+0000] {task_command.py:426} INFO - Running <TaskInstance: higiene_urbana_lisboa_etl.bronze_ine manual__2025-12-15T10:02:12.004225+00:00 [running]> on host 72bd56846f67
[2025-12-15T10:02:13.455+0000] {taskinstance.py:2648} INFO - Exporting env vars: AIRFLOW_CTX_DAG_OWNER='grupo10' AIRFLOW_CTX_DAG_ID='higiene_urbana_lisboa_etl' AIRFLOW_CTX_TASK_ID='bronze_ine' AIRFLOW_CTX_EXECUTION_DATE='2025-12-15T10:02:12.004225+00:00' AIRFLOW_CTX_TRY_NUMBER='1' AIRFLOW_CTX_DAG_RUN_ID='manual__2025-12-15T10:02:12.004225+00:00'
[2025-12-15T10:02:13.456+0000] {taskinstance.py:430} INFO - ::endgroup::
[2025-12-15T10:02:13.481+0000] {subprocess.py:63} INFO - Tmp dir root location: /tmp
[2025-12-15T10:02:13.482+0000] {subprocess.py:75} INFO - Running command: ['/usr/bin/bash', '-c', 'python ine.py']
[2025-12-15T10:02:13.503+0000] {subprocess.py:86} INFO - Output:
[2025-12-15T10:02:33.015+0000] {subprocess.py:93} INFO - --- FASE 1: Buscando municípios do Distrito de Lisboa ---
[2025-12-15T10:02:33.016+0000] {subprocess.py:93} INFO - URL: https://geoapi.pt/distrito/lisboa/municipios?json=1
[2025-12-15T10:02:33.016+0000] {subprocess.py:93} INFO - Municípios encontrados: 16
[2025-12-15T10:02:33.016+0000] {subprocess.py:93} INFO - [1/16] Processando: Alenquer...
[2025-12-15T10:02:33.017+0000] {subprocess.py:93} INFO - [2/16] Processando: Amadora...
[2025-12-15T10:02:33.017+0000] {subprocess.py:93} INFO - [3/16] Processando: Arruda Dos Vinhos...
[2025-12-15T10:02:33.017+0000] {subprocess.py:93} INFO - [4/16] Processando: Azambuja...
[2025-12-15T10:02:33.017+0000] {subprocess.py:93} INFO - [5/16] Processando: Cadaval...
[2025-12-15T10:02:33.017+0000] {subprocess.py:93} INFO - [6/16] Processando: Cascais...
[2025-12-15T10:02:33.017+0000] {subprocess.py:93} INFO - [7/16] Processando: Lisboa...
[2025-12-15T10:02:33.017+0000] {subprocess.py:93} INFO - [8/16] Processando: Loures...
[2025-12-15T10:02:33.018+0000] {subprocess.py:93} INFO - [9/16] Processando: Lourinhã...
[2025-12-15T10:02:33.018+0000] {subprocess.py:93} INFO - [10/16] Processando: Mafra...
[2025-12-15T10:02:33.018+0000] {subprocess.py:93} INFO - [11/16] Processando: Odivelas...
[2025-12-15T10:02:33.018+0000] {subprocess.py:93} INFO - [12/16] Processando: Oeiras...
[2025-12-15T10:02:33.018+0000] {subprocess.py:93} INFO - [13/16] Processando: Sintra...
[2025-12-15T10:02:33.018+0000] {subprocess.py:93} INFO - [14/16] Processando: Sobral de Monte Agraço...
[2025-12-15T10:02:33.019+0000] {subprocess.py:93} INFO - [15/16] Processando: Torres Vedras...
[2025-12-15T10:02:33.019+0000] {subprocess.py:93} INFO - [16/16] Processando: Vila Franca de Xira...
[2025-12-15T10:02:33.019+0000] {subprocess.py:93} INFO - 
[2025-12-15T10:02:33.019+0000] {subprocess.py:93} INFO - SUCESSO: 141 registros processados.
[2025-12-15T10:02:33.134+0000] {subprocess.py:97} INFO - Command exited with return code 0
[2025-12-15T10:02:33.135+0000] {taskinstance.py:441} INFO - ::group::Post task execution logs
[2025-12-15T10:02:33.170+0000] {taskinstance.py:1206} INFO - Marking task as SUCCESS. dag_id=higiene_urbana_lisboa_etl, task_id=bronze_ine, run_id=manual__2025-12-15T10:02:12.004225+00:00, execution_date=20251215T100212, start_date=20251215T100213, end_date=20251215T100233
[2025-12-15T10:02:33.215+0000] {local_task_job_runner.py:240} INFO - Task exited with return code 0
[2025-12-15T10:02:33.235+0000] {taskinstance.py:3498} INFO - 0 downstream tasks scheduled from follow-on schedule check
[2025-12-15T10:02:33.236+0000] {local_task_job_runner.py:222} INFO - ::endgroup::
