[2025-12-14T00:04:58.990+0000] {manager.py:470} INFO - Processing files using up to 2 processes at a time 
[2025-12-14T00:04:58.990+0000] {manager.py:471} INFO - Process each file at most once every 30 seconds
[2025-12-14T00:04:58.990+0000] {manager.py:472} INFO - Checking for new files in /opt/airflow/dags every 300 seconds
[2025-12-14T00:04:58.991+0000] {manager.py:737} INFO - Searching for files in /opt/airflow/dags
[2025-12-14T00:04:58.997+0000] {manager.py:740} INFO - There are 1 files in /opt/airflow/dags
[2025-12-14T00:04:59.056+0000] {manager.py:878} INFO - 
================================================================================
DAG File Processing Stats

File Path                                  PID  Runtime      # DAGs    # Errors  Last Runtime    Last Run
---------------------------------------  -----  ---------  --------  ----------  --------------  ----------
/opt/airflow/dags/dag_higiene_lisboa.py    173  0.03s             0           0
================================================================================
[2025-12-14T00:05:29.198+0000] {manager.py:878} INFO - 
================================================================================
DAG File Processing Stats

File Path                                PID    Runtime      # DAGs    # Errors  Last Runtime    Last Run
---------------------------------------  -----  ---------  --------  ----------  --------------  -------------------
/opt/airflow/dags/dag_higiene_lisboa.py                           1           0  0.33s           2025-12-14T00:04:59
================================================================================
[2025-12-14T00:05:59.641+0000] {manager.py:878} INFO - 
================================================================================
DAG File Processing Stats

File Path                                  PID  Runtime      # DAGs    # Errors  Last Runtime    Last Run
---------------------------------------  -----  ---------  --------  ----------  --------------  -------------------
/opt/airflow/dags/dag_higiene_lisboa.py    183  0.01s             1           0  0.14s           2025-12-14T00:05:29
================================================================================
[2025-12-14T00:06:29.915+0000] {manager.py:878} INFO - 
================================================================================
DAG File Processing Stats

File Path                                  PID  Runtime      # DAGs    # Errors  Last Runtime    Last Run
---------------------------------------  -----  ---------  --------  ----------  --------------  -------------------
/opt/airflow/dags/dag_higiene_lisboa.py    188  0.01s             1           0  0.16s           2025-12-14T00:05:59
================================================================================
[2025-12-14T00:07:00.078+0000] {manager.py:878} INFO - 
================================================================================
DAG File Processing Stats

File Path                                PID    Runtime      # DAGs    # Errors  Last Runtime    Last Run
---------------------------------------  -----  ---------  --------  ----------  --------------  -------------------
/opt/airflow/dags/dag_higiene_lisboa.py                           1           0  1.06s           2025-12-14T00:06:30
================================================================================
[2025-12-14T00:07:30.242+0000] {manager.py:878} INFO - 
================================================================================
DAG File Processing Stats

File Path                                PID    Runtime      # DAGs    # Errors  Last Runtime    Last Run
---------------------------------------  -----  ---------  --------  ----------  --------------  -------------------
/opt/airflow/dags/dag_higiene_lisboa.py                           1           0  0.15s           2025-12-14T00:07:01
================================================================================
[2025-12-14T00:08:00.490+0000] {manager.py:878} INFO - 
================================================================================
DAG File Processing Stats

File Path                                PID    Runtime      # DAGs    # Errors  Last Runtime    Last Run
---------------------------------------  -----  ---------  --------  ----------  --------------  -------------------
/opt/airflow/dags/dag_higiene_lisboa.py                           1           0  0.16s           2025-12-14T00:07:31
================================================================================
[2025-12-14T00:08:30.631+0000] {manager.py:878} INFO - 
================================================================================
DAG File Processing Stats

File Path                                PID    Runtime      # DAGs    # Errors  Last Runtime    Last Run
---------------------------------------  -----  ---------  --------  ----------  --------------  -------------------
/opt/airflow/dags/dag_higiene_lisboa.py                           1           0  2.60s           2025-12-14T00:08:04
================================================================================
[2025-12-14T00:09:01.372+0000] {manager.py:878} INFO - 
================================================================================
DAG File Processing Stats

File Path                                PID    Runtime      # DAGs    # Errors  Last Runtime    Last Run
---------------------------------------  -----  ---------  --------  ----------  --------------  -------------------
/opt/airflow/dags/dag_higiene_lisboa.py                           1           0  0.16s           2025-12-14T00:08:34
================================================================================
[2025-12-14T00:09:31.662+0000] {manager.py:878} INFO - 
================================================================================
DAG File Processing Stats

File Path                                PID    Runtime      # DAGs    # Errors  Last Runtime    Last Run
---------------------------------------  -----  ---------  --------  ----------  --------------  -------------------
/opt/airflow/dags/dag_higiene_lisboa.py                           1           0  0.14s           2025-12-14T00:09:04
================================================================================
[2025-12-14T00:09:59.917+0000] {manager.py:737} INFO - Searching for files in /opt/airflow/dags
[2025-12-14T00:09:59.918+0000] {manager.py:740} INFO - There are 1 files in /opt/airflow/dags
[2025-12-14T00:10:01.941+0000] {manager.py:878} INFO - 
================================================================================
DAG File Processing Stats

File Path                                PID    Runtime      # DAGs    # Errors  Last Runtime    Last Run
---------------------------------------  -----  ---------  --------  ----------  --------------  -------------------
/opt/airflow/dags/dag_higiene_lisboa.py                           1           0  0.16s           2025-12-14T00:09:34
================================================================================
[2025-12-14T00:10:32.116+0000] {manager.py:878} INFO - 
================================================================================
DAG File Processing Stats

File Path                                PID    Runtime      # DAGs    # Errors  Last Runtime    Last Run
---------------------------------------  -----  ---------  --------  ----------  --------------  -------------------
/opt/airflow/dags/dag_higiene_lisboa.py                           1           0  0.16s           2025-12-14T00:10:05
================================================================================
[2025-12-14T00:11:03.036+0000] {manager.py:878} INFO - 
================================================================================
DAG File Processing Stats

File Path                                PID    Runtime      # DAGs    # Errors  Last Runtime    Last Run
---------------------------------------  -----  ---------  --------  ----------  --------------  -------------------
/opt/airflow/dags/dag_higiene_lisboa.py                           1           0  1.66s           2025-12-14T00:10:37
================================================================================
[2025-12-14T00:11:33.189+0000] {manager.py:878} INFO - 
================================================================================
DAG File Processing Stats

File Path                                PID    Runtime      # DAGs    # Errors  Last Runtime    Last Run
---------------------------------------  -----  ---------  --------  ----------  --------------  -------------------
/opt/airflow/dags/dag_higiene_lisboa.py                           1           0  0.16s           2025-12-14T00:11:08
================================================================================
[2025-12-14T00:12:03.480+0000] {manager.py:878} INFO - 
================================================================================
DAG File Processing Stats

File Path                                PID    Runtime      # DAGs    # Errors  Last Runtime    Last Run
---------------------------------------  -----  ---------  --------  ----------  --------------  -------------------
/opt/airflow/dags/dag_higiene_lisboa.py                           1           0  0.15s           2025-12-14T00:11:38
================================================================================
[2025-12-14T00:12:33.748+0000] {manager.py:878} INFO - 
================================================================================
DAG File Processing Stats

File Path                                PID    Runtime      # DAGs    # Errors  Last Runtime    Last Run
---------------------------------------  -----  ---------  --------  ----------  --------------  -------------------
/opt/airflow/dags/dag_higiene_lisboa.py                           1           0  0.13s           2025-12-14T00:12:08
================================================================================
[2025-12-14T00:13:03.995+0000] {manager.py:878} INFO - 
================================================================================
DAG File Processing Stats

File Path                                PID    Runtime      # DAGs    # Errors  Last Runtime    Last Run
---------------------------------------  -----  ---------  --------  ----------  --------------  -------------------
/opt/airflow/dags/dag_higiene_lisboa.py                           1           0  0.14s           2025-12-14T00:12:38
================================================================================
[2025-12-14T00:13:34.141+0000] {manager.py:878} INFO - 
================================================================================
DAG File Processing Stats

File Path                                PID    Runtime      # DAGs    # Errors  Last Runtime    Last Run
---------------------------------------  -----  ---------  --------  ----------  --------------  -------------------
/opt/airflow/dags/dag_higiene_lisboa.py                           1           0  0.13s           2025-12-14T00:13:09
================================================================================
[2025-12-14T00:14:04.387+0000] {manager.py:878} INFO - 
================================================================================
DAG File Processing Stats

File Path                                PID    Runtime      # DAGs    # Errors  Last Runtime    Last Run
---------------------------------------  -----  ---------  --------  ----------  --------------  -------------------
/opt/airflow/dags/dag_higiene_lisboa.py                           1           0  0.13s           2025-12-14T00:13:39
================================================================================
[2025-12-14T00:14:34.532+0000] {manager.py:878} INFO - 
================================================================================
DAG File Processing Stats

File Path                                PID    Runtime      # DAGs    # Errors  Last Runtime    Last Run
---------------------------------------  -----  ---------  --------  ----------  --------------  -------------------
/opt/airflow/dags/dag_higiene_lisboa.py                           1           0  0.14s           2025-12-14T00:14:09
================================================================================
[2025-12-14T00:15:00.760+0000] {manager.py:737} INFO - Searching for files in /opt/airflow/dags
[2025-12-14T00:15:00.767+0000] {manager.py:740} INFO - There are 1 files in /opt/airflow/dags
[2025-12-14T00:15:04.801+0000] {manager.py:878} INFO - 
================================================================================
DAG File Processing Stats

File Path                                PID    Runtime      # DAGs    # Errors  Last Runtime    Last Run
---------------------------------------  -----  ---------  --------  ----------  --------------  -------------------
/opt/airflow/dags/dag_higiene_lisboa.py                           1           0  0.13s           2025-12-14T00:14:39
================================================================================
[2025-12-14T00:15:34.962+0000] {manager.py:878} INFO - 
================================================================================
DAG File Processing Stats

File Path                                PID    Runtime      # DAGs    # Errors  Last Runtime    Last Run
---------------------------------------  -----  ---------  --------  ----------  --------------  -------------------
/opt/airflow/dags/dag_higiene_lisboa.py                           1           0  0.15s           2025-12-14T00:15:09
================================================================================
[2025-12-14T00:16:05.237+0000] {manager.py:878} INFO - 
================================================================================
DAG File Processing Stats

File Path                                PID    Runtime      # DAGs    # Errors  Last Runtime    Last Run
---------------------------------------  -----  ---------  --------  ----------  --------------  -------------------
/opt/airflow/dags/dag_higiene_lisboa.py                           1           0  0.15s           2025-12-14T00:15:40
================================================================================
[2025-12-14T00:16:35.405+0000] {manager.py:878} INFO - 
================================================================================
DAG File Processing Stats

File Path                                PID    Runtime      # DAGs    # Errors  Last Runtime    Last Run
---------------------------------------  -----  ---------  --------  ----------  --------------  -------------------
/opt/airflow/dags/dag_higiene_lisboa.py                           1           0  0.15s           2025-12-14T00:16:10
================================================================================
[2025-12-14T00:17:05.671+0000] {manager.py:878} INFO - 
================================================================================
DAG File Processing Stats

File Path                                PID    Runtime      # DAGs    # Errors  Last Runtime    Last Run
---------------------------------------  -----  ---------  --------  ----------  --------------  -------------------
/opt/airflow/dags/dag_higiene_lisboa.py                           1           0  0.15s           2025-12-14T00:16:40
================================================================================
[2025-12-14T00:17:35.841+0000] {manager.py:878} INFO - 
================================================================================
DAG File Processing Stats

File Path                                PID    Runtime      # DAGs    # Errors  Last Runtime    Last Run
---------------------------------------  -----  ---------  --------  ----------  --------------  -------------------
/opt/airflow/dags/dag_higiene_lisboa.py                           1           0  0.16s           2025-12-14T00:17:10
================================================================================
[2025-12-14T00:18:06.122+0000] {manager.py:878} INFO - 
================================================================================
DAG File Processing Stats

File Path                                PID    Runtime      # DAGs    # Errors  Last Runtime    Last Run
---------------------------------------  -----  ---------  --------  ----------  --------------  -------------------
/opt/airflow/dags/dag_higiene_lisboa.py                           1           0  0.15s           2025-12-14T00:17:41
================================================================================
[2025-12-14T00:18:36.294+0000] {manager.py:878} INFO - 
================================================================================
DAG File Processing Stats

File Path                                PID    Runtime      # DAGs    # Errors  Last Runtime    Last Run
---------------------------------------  -----  ---------  --------  ----------  --------------  -------------------
/opt/airflow/dags/dag_higiene_lisboa.py                           1           0  0.16s           2025-12-14T00:18:11
================================================================================
[2025-12-14T00:19:06.578+0000] {manager.py:878} INFO - 
================================================================================
DAG File Processing Stats

File Path                                PID    Runtime      # DAGs    # Errors  Last Runtime    Last Run
---------------------------------------  -----  ---------  --------  ----------  --------------  -------------------
/opt/airflow/dags/dag_higiene_lisboa.py                           1           0  0.15s           2025-12-14T00:18:41
================================================================================
[2025-12-14T00:19:36.751+0000] {manager.py:878} INFO - 
================================================================================
DAG File Processing Stats

File Path                                PID    Runtime      # DAGs    # Errors  Last Runtime    Last Run
---------------------------------------  -----  ---------  --------  ----------  --------------  -------------------
/opt/airflow/dags/dag_higiene_lisboa.py                           1           0  0.16s           2025-12-14T00:19:11
================================================================================
[2025-12-14T00:20:00.998+0000] {manager.py:737} INFO - Searching for files in /opt/airflow/dags
[2025-12-14T00:20:01.000+0000] {manager.py:740} INFO - There are 1 files in /opt/airflow/dags
[2025-12-14T00:20:07.042+0000] {manager.py:878} INFO - 
================================================================================
DAG File Processing Stats

File Path                                PID    Runtime      # DAGs    # Errors  Last Runtime    Last Run
---------------------------------------  -----  ---------  --------  ----------  --------------  -------------------
/opt/airflow/dags/dag_higiene_lisboa.py                           1           0  0.16s           2025-12-14T00:19:41
================================================================================
[2025-12-14T00:20:43.028+0000] {manager.py:878} INFO - 
================================================================================
DAG File Processing Stats

File Path                                  PID  Runtime      # DAGs    # Errors  Last Runtime    Last Run
---------------------------------------  -----  ---------  --------  ----------  --------------  -------------------
/opt/airflow/dags/dag_higiene_lisboa.py    658  30.09s            1           0  0.16s           2025-12-14T00:19:41
================================================================================
[2025-12-14T00:21:13.153+0000] {manager.py:878} INFO - 
================================================================================
DAG File Processing Stats

File Path                                PID    Runtime      # DAGs    # Errors  Last Runtime    Last Run
---------------------------------------  -----  ---------  --------  ----------  --------------  -------------------
/opt/airflow/dags/dag_higiene_lisboa.py                           1           0  31.84s          2025-12-14T00:20:44
================================================================================
[2025-12-14T00:21:43.168+0000] {manager.py:878} INFO - 
================================================================================
DAG File Processing Stats

File Path                                PID    Runtime      # DAGs    # Errors  Last Runtime    Last Run
---------------------------------------  -----  ---------  --------  ----------  --------------  -------------------
/opt/airflow/dags/dag_higiene_lisboa.py                           1           0  0.14s           2025-12-14T00:21:15
================================================================================
[2025-12-14T00:22:13.316+0000] {manager.py:878} INFO - 
================================================================================
DAG File Processing Stats

File Path                                PID    Runtime      # DAGs    # Errors  Last Runtime    Last Run
---------------------------------------  -----  ---------  --------  ----------  --------------  -------------------
/opt/airflow/dags/dag_higiene_lisboa.py                           1           0  0.16s           2025-12-14T00:21:45
================================================================================
[2025-12-14T00:22:43.486+0000] {manager.py:878} INFO - 
================================================================================
DAG File Processing Stats

File Path                                PID    Runtime      # DAGs    # Errors  Last Runtime    Last Run
---------------------------------------  -----  ---------  --------  ----------  --------------  -------------------
/opt/airflow/dags/dag_higiene_lisboa.py                           1           0  0.13s           2025-12-14T00:22:15
================================================================================
[2025-12-14T00:23:13.741+0000] {manager.py:878} INFO - 
================================================================================
DAG File Processing Stats

File Path                                PID    Runtime      # DAGs    # Errors  Last Runtime    Last Run
---------------------------------------  -----  ---------  --------  ----------  --------------  -------------------
/opt/airflow/dags/dag_higiene_lisboa.py                           1           0  0.15s           2025-12-14T00:22:45
================================================================================
[2025-12-14T00:23:43.911+0000] {manager.py:878} INFO - 
================================================================================
DAG File Processing Stats

File Path                                PID    Runtime      # DAGs    # Errors  Last Runtime    Last Run
---------------------------------------  -----  ---------  --------  ----------  --------------  -------------------
/opt/airflow/dags/dag_higiene_lisboa.py                           1           0  0.15s           2025-12-14T00:23:15
================================================================================
[2025-12-14T00:24:14.172+0000] {manager.py:878} INFO - 
================================================================================
DAG File Processing Stats

File Path                                PID    Runtime      # DAGs    # Errors  Last Runtime    Last Run
---------------------------------------  -----  ---------  --------  ----------  --------------  -------------------
/opt/airflow/dags/dag_higiene_lisboa.py                           1           0  0.15s           2025-12-14T00:23:46
================================================================================
[2025-12-14T00:24:44.342+0000] {manager.py:878} INFO - 
================================================================================
DAG File Processing Stats

File Path                                PID    Runtime      # DAGs    # Errors  Last Runtime    Last Run
---------------------------------------  -----  ---------  --------  ----------  --------------  -------------------
/opt/airflow/dags/dag_higiene_lisboa.py                           1           0  0.16s           2025-12-14T00:24:16
================================================================================
[2025-12-14T00:25:01.549+0000] {manager.py:737} INFO - Searching for files in /opt/airflow/dags
[2025-12-14T00:25:01.551+0000] {manager.py:740} INFO - There are 1 files in /opt/airflow/dags
[2025-12-14T00:25:14.627+0000] {manager.py:878} INFO - 
================================================================================
DAG File Processing Stats

File Path                                PID    Runtime      # DAGs    # Errors  Last Runtime    Last Run
---------------------------------------  -----  ---------  --------  ----------  --------------  -------------------
/opt/airflow/dags/dag_higiene_lisboa.py                           1           0  0.15s           2025-12-14T00:24:46
================================================================================
