[2025-12-14T13:44:33.542+0000] {local_task_job_runner.py:120} INFO - ::group::Pre task execution logs
[2025-12-14T13:44:33.576+0000] {taskinstance.py:2076} INFO - Dependencies all met for dep_context=non-requeueable deps ti=<TaskInstance: higiene_urbana_lisboa_etl.bronze_geoapi manual__2025-12-14T13:44:32.424090+00:00 [queued]>
[2025-12-14T13:44:33.585+0000] {taskinstance.py:2076} INFO - Dependencies all met for dep_context=requeueable deps ti=<TaskInstance: higiene_urbana_lisboa_etl.bronze_geoapi manual__2025-12-14T13:44:32.424090+00:00 [queued]>
[2025-12-14T13:44:33.586+0000] {taskinstance.py:2306} INFO - Starting attempt 1 of 2
[2025-12-14T13:44:33.599+0000] {taskinstance.py:2330} INFO - Executing <Task(BashOperator): bronze_geoapi> on 2025-12-14 13:44:32.424090+00:00
[2025-12-14T13:44:33.612+0000] {logging_mixin.py:188} WARNING - /home/***/.local/lib/python3.12/site-packages/***/task/task_runner/standard_task_runner.py:61 DeprecationWarning: This process (pid=194) is multi-threaded, use of fork() may lead to deadlocks in the child.
[2025-12-14T13:44:33.613+0000] {standard_task_runner.py:63} INFO - Started process 203 to run task
[2025-12-14T13:44:33.613+0000] {standard_task_runner.py:90} INFO - Running: ['***', 'tasks', 'run', 'higiene_urbana_lisboa_etl', 'bronze_geoapi', 'manual__2025-12-14T13:44:32.424090+00:00', '--job-id', '28', '--raw', '--subdir', 'DAGS_FOLDER/dag_higiene_lisboa.py', '--cfg-path', '/tmp/tmpnksn6v_6']
[2025-12-14T13:44:33.616+0000] {standard_task_runner.py:91} INFO - Job 28: Subtask bronze_geoapi
[2025-12-14T13:44:33.632+0000] {logging_mixin.py:188} WARNING - /home/***/.local/lib/python3.12/site-packages/***/settings.py:195 DeprecationWarning: The sql_alchemy_conn option in [core] has been moved to the sql_alchemy_conn option in [database] - the old setting has been used, but please update your config.
[2025-12-14T13:44:33.669+0000] {task_command.py:426} INFO - Running <TaskInstance: higiene_urbana_lisboa_etl.bronze_geoapi manual__2025-12-14T13:44:32.424090+00:00 [running]> on host 0c779bd56b36
[2025-12-14T13:44:33.758+0000] {taskinstance.py:2648} INFO - Exporting env vars: AIRFLOW_CTX_DAG_OWNER='grupo10' AIRFLOW_CTX_DAG_ID='higiene_urbana_lisboa_etl' AIRFLOW_CTX_TASK_ID='bronze_geoapi' AIRFLOW_CTX_EXECUTION_DATE='2025-12-14T13:44:32.424090+00:00' AIRFLOW_CTX_TRY_NUMBER='1' AIRFLOW_CTX_DAG_RUN_ID='manual__2025-12-14T13:44:32.424090+00:00'
[2025-12-14T13:44:33.759+0000] {taskinstance.py:430} INFO - ::endgroup::
[2025-12-14T13:44:33.773+0000] {subprocess.py:63} INFO - Tmp dir root location: /tmp
[2025-12-14T13:44:33.773+0000] {subprocess.py:75} INFO - Running command: ['/usr/bin/bash', '-c', 'python geoapi_freguesias.py']
[2025-12-14T13:44:33.788+0000] {subprocess.py:86} INFO - Output:
[2025-12-14T13:44:35.654+0000] {subprocess.py:93} INFO - --- FASE 1: Buscando municípios do Distrito de Lisboa ---
[2025-12-14T13:44:35.654+0000] {subprocess.py:93} INFO - URL: https://geoapi.pt/distrito/lisboa/municipios?json=1
[2025-12-14T13:44:35.655+0000] {subprocess.py:93} INFO - Erro crítico: 429 Client Error: Too Many Requests for url: https://geoapi.pt/distrito/lisboa/municipios?json=1
[2025-12-14T13:44:35.763+0000] {subprocess.py:97} INFO - Command exited with return code 0
[2025-12-14T13:44:35.763+0000] {taskinstance.py:441} INFO - ::group::Post task execution logs
[2025-12-14T13:44:35.785+0000] {taskinstance.py:1206} INFO - Marking task as SUCCESS. dag_id=higiene_urbana_lisboa_etl, task_id=bronze_geoapi, run_id=manual__2025-12-14T13:44:32.424090+00:00, execution_date=20251214T134432, start_date=20251214T134433, end_date=20251214T134435
[2025-12-14T13:44:35.815+0000] {local_task_job_runner.py:240} INFO - Task exited with return code 0
[2025-12-14T13:44:35.838+0000] {taskinstance.py:3498} INFO - 0 downstream tasks scheduled from follow-on schedule check
[2025-12-14T13:44:35.839+0000] {local_task_job_runner.py:222} INFO - ::endgroup::
