[2025-12-15T10:43:44.694+0000] {local_task_job_runner.py:120} INFO - ::group::Pre task execution logs
[2025-12-15T10:43:44.733+0000] {taskinstance.py:2076} INFO - Dependencies all met for dep_context=non-requeueable deps ti=<TaskInstance: higiene_urbana_lisboa_etl.silver_transformation manual__2025-12-15T10:42:09.264240+00:00 [queued]>
[2025-12-15T10:43:44.743+0000] {taskinstance.py:2076} INFO - Dependencies all met for dep_context=requeueable deps ti=<TaskInstance: higiene_urbana_lisboa_etl.silver_transformation manual__2025-12-15T10:42:09.264240+00:00 [queued]>
[2025-12-15T10:43:44.744+0000] {taskinstance.py:2306} INFO - Starting attempt 1 of 2
[2025-12-15T10:43:44.759+0000] {taskinstance.py:2330} INFO - Executing <Task(BashOperator): silver_transformation> on 2025-12-15 10:42:09.264240+00:00
[2025-12-15T10:43:44.770+0000] {logging_mixin.py:188} WARNING - /home/***/.local/lib/python3.12/site-packages/***/task/task_runner/standard_task_runner.py:61 DeprecationWarning: This process (pid=550) is multi-threaded, use of fork() may lead to deadlocks in the child.
[2025-12-15T10:43:44.771+0000] {standard_task_runner.py:63} INFO - Started process 551 to run task
[2025-12-15T10:43:44.770+0000] {standard_task_runner.py:90} INFO - Running: ['***', 'tasks', 'run', 'higiene_urbana_lisboa_etl', 'silver_transformation', 'manual__2025-12-15T10:42:09.264240+00:00', '--job-id', '93', '--raw', '--subdir', 'DAGS_FOLDER/dag_higiene_lisboa.py', '--cfg-path', '/tmp/tmpzjgjb98y']
[2025-12-15T10:43:44.772+0000] {standard_task_runner.py:91} INFO - Job 93: Subtask silver_transformation
[2025-12-15T10:43:44.787+0000] {logging_mixin.py:188} WARNING - /home/***/.local/lib/python3.12/site-packages/***/settings.py:195 DeprecationWarning: The sql_alchemy_conn option in [core] has been moved to the sql_alchemy_conn option in [database] - the old setting has been used, but please update your config.
[2025-12-15T10:43:44.829+0000] {task_command.py:426} INFO - Running <TaskInstance: higiene_urbana_lisboa_etl.silver_transformation manual__2025-12-15T10:42:09.264240+00:00 [running]> on host 8216b447db0d
[2025-12-15T10:43:44.935+0000] {taskinstance.py:2648} INFO - Exporting env vars: AIRFLOW_CTX_DAG_OWNER='grupo10' AIRFLOW_CTX_DAG_ID='higiene_urbana_lisboa_etl' AIRFLOW_CTX_TASK_ID='silver_transformation' AIRFLOW_CTX_EXECUTION_DATE='2025-12-15T10:42:09.264240+00:00' AIRFLOW_CTX_TRY_NUMBER='1' AIRFLOW_CTX_DAG_RUN_ID='manual__2025-12-15T10:42:09.264240+00:00'
[2025-12-15T10:43:44.936+0000] {taskinstance.py:430} INFO - ::endgroup::
[2025-12-15T10:43:45.040+0000] {subprocess.py:63} INFO - Tmp dir root location: /tmp
[2025-12-15T10:43:45.041+0000] {subprocess.py:75} INFO - Running command: ['/usr/bin/bash', '-c', 'python etl_silver.py']
[2025-12-15T10:43:45.058+0000] {subprocess.py:86} INFO - Output:
[2025-12-15T10:43:49.196+0000] {subprocess.py:93} INFO - --- INICIANDO PROCESSAMENTO CAMADA PRATA (VIA MINIO/S3) ---
[2025-12-15T10:43:49.197+0000] {subprocess.py:93} INFO - Processando: Dimensão Geografia...
[2025-12-15T10:43:49.197+0000] {subprocess.py:93} INFO -  -> Tabela 'silver_dim_geografia' criada.
[2025-12-15T10:43:49.198+0000] {subprocess.py:93} INFO - Processando: Ocorrências...
[2025-12-15T10:43:49.198+0000] {subprocess.py:93} INFO -  -> Tabela 'silver_fact_ocorrencias' criada.
[2025-12-15T10:43:49.199+0000] {subprocess.py:93} INFO - Processando: Ecopontos CML...
[2025-12-15T10:43:49.199+0000] {subprocess.py:93} INFO - Traceback (most recent call last):
[2025-12-15T10:43:49.199+0000] {subprocess.py:93} INFO -   File "/opt/***/codigos/prepared/etl_silver.py", line 105, in <module>
[2025-12-15T10:43:49.199+0000] {subprocess.py:93} INFO -     con.execute(f"""
[2025-12-15T10:43:49.200+0000] {subprocess.py:93} INFO - _duckdb.HTTPException: HTTP Error: Unable to connect to URL "http://minio:9000/bronze/ecopontos_cml.csv": 404 (Not Found).
[2025-12-15T10:43:49.200+0000] {subprocess.py:93} INFO - 
[2025-12-15T10:43:49.200+0000] {subprocess.py:93} INFO - LINE 13:     FROM read_csv_auto('s3://bronze/ecopontos_cml.csv') e
[2025-12-15T10:43:49.200+0000] {subprocess.py:93} INFO -                   ^
[2025-12-15T10:43:50.010+0000] {subprocess.py:97} INFO - Command exited with return code 1
[2025-12-15T10:43:50.011+0000] {taskinstance.py:441} INFO - ::group::Post task execution logs
[2025-12-15T10:43:50.025+0000] {taskinstance.py:2905} ERROR - Task failed with exception
Traceback (most recent call last):
  File "/home/airflow/.local/lib/python3.12/site-packages/airflow/models/taskinstance.py", line 465, in _execute_task
    result = _execute_callable(context=context, **execute_callable_kwargs)
             ^^^^^^^^^^^^^^^^^^^^^^^^^^^^^^^^^^^^^^^^^^^^^^^^^^^^^^^^^^^^^
  File "/home/airflow/.local/lib/python3.12/site-packages/airflow/models/taskinstance.py", line 432, in _execute_callable
    return execute_callable(context=context, **execute_callable_kwargs)
           ^^^^^^^^^^^^^^^^^^^^^^^^^^^^^^^^^^^^^^^^^^^^^^^^^^^^^^^^^^^^
  File "/home/airflow/.local/lib/python3.12/site-packages/airflow/models/baseoperator.py", line 400, in wrapper
    return func(self, *args, **kwargs)
           ^^^^^^^^^^^^^^^^^^^^^^^^^^^
  File "/home/airflow/.local/lib/python3.12/site-packages/airflow/operators/bash.py", line 243, in execute
    raise AirflowException(
airflow.exceptions.AirflowException: Bash command failed. The command returned a non-zero exit code 1.
[2025-12-15T10:43:50.030+0000] {taskinstance.py:1206} INFO - Marking task as UP_FOR_RETRY. dag_id=higiene_urbana_lisboa_etl, task_id=silver_transformation, run_id=manual__2025-12-15T10:42:09.264240+00:00, execution_date=20251215T104209, start_date=20251215T104344, end_date=20251215T104350
[2025-12-15T10:43:50.047+0000] {standard_task_runner.py:110} ERROR - Failed to execute job 93 for task silver_transformation (Bash command failed. The command returned a non-zero exit code 1.; 551)
[2025-12-15T10:43:50.095+0000] {local_task_job_runner.py:240} INFO - Task exited with return code 1
[2025-12-15T10:43:50.120+0000] {taskinstance.py:3498} INFO - 0 downstream tasks scheduled from follow-on schedule check
[2025-12-15T10:43:50.122+0000] {local_task_job_runner.py:222} INFO - ::endgroup::
