[2025-12-16T09:37:23.441+0000] {local_task_job_runner.py:120} INFO - ::group::Pre task execution logs
[2025-12-16T09:37:23.487+0000] {taskinstance.py:2076} INFO - Dependencies all met for dep_context=non-requeueable deps ti=<TaskInstance: higiene_urbana_lisboa_etl.bronze_osm manual__2025-12-16T09:37:22.190296+00:00 [queued]>
[2025-12-16T09:37:23.498+0000] {taskinstance.py:2076} INFO - Dependencies all met for dep_context=requeueable deps ti=<TaskInstance: higiene_urbana_lisboa_etl.bronze_osm manual__2025-12-16T09:37:22.190296+00:00 [queued]>
[2025-12-16T09:37:23.498+0000] {taskinstance.py:2306} INFO - Starting attempt 1 of 2
[2025-12-16T09:37:23.512+0000] {taskinstance.py:2330} INFO - Executing <Task(BashOperator): bronze_osm> on 2025-12-16 09:37:22.190296+00:00
[2025-12-16T09:37:23.528+0000] {logging_mixin.py:188} WARNING - /home/***/.local/lib/python3.12/site-packages/***/task/task_runner/standard_task_runner.py:61 DeprecationWarning: This process (pid=425) is multi-threaded, use of fork() may lead to deadlocks in the child.
[2025-12-16T09:37:23.530+0000] {standard_task_runner.py:63} INFO - Started process 431 to run task
[2025-12-16T09:37:23.528+0000] {standard_task_runner.py:90} INFO - Running: ['***', 'tasks', 'run', 'higiene_urbana_lisboa_etl', 'bronze_osm', 'manual__2025-12-16T09:37:22.190296+00:00', '--job-id', '111', '--raw', '--subdir', 'DAGS_FOLDER/dag_higiene_lisboa.py', '--cfg-path', '/tmp/tmp7rdfltsz']
[2025-12-16T09:37:23.531+0000] {standard_task_runner.py:91} INFO - Job 111: Subtask bronze_osm
[2025-12-16T09:37:23.556+0000] {logging_mixin.py:188} WARNING - /home/***/.local/lib/python3.12/site-packages/***/settings.py:195 DeprecationWarning: The sql_alchemy_conn option in [core] has been moved to the sql_alchemy_conn option in [database] - the old setting has been used, but please update your config.
[2025-12-16T09:37:23.611+0000] {task_command.py:426} INFO - Running <TaskInstance: higiene_urbana_lisboa_etl.bronze_osm manual__2025-12-16T09:37:22.190296+00:00 [running]> on host 8216b447db0d
[2025-12-16T09:37:23.729+0000] {taskinstance.py:2648} INFO - Exporting env vars: AIRFLOW_CTX_DAG_OWNER='grupo10' AIRFLOW_CTX_DAG_ID='higiene_urbana_lisboa_etl' AIRFLOW_CTX_TASK_ID='bronze_osm' AIRFLOW_CTX_EXECUTION_DATE='2025-12-16T09:37:22.190296+00:00' AIRFLOW_CTX_TRY_NUMBER='1' AIRFLOW_CTX_DAG_RUN_ID='manual__2025-12-16T09:37:22.190296+00:00'
[2025-12-16T09:37:23.730+0000] {taskinstance.py:430} INFO - ::endgroup::
[2025-12-16T09:37:23.746+0000] {subprocess.py:63} INFO - Tmp dir root location: /tmp
[2025-12-16T09:37:23.746+0000] {subprocess.py:75} INFO - Running command: ['/usr/bin/bash', '-c', 'python open_street_map.py']
[2025-12-16T09:37:23.762+0000] {subprocess.py:86} INFO - Output:
[2025-12-16T09:37:26.104+0000] {subprocess.py:93} INFO - Salvando no MinIO (s3://bronze/osm_ecopontos.csv)...
[2025-12-16T09:37:26.104+0000] {subprocess.py:93} INFO - Upload concluído com sucesso!
[2025-12-16T09:37:26.447+0000] {subprocess.py:97} INFO - Command exited with return code 0
[2025-12-16T09:37:26.448+0000] {taskinstance.py:441} INFO - ::group::Post task execution logs
[2025-12-16T09:37:26.483+0000] {taskinstance.py:1206} INFO - Marking task as SUCCESS. dag_id=higiene_urbana_lisboa_etl, task_id=bronze_osm, run_id=manual__2025-12-16T09:37:22.190296+00:00, execution_date=20251216T093722, start_date=20251216T093723, end_date=20251216T093726
[2025-12-16T09:37:26.523+0000] {local_task_job_runner.py:240} INFO - Task exited with return code 0
[2025-12-16T09:37:26.536+0000] {local_task_job_runner.py:222} INFO - ::endgroup::
