[2025-12-14T00:10:06.303+0000] {local_task_job_runner.py:120} INFO - ::group::Pre task execution logs
[2025-12-14T00:10:06.371+0000] {taskinstance.py:2076} INFO - Dependencies all met for dep_context=non-requeueable deps ti=<TaskInstance: higiene_urbana_lisboa_etl.bronze_geoapi scheduled__2025-12-13T00:00:00+00:00 [queued]>
[2025-12-14T00:10:06.391+0000] {taskinstance.py:2076} INFO - Dependencies all met for dep_context=requeueable deps ti=<TaskInstance: higiene_urbana_lisboa_etl.bronze_geoapi scheduled__2025-12-13T00:00:00+00:00 [queued]>
[2025-12-14T00:10:06.392+0000] {taskinstance.py:2306} INFO - Starting attempt 1 of 2
[2025-12-14T00:10:06.419+0000] {taskinstance.py:2330} INFO - Executing <Task(BashOperator): bronze_geoapi> on 2025-12-13 00:00:00+00:00
[2025-12-14T00:10:06.447+0000] {standard_task_runner.py:90} INFO - Running: ['***', 'tasks', 'run', 'higiene_urbana_lisboa_etl', 'bronze_geoapi', 'scheduled__2025-12-13T00:00:00+00:00', '--job-id', '10', '--raw', '--subdir', 'DAGS_FOLDER/dag_higiene_lisboa.py', '--cfg-path', '/tmp/tmpwvw6bivs']
[2025-12-14T00:10:06.453+0000] {standard_task_runner.py:91} INFO - Job 10: Subtask bronze_geoapi
[2025-12-14T00:10:06.453+0000] {logging_mixin.py:188} WARNING - /home/***/.local/lib/python3.12/site-packages/***/task/task_runner/standard_task_runner.py:61 DeprecationWarning: This process (pid=229) is multi-threaded, use of fork() may lead to deadlocks in the child.
[2025-12-14T00:10:06.456+0000] {standard_task_runner.py:63} INFO - Started process 243 to run task
[2025-12-14T00:10:06.492+0000] {logging_mixin.py:188} WARNING - /home/***/.local/lib/python3.12/site-packages/***/settings.py:195 DeprecationWarning: The sql_alchemy_conn option in [core] has been moved to the sql_alchemy_conn option in [database] - the old setting has been used, but please update your config.
[2025-12-14T00:10:06.590+0000] {task_command.py:426} INFO - Running <TaskInstance: higiene_urbana_lisboa_etl.bronze_geoapi scheduled__2025-12-13T00:00:00+00:00 [running]> on host 0c779bd56b36
[2025-12-14T00:10:06.726+0000] {taskinstance.py:2648} INFO - Exporting env vars: AIRFLOW_CTX_DAG_OWNER='grupo10' AIRFLOW_CTX_DAG_ID='higiene_urbana_lisboa_etl' AIRFLOW_CTX_TASK_ID='bronze_geoapi' AIRFLOW_CTX_EXECUTION_DATE='2025-12-13T00:00:00+00:00' AIRFLOW_CTX_TRY_NUMBER='1' AIRFLOW_CTX_DAG_RUN_ID='scheduled__2025-12-13T00:00:00+00:00'
[2025-12-14T00:10:06.727+0000] {taskinstance.py:430} INFO - ::endgroup::
[2025-12-14T00:10:06.778+0000] {subprocess.py:63} INFO - Tmp dir root location: /tmp
[2025-12-14T00:10:06.779+0000] {subprocess.py:75} INFO - Running command: ['/usr/bin/bash', '-c', 'python geoapi_freguesias.py']
[2025-12-14T00:10:06.799+0000] {subprocess.py:86} INFO - Output:
[2025-12-14T00:10:45.327+0000] {subprocess.py:93} INFO - --- FASE 1: Buscando municípios do Distrito de Lisboa ---
[2025-12-14T00:10:45.342+0000] {subprocess.py:93} INFO - URL: https://geoapi.pt/distrito/lisboa/municipios?json=1
[2025-12-14T00:10:45.343+0000] {subprocess.py:93} INFO - Municípios encontrados: 16
[2025-12-14T00:10:45.343+0000] {subprocess.py:93} INFO - [1/16] Processando: Alenquer...
[2025-12-14T00:10:45.344+0000] {subprocess.py:93} INFO - [2/16] Processando: Amadora...
[2025-12-14T00:10:45.344+0000] {subprocess.py:93} INFO - [3/16] Processando: Arruda Dos Vinhos...
[2025-12-14T00:10:45.344+0000] {subprocess.py:93} INFO - [4/16] Processando: Azambuja...
[2025-12-14T00:10:45.344+0000] {subprocess.py:93} INFO - [5/16] Processando: Cadaval...
[2025-12-14T00:10:45.344+0000] {subprocess.py:93} INFO - [6/16] Processando: Cascais...
[2025-12-14T00:10:45.345+0000] {subprocess.py:93} INFO - [7/16] Processando: Lisboa...
[2025-12-14T00:10:45.345+0000] {subprocess.py:93} INFO - [8/16] Processando: Loures...
[2025-12-14T00:10:45.345+0000] {subprocess.py:93} INFO - [9/16] Processando: Lourinhã...
[2025-12-14T00:10:45.345+0000] {subprocess.py:93} INFO - [10/16] Processando: Mafra...
[2025-12-14T00:10:45.345+0000] {subprocess.py:93} INFO - [11/16] Processando: Odivelas...
[2025-12-14T00:10:45.345+0000] {subprocess.py:93} INFO - [12/16] Processando: Oeiras...
[2025-12-14T00:10:45.346+0000] {subprocess.py:93} INFO - [13/16] Processando: Sintra...
[2025-12-14T00:10:45.346+0000] {subprocess.py:93} INFO - [14/16] Processando: Sobral de Monte Agraço...
[2025-12-14T00:10:45.346+0000] {subprocess.py:93} INFO - [15/16] Processando: Torres Vedras...
[2025-12-14T00:10:45.346+0000] {subprocess.py:93} INFO - [16/16] Processando: Vila Franca de Xira...
[2025-12-14T00:10:45.346+0000] {subprocess.py:93} INFO - 
[2025-12-14T00:10:45.346+0000] {subprocess.py:93} INFO - SUCESSO: 141 registros processados.
[2025-12-14T00:10:45.346+0000] {subprocess.py:93} INFO - Arquivo salvo em: ../../dados/bronze/geoapi_distrito_lisboa.csv
[2025-12-14T00:10:45.535+0000] {subprocess.py:97} INFO - Command exited with return code 0
[2025-12-14T00:10:45.535+0000] {taskinstance.py:441} INFO - ::group::Post task execution logs
[2025-12-14T00:10:45.572+0000] {taskinstance.py:1206} INFO - Marking task as SUCCESS. dag_id=higiene_urbana_lisboa_etl, task_id=bronze_geoapi, run_id=scheduled__2025-12-13T00:00:00+00:00, execution_date=20251213T000000, start_date=20251214T001006, end_date=20251214T001045
[2025-12-14T00:10:45.620+0000] {local_task_job_runner.py:240} INFO - Task exited with return code 0
[2025-12-14T00:10:45.655+0000] {taskinstance.py:3498} INFO - 0 downstream tasks scheduled from follow-on schedule check
[2025-12-14T00:10:45.657+0000] {local_task_job_runner.py:222} INFO - ::endgroup::
