[2025-12-15T10:37:58.990+0000] {local_task_job_runner.py:120} INFO - ::group::Pre task execution logs
[2025-12-15T10:37:59.049+0000] {taskinstance.py:2076} INFO - Dependencies all met for dep_context=non-requeueable deps ti=<TaskInstance: higiene_urbana_lisboa_etl.bronze_geoapi manual__2025-12-15T10:37:58.476204+00:00 [queued]>
[2025-12-15T10:37:59.067+0000] {taskinstance.py:2076} INFO - Dependencies all met for dep_context=requeueable deps ti=<TaskInstance: higiene_urbana_lisboa_etl.bronze_geoapi manual__2025-12-15T10:37:58.476204+00:00 [queued]>
[2025-12-15T10:37:59.068+0000] {taskinstance.py:2306} INFO - Starting attempt 1 of 2
[2025-12-15T10:37:59.100+0000] {taskinstance.py:2330} INFO - Executing <Task(BashOperator): bronze_geoapi> on 2025-12-15 10:37:58.476204+00:00
[2025-12-15T10:37:59.120+0000] {logging_mixin.py:188} WARNING - /home/***/.local/lib/python3.12/site-packages/***/task/task_runner/standard_task_runner.py:61 DeprecationWarning: This process (pid=189) is multi-threaded, use of fork() may lead to deadlocks in the child.
[2025-12-15T10:37:59.120+0000] {standard_task_runner.py:90} INFO - Running: ['***', 'tasks', 'run', 'higiene_urbana_lisboa_etl', 'bronze_geoapi', 'manual__2025-12-15T10:37:58.476204+00:00', '--job-id', '80', '--raw', '--subdir', 'DAGS_FOLDER/dag_higiene_lisboa.py', '--cfg-path', '/tmp/tmp_mh6i7vd']
[2025-12-15T10:37:59.124+0000] {standard_task_runner.py:91} INFO - Job 80: Subtask bronze_geoapi
[2025-12-15T10:37:59.124+0000] {standard_task_runner.py:63} INFO - Started process 195 to run task
[2025-12-15T10:37:59.155+0000] {logging_mixin.py:188} WARNING - /home/***/.local/lib/python3.12/site-packages/***/settings.py:195 DeprecationWarning: The sql_alchemy_conn option in [core] has been moved to the sql_alchemy_conn option in [database] - the old setting has been used, but please update your config.
[2025-12-15T10:37:59.244+0000] {task_command.py:426} INFO - Running <TaskInstance: higiene_urbana_lisboa_etl.bronze_geoapi manual__2025-12-15T10:37:58.476204+00:00 [running]> on host 8216b447db0d
[2025-12-15T10:37:59.424+0000] {taskinstance.py:2648} INFO - Exporting env vars: AIRFLOW_CTX_DAG_OWNER='grupo10' AIRFLOW_CTX_DAG_ID='higiene_urbana_lisboa_etl' AIRFLOW_CTX_TASK_ID='bronze_geoapi' AIRFLOW_CTX_EXECUTION_DATE='2025-12-15T10:37:58.476204+00:00' AIRFLOW_CTX_TRY_NUMBER='1' AIRFLOW_CTX_DAG_RUN_ID='manual__2025-12-15T10:37:58.476204+00:00'
[2025-12-15T10:37:59.426+0000] {taskinstance.py:430} INFO - ::endgroup::
[2025-12-15T10:37:59.479+0000] {subprocess.py:63} INFO - Tmp dir root location: /tmp
[2025-12-15T10:37:59.479+0000] {subprocess.py:75} INFO - Running command: ['/usr/bin/bash', '-c', 'python geoapi_freguesias.py']
[2025-12-15T10:37:59.506+0000] {subprocess.py:86} INFO - Output:
[2025-12-15T10:38:02.717+0000] {subprocess.py:93} INFO - Salvando no MinIO (s3://bronze/geoapi_distrito_lisboa.csv)...
[2025-12-15T10:38:02.718+0000] {subprocess.py:93} INFO - Upload concluído com sucesso!
[2025-12-15T10:38:03.053+0000] {subprocess.py:97} INFO - Command exited with return code 0
[2025-12-15T10:38:03.054+0000] {taskinstance.py:441} INFO - ::group::Post task execution logs
[2025-12-15T10:38:03.085+0000] {taskinstance.py:1206} INFO - Marking task as SUCCESS. dag_id=higiene_urbana_lisboa_etl, task_id=bronze_geoapi, run_id=manual__2025-12-15T10:37:58.476204+00:00, execution_date=20251215T103758, start_date=20251215T103759, end_date=20251215T103803
[2025-12-15T10:38:03.126+0000] {local_task_job_runner.py:240} INFO - Task exited with return code 0
[2025-12-15T10:38:03.157+0000] {taskinstance.py:3498} INFO - 0 downstream tasks scheduled from follow-on schedule check
[2025-12-15T10:38:03.159+0000] {local_task_job_runner.py:222} INFO - ::endgroup::
